Copyright 1986-2022 Xilinx, Inc. All Rights Reserved. Copyright 2022-2023 Advanced Micro Devices, Inc. All Rights Reserved.
----------------------------------------------------------------------------------------------------------------------------------------------------------------------
| Tool Version     : Vivado v.2023.2 (win64) Build 4029153 Fri Oct 13 20:14:34 MDT 2023
| Date             : Sun Nov 19 07:36:24 2023
| Host             : ta4ka running 64-bit major release  (build 9200)
| Command          : report_power -file hdmi_out_wrapper_power_routed.rpt -pb hdmi_out_wrapper_power_summary_routed.pb -rpx hdmi_out_wrapper_power_routed.rpx
| Design           : hdmi_out_wrapper
| Device           : xc7z010clg400-1
| Design State     : routed
| Grade            : commercial
| Process          : typical
| Characterization : Production
----------------------------------------------------------------------------------------------------------------------------------------------------------------------

Power Report

Table of Contents
-----------------
1. Summary
1.1 On-Chip Components
1.2 Power Supply Summary
1.3 Confidence Level
2. Settings
2.1 Environment
2.2 Clock Constraints
3. Detailed Reports
3.1 By Hierarchy

1. Summary
----------

+--------------------------+--------------+
| Total On-Chip Power (W)  | 2.012        |
| Design Power Budget (W)  | Unspecified* |
| Power Budget Margin (W)  | NA           |
| Dynamic (W)              | 1.881        |
| Device Static (W)        | 0.131        |
| Effective TJA (C/W)      | 11.5         |
| Max Ambient (C)          | 61.8         |
| Junction Temperature (C) | 48.2         |
| Confidence Level         | Low          |
| Setting File             | ---          |
| Simulation Activity File | ---          |
| Design Nets Matched      | NA           |
+--------------------------+--------------+
* Specify Design Power Budget using, set_operating_conditions -design_power_budget <value in Watts>


1.1 On-Chip Components
----------------------

+--------------------------+-----------+----------+-----------+-----------------+
| On-Chip                  | Power (W) | Used     | Available | Utilization (%) |
+--------------------------+-----------+----------+-----------+-----------------+
| Clocks                   |     0.040 |        8 |       --- |             --- |
| Slice Logic              |     0.007 |    16529 |       --- |             --- |
|   LUT as Logic           |     0.006 |     4785 |     17600 |           27.19 |
|   Register               |    <0.001 |     9150 |     35200 |           25.99 |
|   CARRY4                 |    <0.001 |      216 |      4400 |            4.91 |
|   F7/F8 Muxes            |    <0.001 |      152 |     17600 |            0.86 |
|   LUT as Distributed RAM |    <0.001 |       64 |      6000 |            1.07 |
|   LUT as Shift Register  |    <0.001 |      247 |      6000 |            4.12 |
|   Others                 |     0.000 |      795 |       --- |             --- |
| Signals                  |     0.012 |    12311 |       --- |             --- |
| Block RAM                |     0.005 |        9 |        60 |           15.00 |
| MMCM                     |     0.107 |        1 |         2 |           50.00 |
| I/O                      |     0.147 |       26 |       100 |           26.00 |
| PS7                      |     1.562 |        1 |       --- |             --- |
| Static Power             |     0.131 |          |           |                 |
| Total                    |     2.012 |          |           |                 |
+--------------------------+-----------+----------+-----------+-----------------+


1.2 Power Supply Summary
------------------------

+-----------+-------------+-----------+-------------+------------+-------------+-------------+------------+
| Source    | Voltage (V) | Total (A) | Dynamic (A) | Static (A) | Powerup (A) | Budget (A)  | Margin (A) |
+-----------+-------------+-----------+-------------+------------+-------------+-------------+------------+
| Vccint    |       1.000 |     0.076 |       0.067 |      0.008 |       NA    | Unspecified | NA         |
| Vccaux    |       1.800 |     0.068 |       0.059 |      0.009 |       NA    | Unspecified | NA         |
| Vcco33    |       3.300 |     0.045 |       0.044 |      0.001 |       NA    | Unspecified | NA         |
| Vcco25    |       2.500 |     0.000 |       0.000 |      0.000 |       NA    | Unspecified | NA         |
| Vcco18    |       1.800 |     0.000 |       0.000 |      0.000 |       NA    | Unspecified | NA         |
| Vcco15    |       1.500 |     0.000 |       0.000 |      0.000 |       NA    | Unspecified | NA         |
| Vcco135   |       1.350 |     0.000 |       0.000 |      0.000 |       NA    | Unspecified | NA         |
| Vcco12    |       1.200 |     0.000 |       0.000 |      0.000 |       NA    | Unspecified | NA         |
| Vccaux_io |       1.800 |     0.000 |       0.000 |      0.000 |       NA    | Unspecified | NA         |
| Vccbram   |       1.000 |     0.001 |       0.000 |      0.001 |       NA    | Unspecified | NA         |
| MGTAVcc   |       1.000 |     0.000 |       0.000 |      0.000 |       NA    | Unspecified | NA         |
| MGTAVtt   |       1.200 |     0.000 |       0.000 |      0.000 |       NA    | Unspecified | NA         |
| MGTVccaux |       1.800 |     0.000 |       0.000 |      0.000 |       NA    | Unspecified | NA         |
| Vccpint   |       1.000 |     0.743 |       0.709 |      0.034 |       NA    | Unspecified | NA         |
| Vccpaux   |       1.800 |     0.085 |       0.074 |      0.010 |       NA    | Unspecified | NA         |
| Vccpll    |       1.800 |     0.017 |       0.014 |      0.003 |       NA    | Unspecified | NA         |
| Vcco_ddr  |       1.500 |     0.458 |       0.456 |      0.002 |       NA    | Unspecified | NA         |
| Vcco_mio0 |       3.300 |     0.003 |       0.002 |      0.001 |       NA    | Unspecified | NA         |
| Vcco_mio1 |       1.800 |     0.004 |       0.003 |      0.001 |       NA    | Unspecified | NA         |
| Vccadc    |       1.800 |     0.020 |       0.000 |      0.020 |       NA    | Unspecified | NA         |
+-----------+-------------+-----------+-------------+------------+-------------+-------------+------------+


1.3 Confidence Level
--------------------

+-----------------------------+------------+--------------------------------------------------------+------------------------------------------------------------------------------------------------------------+
| User Input Data             | Confidence | Details                                                | Action                                                                                                     |
+-----------------------------+------------+--------------------------------------------------------+------------------------------------------------------------------------------------------------------------+
| Design implementation state | High       | Design is routed                                       |                                                                                                            |
| Clock nodes activity        | High       | User specified more than 95% of clocks                 |                                                                                                            |
| I/O nodes activity          | Low        | More than 75% of inputs are missing user specification | Provide missing input activity with simulation results or by editing the "By Resource Type -> I/Os" view   |
| Internal nodes activity     | Medium     | User specified less than 25% of internal nodes         | Provide missing internal nodes activity with simulation results or by editing the "By Resource Type" views |
| Device models               | High       | Device models are Production                           |                                                                                                            |
|                             |            |                                                        |                                                                                                            |
| Overall confidence level    | Low        |                                                        |                                                                                                            |
+-----------------------------+------------+--------------------------------------------------------+------------------------------------------------------------------------------------------------------------+


2. Settings
-----------

2.1 Environment
---------------

+-----------------------+------------------------+
| Ambient Temp (C)      | 25.0                   |
| ThetaJA (C/W)         | 11.5                   |
| Airflow (LFM)         | 250                    |
| Heat Sink             | none                   |
| ThetaSA (C/W)         | 0.0                    |
| Board Selection       | medium (10"x10")       |
| # of Board Layers     | 8to11 (8 to 11 Layers) |
| Board Temperature (C) | 25.0                   |
+-----------------------+------------------------+


2.2 Clock Constraints
---------------------

+--------------------------------------------------------------------------------------------+-------------------------------------------------------------------+-----------------+
| Clock                                                                                      | Domain                                                            | Constraint (ns) |
+--------------------------------------------------------------------------------------------+-------------------------------------------------------------------+-----------------+
| I                                                                                          | hdmi_out_i/axi_dynclk_0/U0/Inst_mmcme2_drp/I                      |             2.0 |
| axi_dynclk_0_PXL_CLK_O                                                                     | hdmi_out_i/axi_dynclk_0/U0/PXL_CLK_O                              |            10.0 |
| clk_fpga_0                                                                                 | hdmi_out_i/processing_system7_0/inst/FCLK_CLK_unbuffered[0]       |            10.0 |
| clk_fpga_1                                                                                 | hdmi_out_i/processing_system7_0/inst/FCLK_CLK_unbuffered[1]       |             7.0 |
| dbg_hub/inst/BSCANID.u_xsdbm_id/SWITCH_N_EXT_BSCAN.bscan_inst/SERIES7_BSCAN.bscan_inst/TCK | dbg_hub/inst/BSCANID.u_xsdbm_id/SWITCH_N_EXT_BSCAN.bscan_inst/TCK |            33.0 |
| mmcm_fbclk_out                                                                             | hdmi_out_i/axi_dynclk_0/U0/Inst_mmcme2_drp/mmcm_fbclk_out         |            10.0 |
+--------------------------------------------------------------------------------------------+-------------------------------------------------------------------+-----------------+


3. Detailed Reports
-------------------

3.1 By Hierarchy
----------------

+-------------------------------------+-----------+
| Name                                | Power (W) |
+-------------------------------------+-----------+
| hdmi_out_wrapper                    |     1.881 |
|   dbg_hub                           |     0.003 |
|     inst                            |     0.003 |
|       BSCANID.u_xsdbm_id            |     0.003 |
|   hdmi_ddc_scl_iobuf                |     0.004 |
|   hdmi_ddc_sda_iobuf                |     0.004 |
|   hdmi_out_i                        |     1.863 |
|     axi_dynclk_0                    |     0.110 |
|       U0                            |     0.110 |
|     axi_mem_intercon                |     0.005 |
|       s00_couplers                  |     0.005 |
|     axi_vdma_0                      |     0.012 |
|       U0                            |     0.012 |
|     processing_system7_0            |     1.564 |
|       inst                          |     1.564 |
|     processing_system7_0_axi_periph |     0.006 |
|       s00_couplers                  |     0.004 |
|       xbar                          |     0.001 |
|     rgb2dvi_0                       |     0.134 |
|       U0                            |     0.134 |
|     system_ila_0                    |     0.010 |
|       U0                            |     0.010 |
|     v_axi4s_vid_out_0               |     0.007 |
|       inst                          |     0.007 |
|     v_tc_0                          |     0.014 |
|       U0                            |     0.014 |
|   iic_0_scl_iobuf                   |     0.004 |
|   iic_0_sda_iobuf                   |     0.004 |
+-------------------------------------+-----------+


