Copyright 1986-2019 Xilinx, Inc. All Rights Reserved.
----------------------------------------------------------------------------------------------------------------------------------------------------------------------
| Tool Version     : Vivado v.2019.1 (win64) Build 2552052 Fri May 24 14:49:42 MDT 2019
| Date             : Thu Nov 16 14:16:03 2023
| Host             : ARGUS-IT-WS1 running 64-bit major release  (build 9200)
| Command          : report_power -file hdmi_out_wrapper_power_routed.rpt -pb hdmi_out_wrapper_power_summary_routed.pb -rpx hdmi_out_wrapper_power_routed.rpx
| Design           : hdmi_out_wrapper
| Device           : xc7z010clg400-1
| Design State     : routed
| Grade            : commercial
| Process          : typical
| Characterization : Production
----------------------------------------------------------------------------------------------------------------------------------------------------------------------

Power Report

Table of Contents
-----------------
1. Summary
1.1 On-Chip Components
1.2 Power Supply Summary
1.3 Confidence Level
2. Settings
2.1 Environment
2.2 Clock Constraints
3. Detailed Reports
3.1 By Hierarchy

1. Summary
----------

+--------------------------+--------------+
| Total On-Chip Power (W)  | 2.003        |
| Design Power Budget (W)  | Unspecified* |
| Power Budget Margin (W)  | NA           |
| Dynamic (W)              | 1.872        |
| Device Static (W)        | 0.131        |
| Effective TJA (C/W)      | 11.5         |
| Max Ambient (C)          | 61.9         |
| Junction Temperature (C) | 48.1         |
| Confidence Level         | Low          |
| Setting File             | ---          |
| Simulation Activity File | ---          |
| Design Nets Matched      | NA           |
+--------------------------+--------------+
* Specify Design Power Budget using, set_operating_conditions -design_power_budget <value in Watts>


1.1 On-Chip Components
----------------------

+--------------------------+-----------+----------+-----------+-----------------+
| On-Chip                  | Power (W) | Used     | Available | Utilization (%) |
+--------------------------+-----------+----------+-----------+-----------------+
| Clocks                   |     0.032 |        8 |       --- |             --- |
| Slice Logic              |     0.006 |    12094 |       --- |             --- |
|   LUT as Logic           |     0.005 |     3533 |     17600 |           20.07 |
|   Register               |    <0.001 |     6835 |     35200 |           19.42 |
|   CARRY4                 |    <0.001 |      149 |      4400 |            3.39 |
|   F7/F8 Muxes            |    <0.001 |      155 |     17600 |            0.88 |
|   LUT as Shift Register  |    <0.001 |      136 |      6000 |            2.27 |
|   LUT as Distributed RAM |    <0.001 |       42 |      6000 |            0.70 |
|   Others                 |     0.000 |      539 |       --- |             --- |
| Signals                  |     0.010 |     9143 |       --- |             --- |
| Block RAM                |     0.007 |      8.5 |        60 |           14.17 |
| MMCM                     |     0.107 |        1 |         2 |           50.00 |
| I/O                      |     0.148 |       26 |       100 |           26.00 |
| PS7                      |     1.562 |        1 |       --- |             --- |
| Static Power             |     0.131 |          |           |                 |
| Total                    |     2.003 |          |           |                 |
+--------------------------+-----------+----------+-----------+-----------------+


1.2 Power Supply Summary
------------------------

+-----------+-------------+-----------+-------------+------------+
| Source    | Voltage (V) | Total (A) | Dynamic (A) | Static (A) |
+-----------+-------------+-----------+-------------+------------+
| Vccint    |       1.000 |     0.066 |       0.058 |      0.008 |
| Vccaux    |       1.800 |     0.068 |       0.059 |      0.009 |
| Vcco33    |       3.300 |     0.045 |       0.044 |      0.001 |
| Vcco25    |       2.500 |     0.000 |       0.000 |      0.000 |
| Vcco18    |       1.800 |     0.000 |       0.000 |      0.000 |
| Vcco15    |       1.500 |     0.000 |       0.000 |      0.000 |
| Vcco135   |       1.350 |     0.000 |       0.000 |      0.000 |
| Vcco12    |       1.200 |     0.000 |       0.000 |      0.000 |
| Vccaux_io |       1.800 |     0.000 |       0.000 |      0.000 |
| Vccbram   |       1.000 |     0.002 |       0.001 |      0.001 |
| MGTAVcc   |       1.000 |     0.000 |       0.000 |      0.000 |
| MGTAVtt   |       1.200 |     0.000 |       0.000 |      0.000 |
| MGTVccaux |       1.800 |     0.000 |       0.000 |      0.000 |
| Vccpint   |       1.000 |     0.743 |       0.709 |      0.034 |
| Vccpaux   |       1.800 |     0.085 |       0.074 |      0.010 |
| Vccpll    |       1.800 |     0.017 |       0.014 |      0.003 |
| Vcco_ddr  |       1.500 |     0.458 |       0.456 |      0.002 |
| Vcco_mio0 |       3.300 |     0.003 |       0.002 |      0.001 |
| Vcco_mio1 |       1.800 |     0.004 |       0.003 |      0.001 |
| Vccadc    |       1.800 |     0.020 |       0.000 |      0.020 |
+-----------+-------------+-----------+-------------+------------+


1.3 Confidence Level
--------------------

+-----------------------------+------------+--------------------------------------------------------+------------------------------------------------------------------------------------------------------------+
| User Input Data             | Confidence | Details                                                | Action                                                                                                     |
+-----------------------------+------------+--------------------------------------------------------+------------------------------------------------------------------------------------------------------------+
| Design implementation state | High       | Design is routed                                       |                                                                                                            |
| Clock nodes activity        | High       | User specified more than 95% of clocks                 |                                                                                                            |
| I/O nodes activity          | Low        | More than 75% of inputs are missing user specification | Provide missing input activity with simulation results or by editing the "By Resource Type -> I/Os" view   |
| Internal nodes activity     | Medium     | User specified less than 25% of internal nodes         | Provide missing internal nodes activity with simulation results or by editing the "By Resource Type" views |
| Device models               | High       | Device models are Production                           |                                                                                                            |
|                             |            |                                                        |                                                                                                            |
| Overall confidence level    | Low        |                                                        |                                                                                                            |
+-----------------------------+------------+--------------------------------------------------------+------------------------------------------------------------------------------------------------------------+


2. Settings
-----------

2.1 Environment
---------------

+-----------------------+------------------------+
| Ambient Temp (C)      | 25.0                   |
| ThetaJA (C/W)         | 11.5                   |
| Airflow (LFM)         | 250                    |
| Heat Sink             | none                   |
| ThetaSA (C/W)         | 0.0                    |
| Board Selection       | medium (10"x10")       |
| # of Board Layers     | 8to11 (8 to 11 Layers) |
| Board Temperature (C) | 25.0                   |
+-----------------------+------------------------+


2.2 Clock Constraints
---------------------

+------------------------+-------------------------------------------------------------+-----------------+
| Clock                  | Domain                                                      | Constraint (ns) |
+------------------------+-------------------------------------------------------------+-----------------+
| I                      | hdmi_out_i/axi_dynclk_0/U0/Inst_mmcme2_drp/I                |             2.0 |
| I                      | hdmi_out_i/axi_dynclk_0/U0/PXL_CLK_5X_O                     |             2.0 |
| axi_dynclk_0_PXL_CLK_O | hdmi_out_i/axi_dynclk_0/U0/PXL_CLK_O                        |            10.0 |
| clk_fpga_0             | hdmi_out_i/processing_system7_0/inst/FCLK_CLK_unbuffered[0] |            10.0 |
| clk_fpga_1             | hdmi_out_i/processing_system7_0/inst/FCLK_CLK_unbuffered[1] |             7.0 |
| mmcm_fbclk_out         | hdmi_out_i/axi_dynclk_0/U0/Inst_mmcme2_drp/mmcm_fbclk_out   |            10.0 |
+------------------------+-------------------------------------------------------------+-----------------+


3. Detailed Reports
-------------------

3.1 By Hierarchy
----------------

+-------------------------------------+-----------+
| Name                                | Power (W) |
+-------------------------------------+-----------+
| hdmi_out_wrapper                    |     1.872 |
|   HDMI_DDC_scl_iobuf                |     0.004 |
|   HDMI_DDC_sda_iobuf                |     0.004 |
|   IIC_0_scl_iobuf                   |     0.004 |
|   IIC_0_sda_iobuf                   |     0.004 |
|   hdmi_out_i                        |     1.857 |
|     axi_dynclk_0                    |     0.110 |
|       U0                            |     0.110 |
|     axi_mem_intercon                |     0.005 |
|       s00_couplers                  |     0.005 |
|     axi_vdma_0                      |     0.013 |
|       U0                            |     0.013 |
|     processing_system7_0            |     1.564 |
|       inst                          |     1.564 |
|     processing_system7_0_axi_periph |     0.006 |
|       s00_couplers                  |     0.005 |
|       xbar                          |     0.001 |
|     rgb2dvi_0                       |     0.134 |
|       U0                            |     0.134 |
|     v_axi4s_vid_out_0               |     0.010 |
|       inst                          |     0.010 |
|     v_tc_0                          |     0.013 |
|       U0                            |     0.013 |
+-------------------------------------+-----------+


