

================================================================
== Vitis HLS Report for 'MultiPixStream2AXIvideo_Pipeline_VITIS_LOOP_981_2'
================================================================
* Date:           Thu Nov 23 12:36:09 2023

* Version:        2023.2 (Build 4023990 on Oct 11 2023)
* Project:        prj
* Solution:       sol (Vivado IP Flow Target)
* Product family: zynq
* Target device:  xc7z010-clg400-1


================================================================
== Performance Estimates
================================================================
+ Timing: 
    * Summary: 
    +--------+---------+----------+------------+
    |  Clock |  Target | Estimated| Uncertainty|
    +--------+---------+----------+------------+
    |ap_clk  |  9.26 ns|  5.628 ns|     2.50 ns|
    +--------+---------+----------+------------+

+ Latency: 
    * Summary: 
    +---------+---------+-----------+-----------+-----+------+---------+
    |  Latency (cycles) |   Latency (absolute)  |  Interval  | Pipeline|
    |   min   |   max   |    min    |    max    | min |  max |   Type  |
    +---------+---------+-----------+-----------+-----+------+---------+
    |        3|     4099|  27.777 ns|  37.953 us|    3|  4099|       no|
    +---------+---------+-----------+-----------+-----+------+---------+

    + Detail: 
        * Instance: 
        N/A

        * Loop: 
        +--------------------+---------+---------+----------+-----------+-----------+----------+----------+
        |                    |  Latency (cycles) | Iteration|  Initiation Interval  |   Trip   |          |
        |      Loop Name     |   min   |   max   |  Latency |  achieved |   target  |   Count  | Pipelined|
        +--------------------+---------+---------+----------+-----------+-----------+----------+----------+
        |- VITIS_LOOP_981_2  |        0|     4096|         2|          1|          1|  0 ~ 4096|       yes|
        +--------------------+---------+---------+----------+-----------+-----------+----------+----------+

============================================================
+ Verbose Summary: Synthesis Manager
============================================================
InlineROM: 1
ExposeGlobal: 0
============================================================
+ Verbose Summary: CDFG Model
============================================================
IsTopModel: 0
ResetActiveHigh: 1
IsCombinational: 0
IsDatapathOnly: 0
HasWiredReturn: 1
HasMFsm: 2
HasVarLatency: 1
IsPipeline: 0
IsRtlPipelined: 0
IsInstanceOverlapped: 0
IsDontTouch: 0
HasImplIP: 0
IsGatedGlobalClock: 0

+ Individual pipeline summary: 
  * Pipeline-0: initiation interval (II) = 1, depth = 2


============================================================
+ Verbose Summary: Schedule
============================================================
* Number of FSM states : 5
* Pipeline : 1
  Pipeline-0 : II = 1, D = 2, States = { 2 3 }
* Dataflow Pipeline: 0

* FSM state transitions: 
1 --> 2 
2 --> 4 3 
3 --> 2 
4 --> 5 
5 --> 

* FSM state operations: 

State 1 <SV = 0> <Delay = 1.58>
ST_1 : Operation 6 [1/1] (0.00ns)   --->   "%j = alloca i32 1" [C:/Xil_prj/hdmi_out/hdmi_out.runs/hdmi_out_v_tpg_0_0_synth_1/prj/sol/.autopilot/db/v_tpg.cpp:981->C:/Xil_prj/hdmi_out/hdmi_out.runs/hdmi_out_v_tpg_0_0_synth_1/prj/sol/.autopilot/db/v_tpg.cpp:399]   --->   Operation 6 'alloca' 'j' <Predicate = true> <Delay = 0.00>
ST_1 : Operation 7 [1/1] (0.00ns)   --->   "%sext_ln979_read = read i13 @_ssdm_op_Read.ap_auto.i13, i13 %sext_ln979"   --->   Operation 7 'read' 'sext_ln979_read' <Predicate = true> <Delay = 0.00>
ST_1 : Operation 8 [1/1] (0.00ns)   --->   "%field_id_val8_load_read = read i16 @_ssdm_op_Read.ap_auto.i16, i16 %field_id_val8_load"   --->   Operation 8 'read' 'field_id_val8_load_read' <Predicate = true> <Delay = 0.00>
ST_1 : Operation 9 [1/1] (0.00ns)   --->   "%colorFormat_val17_load_read = read i8 @_ssdm_op_Read.ap_auto.i8, i8 %colorFormat_val17_load"   --->   Operation 9 'read' 'colorFormat_val17_load_read' <Predicate = true> <Delay = 0.00>
ST_1 : Operation 10 [1/1] (0.00ns)   --->   "%fid_in_val9_load_read = read i1 @_ssdm_op_Read.ap_auto.i1, i1 %fid_in_val9_load"   --->   Operation 10 'read' 'fid_in_val9_load_read' <Predicate = true> <Delay = 0.00>
ST_1 : Operation 11 [1/1] (0.00ns)   --->   "%cols_read = read i13 @_ssdm_op_Read.ap_auto.i13, i13 %cols"   --->   Operation 11 'read' 'cols_read' <Predicate = true> <Delay = 0.00>
ST_1 : Operation 12 [1/1] (0.00ns)   --->   "%tmp_30 = read i1 @_ssdm_op_Read.ap_auto.i1, i1 %empty"   --->   Operation 12 'read' 'tmp_30' <Predicate = true> <Delay = 0.00>
ST_1 : Operation 13 [1/1] (0.00ns)   --->   "%sof_read = read i1 @_ssdm_op_Read.ap_auto.i1, i1 %sof"   --->   Operation 13 'read' 'sof_read' <Predicate = true> <Delay = 0.00>
ST_1 : Operation 14 [1/1] (0.00ns)   --->   "%sext_ln979_cast = sext i13 %sext_ln979_read"   --->   Operation 14 'sext' 'sext_ln979_cast' <Predicate = true> <Delay = 0.00>
ST_1 : Operation 15 [1/1] (0.00ns)   --->   "%specaxissidechannel_ln0 = specaxissidechannel void @_ssdm_op_SpecAXISSideChannel, i24 %m_axis_video_V_data_V, i3 %m_axis_video_V_keep_V, i3 %m_axis_video_V_strb_V, i1 %m_axis_video_V_user_V, i1 %m_axis_video_V_last_V, i1 %m_axis_video_V_id_V, i1 %m_axis_video_V_dest_V, void @empty_21"   --->   Operation 15 'specaxissidechannel' 'specaxissidechannel_ln0' <Predicate = true> <Delay = 0.00>
ST_1 : Operation 16 [1/1] (0.00ns)   --->   "%specinterface_ln0 = specinterface void @_ssdm_op_SpecInterface, i1 %m_axis_video_V_dest_V, i1 %m_axis_video_V_id_V, i1 %m_axis_video_V_last_V, i1 %m_axis_video_V_user_V, i3 %m_axis_video_V_strb_V, i3 %m_axis_video_V_keep_V, i24 %m_axis_video_V_data_V, void @empty_6, i32 0, i32 0, void @empty_35, i32 0, i32 0, void @empty_9, void @empty_9, void @empty_9, i32 0, i32 0, i32 0, i32 0, void @empty_9, void @empty_9, i32 4294967295, i32 0"   --->   Operation 16 'specinterface' 'specinterface_ln0' <Predicate = true> <Delay = 0.00>
ST_1 : Operation 17 [1/1] (0.00ns)   --->   "%specinterface_ln0 = specinterface void @_ssdm_op_SpecInterface, i24 %ovrlayYUV, void @empty_19, i32 0, i32 0, void @empty_9, i32 0, i32 0, void @empty_9, void @empty_9, void @empty_9, i32 0, i32 0, i32 0, i32 0, void @empty_9, void @empty_9, i32 4294967295, i32 0"   --->   Operation 17 'specinterface' 'specinterface_ln0' <Predicate = true> <Delay = 0.00>
ST_1 : Operation 18 [1/1] (1.58ns)   --->   "%store_ln981 = store i13 0, i13 %j" [C:/Xil_prj/hdmi_out/hdmi_out.runs/hdmi_out_v_tpg_0_0_synth_1/prj/sol/.autopilot/db/v_tpg.cpp:981->C:/Xil_prj/hdmi_out/hdmi_out.runs/hdmi_out_v_tpg_0_0_synth_1/prj/sol/.autopilot/db/v_tpg.cpp:399]   --->   Operation 18 'store' 'store_ln981' <Predicate = true> <Delay = 1.58>
ST_1 : Operation 19 [1/1] (1.58ns)   --->   "%br_ln0 = br void %for.body22.i"   --->   Operation 19 'br' 'br_ln0' <Predicate = true> <Delay = 1.58>

State 2 <SV = 1> <Delay = 3.98>
ST_2 : Operation 20 [1/1] (0.00ns)   --->   "%sof_2 = phi i1 %sof_read, void %newFuncRoot, i1 0, void %for.inc111.i"   --->   Operation 20 'phi' 'sof_2' <Predicate = true> <Delay = 0.00>
ST_2 : Operation 21 [1/1] (0.00ns)   --->   "%p_phi_i = phi i1 %tmp_30, void %newFuncRoot, i1 %empty_160, void %for.inc111.i" [C:/Xil_prj/hdmi_out/hdmi_out.runs/hdmi_out_v_tpg_0_0_synth_1/prj/sol/.autopilot/db/v_tpg.cpp:1008->C:/Xil_prj/hdmi_out/hdmi_out.runs/hdmi_out_v_tpg_0_0_synth_1/prj/sol/.autopilot/db/v_tpg.cpp:399]   --->   Operation 21 'phi' 'p_phi_i' <Predicate = true> <Delay = 0.00>
ST_2 : Operation 22 [1/1] (0.00ns)   --->   "%j_1 = load i13 %j" [C:/Xil_prj/hdmi_out/hdmi_out.runs/hdmi_out_v_tpg_0_0_synth_1/prj/sol/.autopilot/db/v_tpg.cpp:981->C:/Xil_prj/hdmi_out/hdmi_out.runs/hdmi_out_v_tpg_0_0_synth_1/prj/sol/.autopilot/db/v_tpg.cpp:399]   --->   Operation 22 'load' 'j_1' <Predicate = true> <Delay = 0.00>
ST_2 : Operation 23 [1/1] (1.67ns)   --->   "%icmp_ln981 = icmp_eq  i13 %j_1, i13 %cols_read" [C:/Xil_prj/hdmi_out/hdmi_out.runs/hdmi_out_v_tpg_0_0_synth_1/prj/sol/.autopilot/db/v_tpg.cpp:981->C:/Xil_prj/hdmi_out/hdmi_out.runs/hdmi_out_v_tpg_0_0_synth_1/prj/sol/.autopilot/db/v_tpg.cpp:399]   --->   Operation 23 'icmp' 'icmp_ln981' <Predicate = true> <Delay = 1.67> <CoreInst = "Cmp">   --->   Core 9 'Cmp' <Latency = 0> <II = 1> <Delay = 1.67> <FuncUnit> <Opcode : 'icmp'> <InPorts = 2> <OutPorts = 1>
ST_2 : Operation 24 [1/1] (0.00ns)   --->   "%speclooptripcount_ln0 = speclooptripcount void @_ssdm_op_SpecLoopTripCount, i64 0, i64 4096, i64 0"   --->   Operation 24 'speclooptripcount' 'speclooptripcount_ln0' <Predicate = true> <Delay = 0.00>
ST_2 : Operation 25 [1/1] (1.67ns)   --->   "%j_2 = add i13 %j_1, i13 1" [C:/Xil_prj/hdmi_out/hdmi_out.runs/hdmi_out_v_tpg_0_0_synth_1/prj/sol/.autopilot/db/v_tpg.cpp:981->C:/Xil_prj/hdmi_out/hdmi_out.runs/hdmi_out_v_tpg_0_0_synth_1/prj/sol/.autopilot/db/v_tpg.cpp:399]   --->   Operation 25 'add' 'j_2' <Predicate = true> <Delay = 1.67> <CoreInst = "Adder">   --->   Core 1 'Adder' <Latency = 0> <II = 1> <Delay = 1.67> <FuncUnit> <Opcode : 'add' 'sub'> <InPorts = 2> <OutPorts = 1>
ST_2 : Operation 26 [1/1] (0.00ns)   --->   "%br_ln981 = br i1 %icmp_ln981, void %for.body22.split.i, void %for.inc114.loopexit.i.exitStub" [C:/Xil_prj/hdmi_out/hdmi_out.runs/hdmi_out_v_tpg_0_0_synth_1/prj/sol/.autopilot/db/v_tpg.cpp:981->C:/Xil_prj/hdmi_out/hdmi_out.runs/hdmi_out_v_tpg_0_0_synth_1/prj/sol/.autopilot/db/v_tpg.cpp:399]   --->   Operation 26 'br' 'br_ln981' <Predicate = true> <Delay = 0.00>
ST_2 : Operation 27 [1/1] (0.00ns)   --->   "%zext_ln981 = zext i13 %j_1" [C:/Xil_prj/hdmi_out/hdmi_out.runs/hdmi_out_v_tpg_0_0_synth_1/prj/sol/.autopilot/db/v_tpg.cpp:981->C:/Xil_prj/hdmi_out/hdmi_out.runs/hdmi_out_v_tpg_0_0_synth_1/prj/sol/.autopilot/db/v_tpg.cpp:399]   --->   Operation 27 'zext' 'zext_ln981' <Predicate = (!icmp_ln981)> <Delay = 0.00>
ST_2 : Operation 28 [1/1] (0.00ns)   --->   "%specpipeline_ln984 = specpipeline void @_ssdm_op_SpecPipeline, i32 1, i32 0, i32 0, i32 0, void @empty_9" [C:/Xil_prj/hdmi_out/hdmi_out.runs/hdmi_out_v_tpg_0_0_synth_1/prj/sol/.autopilot/db/v_tpg.cpp:984->C:/Xil_prj/hdmi_out/hdmi_out.runs/hdmi_out_v_tpg_0_0_synth_1/prj/sol/.autopilot/db/v_tpg.cpp:399]   --->   Operation 28 'specpipeline' 'specpipeline_ln984' <Predicate = (!icmp_ln981)> <Delay = 0.00>
ST_2 : Operation 29 [1/1] (0.00ns)   --->   "%specloopname_ln981 = specloopname void @_ssdm_op_SpecLoopName, void @empty_20" [C:/Xil_prj/hdmi_out/hdmi_out.runs/hdmi_out_v_tpg_0_0_synth_1/prj/sol/.autopilot/db/v_tpg.cpp:981->C:/Xil_prj/hdmi_out/hdmi_out.runs/hdmi_out_v_tpg_0_0_synth_1/prj/sol/.autopilot/db/v_tpg.cpp:399]   --->   Operation 29 'specloopname' 'specloopname_ln981' <Predicate = (!icmp_ln981)> <Delay = 0.00>
ST_2 : Operation 30 [1/1] (1.67ns)   --->   "%axi_last = icmp_eq  i14 %zext_ln981, i14 %sext_ln979_cast" [C:/Xil_prj/hdmi_out/hdmi_out.runs/hdmi_out_v_tpg_0_0_synth_1/prj/sol/.autopilot/db/v_tpg.cpp:994->C:/Xil_prj/hdmi_out/hdmi_out.runs/hdmi_out_v_tpg_0_0_synth_1/prj/sol/.autopilot/db/v_tpg.cpp:399]   --->   Operation 30 'icmp' 'axi_last' <Predicate = (!icmp_ln981)> <Delay = 1.67> <CoreInst = "Cmp">   --->   Core 9 'Cmp' <Latency = 0> <II = 1> <Delay = 1.67> <FuncUnit> <Opcode : 'icmp'> <InPorts = 2> <OutPorts = 1>
ST_2 : Operation 31 [1/1] (0.00ns)   --->   "%br_ln1003 = br i1 %sof_2, void %VITIS_LOOP_1011_3.i_ifconv, void %if.then35.i" [C:/Xil_prj/hdmi_out/hdmi_out.runs/hdmi_out_v_tpg_0_0_synth_1/prj/sol/.autopilot/db/v_tpg.cpp:1003->C:/Xil_prj/hdmi_out/hdmi_out.runs/hdmi_out_v_tpg_0_0_synth_1/prj/sol/.autopilot/db/v_tpg.cpp:399]   --->   Operation 31 'br' 'br_ln1003' <Predicate = (!icmp_ln981)> <Delay = 0.00>
ST_2 : Operation 32 [1/1] (0.00ns)   --->   "%counter_loc_1_i_out_load = load i16 %counter_loc_1_i_out" [C:/Xil_prj/hdmi_out/hdmi_out.runs/hdmi_out_v_tpg_0_0_synth_1/prj/sol/.autopilot/db/v_tpg.cpp:1005->C:/Xil_prj/hdmi_out/hdmi_out.runs/hdmi_out_v_tpg_0_0_synth_1/prj/sol/.autopilot/db/v_tpg.cpp:399]   --->   Operation 32 'load' 'counter_loc_1_i_out_load' <Predicate = (!icmp_ln981 & sof_2)> <Delay = 0.00>
ST_2 : Operation 33 [1/1] (2.07ns)   --->   "%add_ln1005 = add i16 %counter_loc_1_i_out_load, i16 1" [C:/Xil_prj/hdmi_out/hdmi_out.runs/hdmi_out_v_tpg_0_0_synth_1/prj/sol/.autopilot/db/v_tpg.cpp:1005->C:/Xil_prj/hdmi_out/hdmi_out.runs/hdmi_out_v_tpg_0_0_synth_1/prj/sol/.autopilot/db/v_tpg.cpp:399]   --->   Operation 33 'add' 'add_ln1005' <Predicate = (!icmp_ln981 & sof_2)> <Delay = 2.07> <CoreInst = "Adder">   --->   Core 1 'Adder' <Latency = 0> <II = 1> <Delay = 2.07> <FuncUnit> <Opcode : 'add' 'sub'> <InPorts = 2> <OutPorts = 1>
ST_2 : Operation 34 [1/1] (0.00ns)   --->   "%store_ln1005 = store i16 %add_ln1005, i16 %counter" [C:/Xil_prj/hdmi_out/hdmi_out.runs/hdmi_out_v_tpg_0_0_synth_1/prj/sol/.autopilot/db/v_tpg.cpp:1005->C:/Xil_prj/hdmi_out/hdmi_out.runs/hdmi_out_v_tpg_0_0_synth_1/prj/sol/.autopilot/db/v_tpg.cpp:399]   --->   Operation 34 'store' 'store_ln1005' <Predicate = (!icmp_ln981 & sof_2)> <Delay = 0.00>
ST_2 : Operation 35 [1/1] (0.00ns)   --->   "%store_ln1005 = store i16 %add_ln1005, i16 %counter_loc_1_i_out" [C:/Xil_prj/hdmi_out/hdmi_out.runs/hdmi_out_v_tpg_0_0_synth_1/prj/sol/.autopilot/db/v_tpg.cpp:1005->C:/Xil_prj/hdmi_out/hdmi_out.runs/hdmi_out_v_tpg_0_0_synth_1/prj/sol/.autopilot/db/v_tpg.cpp:399]   --->   Operation 35 'store' 'store_ln1005' <Predicate = (!icmp_ln981 & sof_2)> <Delay = 0.00>
ST_2 : Operation 36 [1/1] (0.00ns)   --->   "%br_ln1006 = br void %VITIS_LOOP_1011_3.i_ifconv" [C:/Xil_prj/hdmi_out/hdmi_out.runs/hdmi_out_v_tpg_0_0_synth_1/prj/sol/.autopilot/db/v_tpg.cpp:1006->C:/Xil_prj/hdmi_out/hdmi_out.runs/hdmi_out_v_tpg_0_0_synth_1/prj/sol/.autopilot/db/v_tpg.cpp:399]   --->   Operation 36 'br' 'br_ln1006' <Predicate = (!icmp_ln981 & sof_2)> <Delay = 0.00>
ST_2 : Operation 37 [1/1] (1.91ns)   --->   "%icmp_ln1020 = icmp_eq  i8 %colorFormat_val17_load_read, i8 0" [C:/Xil_prj/hdmi_out/hdmi_out.runs/hdmi_out_v_tpg_0_0_synth_1/prj/sol/.autopilot/db/v_tpg.cpp:1020->C:/Xil_prj/hdmi_out/hdmi_out.runs/hdmi_out_v_tpg_0_0_synth_1/prj/sol/.autopilot/db/v_tpg.cpp:399]   --->   Operation 37 'icmp' 'icmp_ln1020' <Predicate = (!icmp_ln981)> <Delay = 1.91> <CoreInst = "Cmp">   --->   Core 9 'Cmp' <Latency = 0> <II = 1> <Delay = 1.91> <FuncUnit> <Opcode : 'icmp'> <InPorts = 2> <OutPorts = 1>
ST_2 : Operation 38 [1/1] (2.03ns)   --->   "%switch_ln1038 = switch i16 %field_id_val8_load_read, void %if.else106.i, i16 0, void %if.then93.i, i16 1, void %if.then97.i, i16 2, void %if.then101.i, i16 3, void %if.then105.i" [C:/Xil_prj/hdmi_out/hdmi_out.runs/hdmi_out_v_tpg_0_0_synth_1/prj/sol/.autopilot/db/v_tpg.cpp:1038->C:/Xil_prj/hdmi_out/hdmi_out.runs/hdmi_out_v_tpg_0_0_synth_1/prj/sol/.autopilot/db/v_tpg.cpp:399]   --->   Operation 38 'switch' 'switch_ln1038' <Predicate = (!icmp_ln981)> <Delay = 2.03>
ST_2 : Operation 39 [1/1] (0.00ns)   --->   "%write_ln1049 = write void @_ssdm_op_Write.ap_auto.i1P0A, i1 %fid, i1 1" [C:/Xil_prj/hdmi_out/hdmi_out.runs/hdmi_out_v_tpg_0_0_synth_1/prj/sol/.autopilot/db/v_tpg.cpp:1049->C:/Xil_prj/hdmi_out/hdmi_out.runs/hdmi_out_v_tpg_0_0_synth_1/prj/sol/.autopilot/db/v_tpg.cpp:399]   --->   Operation 39 'write' 'write_ln1049' <Predicate = (!icmp_ln981 & field_id_val8_load_read == 2)> <Delay = 0.00>
ST_2 : Operation 40 [1/1] (1.94ns)   --->   "%br_ln1050 = br void %for.inc111.i" [C:/Xil_prj/hdmi_out/hdmi_out.runs/hdmi_out_v_tpg_0_0_synth_1/prj/sol/.autopilot/db/v_tpg.cpp:1050->C:/Xil_prj/hdmi_out/hdmi_out.runs/hdmi_out_v_tpg_0_0_synth_1/prj/sol/.autopilot/db/v_tpg.cpp:399]   --->   Operation 40 'br' 'br_ln1050' <Predicate = (!icmp_ln981 & field_id_val8_load_read == 2)> <Delay = 1.94>
ST_2 : Operation 41 [1/1] (0.00ns)   --->   "%write_ln1040 = write void @_ssdm_op_Write.ap_auto.i1P0A, i1 %fid, i1 0" [C:/Xil_prj/hdmi_out/hdmi_out.runs/hdmi_out_v_tpg_0_0_synth_1/prj/sol/.autopilot/db/v_tpg.cpp:1040->C:/Xil_prj/hdmi_out/hdmi_out.runs/hdmi_out_v_tpg_0_0_synth_1/prj/sol/.autopilot/db/v_tpg.cpp:399]   --->   Operation 41 'write' 'write_ln1040' <Predicate = (!icmp_ln981 & field_id_val8_load_read == 0)> <Delay = 0.00>
ST_2 : Operation 42 [1/1] (1.94ns)   --->   "%br_ln1041 = br void %for.inc111.i" [C:/Xil_prj/hdmi_out/hdmi_out.runs/hdmi_out_v_tpg_0_0_synth_1/prj/sol/.autopilot/db/v_tpg.cpp:1041->C:/Xil_prj/hdmi_out/hdmi_out.runs/hdmi_out_v_tpg_0_0_synth_1/prj/sol/.autopilot/db/v_tpg.cpp:399]   --->   Operation 42 'br' 'br_ln1041' <Predicate = (!icmp_ln981 & field_id_val8_load_read == 0)> <Delay = 1.94>
ST_2 : Operation 43 [1/1] (0.00ns)   --->   "%write_ln1058 = write void @_ssdm_op_Write.ap_auto.i1P0A, i1 %fid, i1 %fid_in_val9_load_read" [C:/Xil_prj/hdmi_out/hdmi_out.runs/hdmi_out_v_tpg_0_0_synth_1/prj/sol/.autopilot/db/v_tpg.cpp:1058->C:/Xil_prj/hdmi_out/hdmi_out.runs/hdmi_out_v_tpg_0_0_synth_1/prj/sol/.autopilot/db/v_tpg.cpp:399]   --->   Operation 43 'write' 'write_ln1058' <Predicate = (!icmp_ln981 & field_id_val8_load_read != 0 & field_id_val8_load_read != 1 & field_id_val8_load_read != 2 & field_id_val8_load_read != 3)> <Delay = 0.00>
ST_2 : Operation 44 [1/1] (1.94ns)   --->   "%br_ln0 = br void %for.inc111.i"   --->   Operation 44 'br' 'br_ln0' <Predicate = (!icmp_ln981 & field_id_val8_load_read != 0 & field_id_val8_load_read != 1 & field_id_val8_load_read != 2 & field_id_val8_load_read != 3)> <Delay = 1.94>
ST_2 : Operation 45 [1/1] (1.58ns)   --->   "%store_ln981 = store i13 %j_2, i13 %j" [C:/Xil_prj/hdmi_out/hdmi_out.runs/hdmi_out_v_tpg_0_0_synth_1/prj/sol/.autopilot/db/v_tpg.cpp:981->C:/Xil_prj/hdmi_out/hdmi_out.runs/hdmi_out_v_tpg_0_0_synth_1/prj/sol/.autopilot/db/v_tpg.cpp:399]   --->   Operation 45 'store' 'store_ln981' <Predicate = (!icmp_ln981)> <Delay = 1.58>
ST_2 : Operation 46 [1/1] (0.00ns)   --->   "%br_ln981 = br void %for.body22.i" [C:/Xil_prj/hdmi_out/hdmi_out.runs/hdmi_out_v_tpg_0_0_synth_1/prj/sol/.autopilot/db/v_tpg.cpp:981->C:/Xil_prj/hdmi_out/hdmi_out.runs/hdmi_out_v_tpg_0_0_synth_1/prj/sol/.autopilot/db/v_tpg.cpp:399]   --->   Operation 46 'br' 'br_ln981' <Predicate = (!icmp_ln981)> <Delay = 0.00>

State 3 <SV = 2> <Delay = 5.62>
ST_3 : Operation 47 [1/1] (0.00ns)   --->   "%counter_loc_1_i_out_load_1 = load i16 %counter_loc_1_i_out" [C:/Xil_prj/hdmi_out/hdmi_out.runs/hdmi_out_v_tpg_0_0_synth_1/prj/sol/.autopilot/db/v_tpg.cpp:1008->C:/Xil_prj/hdmi_out/hdmi_out.runs/hdmi_out_v_tpg_0_0_synth_1/prj/sol/.autopilot/db/v_tpg.cpp:399]   --->   Operation 47 'load' 'counter_loc_1_i_out_load_1' <Predicate = (!icmp_ln981)> <Delay = 0.00>
ST_3 : Operation 48 [1/1] (0.00ns)   --->   "%fid_toggle = trunc i16 %counter_loc_1_i_out_load_1" [C:/Xil_prj/hdmi_out/hdmi_out.runs/hdmi_out_v_tpg_0_0_synth_1/prj/sol/.autopilot/db/v_tpg.cpp:1008->C:/Xil_prj/hdmi_out/hdmi_out.runs/hdmi_out_v_tpg_0_0_synth_1/prj/sol/.autopilot/db/v_tpg.cpp:399]   --->   Operation 48 'trunc' 'fid_toggle' <Predicate = (!icmp_ln981)> <Delay = 0.00>
ST_3 : Operation 49 [1/1] (3.37ns)   --->   "%ovrlayYUV_read = read i24 @_ssdm_op_Read.ap_fifo.volatile.i24P0A, i24 %ovrlayYUV" [C:/Xil_prj/hdmi_out/hdmi_out.runs/hdmi_out_v_tpg_0_0_synth_1/prj/sol/.autopilot/db/v_tpg.cpp:1008->C:/Xil_prj/hdmi_out/hdmi_out.runs/hdmi_out_v_tpg_0_0_synth_1/prj/sol/.autopilot/db/v_tpg.cpp:399]   --->   Operation 49 'read' 'ovrlayYUV_read' <Predicate = (!icmp_ln981)> <Delay = 3.37> <CoreInst = "FIFO_SRL">   --->   Core 81 'FIFO_SRL' <Latency = 0> <II = 1> <Delay = 3.80> <Storage> <Opcode : 'read' 'write' 'nbread' 'nbwrite'> <Ports = 0> <Width = 24> <Depth = 16> <FIFO>
ST_3 : Operation 50 [1/1] (0.00ns)   --->   "%pix_444 = trunc i24 %ovrlayYUV_read" [C:/Xil_prj/hdmi_out/hdmi_out.runs/hdmi_out_v_tpg_0_0_synth_1/prj/sol/.autopilot/db/v_tpg.cpp:1008->C:/Xil_prj/hdmi_out/hdmi_out.runs/hdmi_out_v_tpg_0_0_synth_1/prj/sol/.autopilot/db/v_tpg.cpp:399]   --->   Operation 50 'trunc' 'pix_444' <Predicate = (!icmp_ln981)> <Delay = 0.00>
ST_3 : Operation 51 [1/1] (0.00ns)   --->   "%pix_rgb_2 = partselect i8 @_ssdm_op_PartSelect.i8.i24.i32.i32, i24 %ovrlayYUV_read, i32 8, i32 15" [C:/Xil_prj/hdmi_out/hdmi_out.runs/hdmi_out_v_tpg_0_0_synth_1/prj/sol/.autopilot/db/v_tpg.cpp:1008->C:/Xil_prj/hdmi_out/hdmi_out.runs/hdmi_out_v_tpg_0_0_synth_1/prj/sol/.autopilot/db/v_tpg.cpp:399]   --->   Operation 51 'partselect' 'pix_rgb_2' <Predicate = (!icmp_ln981)> <Delay = 0.00>
ST_3 : Operation 52 [1/1] (0.00ns)   --->   "%pix_rgb = partselect i8 @_ssdm_op_PartSelect.i8.i24.i32.i32, i24 %ovrlayYUV_read, i32 16, i32 23" [C:/Xil_prj/hdmi_out/hdmi_out.runs/hdmi_out_v_tpg_0_0_synth_1/prj/sol/.autopilot/db/v_tpg.cpp:1008->C:/Xil_prj/hdmi_out/hdmi_out.runs/hdmi_out_v_tpg_0_0_synth_1/prj/sol/.autopilot/db/v_tpg.cpp:399]   --->   Operation 52 'partselect' 'pix_rgb' <Predicate = (!icmp_ln981)> <Delay = 0.00>
ST_3 : Operation 53 [1/1] (0.00ns)   --->   "%axi_data = bitconcatenate i9 @_ssdm_op_BitConcatenate.i9.i1.i8, i1 1, i8 %pix_444" [C:/Xil_prj/hdmi_out/hdmi_out.runs/hdmi_out_v_tpg_0_0_synth_1/prj/sol/.autopilot/db/v_tpg.cpp:1029->C:/Xil_prj/hdmi_out/hdmi_out.runs/hdmi_out_v_tpg_0_0_synth_1/prj/sol/.autopilot/db/v_tpg.cpp:399]   --->   Operation 53 'bitconcatenate' 'axi_data' <Predicate = (!icmp_ln981 & !icmp_ln1020)> <Delay = 0.00>
ST_3 : Operation 54 [1/1] (0.00ns)   --->   "%axi_data_1 = bitconcatenate i9 @_ssdm_op_BitConcatenate.i9.i1.i8, i1 1, i8 %pix_rgb_2" [C:/Xil_prj/hdmi_out/hdmi_out.runs/hdmi_out_v_tpg_0_0_synth_1/prj/sol/.autopilot/db/v_tpg.cpp:1023->C:/Xil_prj/hdmi_out/hdmi_out.runs/hdmi_out_v_tpg_0_0_synth_1/prj/sol/.autopilot/db/v_tpg.cpp:399]   --->   Operation 54 'bitconcatenate' 'axi_data_1' <Predicate = (!icmp_ln981 & icmp_ln1020)> <Delay = 0.00>
ST_3 : Operation 55 [1/1] (0.96ns)   --->   "%axi_data_2 = select i1 %icmp_ln1020, i9 %axi_data_1, i9 %axi_data" [C:/Xil_prj/hdmi_out/hdmi_out.runs/hdmi_out_v_tpg_0_0_synth_1/prj/sol/.autopilot/db/v_tpg.cpp:1020->C:/Xil_prj/hdmi_out/hdmi_out.runs/hdmi_out_v_tpg_0_0_synth_1/prj/sol/.autopilot/db/v_tpg.cpp:399]   --->   Operation 55 'select' 'axi_data_2' <Predicate = (!icmp_ln981)> <Delay = 0.96> <CoreInst = "Sel">   --->   Core 73 'Sel' <Latency = 0> <II = 1> <Delay = 0.96> <FuncUnit> <Opcode : 'select'> <InPorts = 3> <OutPorts = 1>
ST_3 : Operation 56 [1/1] (0.00ns)   --->   "%sext_ln925 = sext i9 %axi_data_2" [C:/Xil_prj/hdmi_out/hdmi_out.runs/hdmi_out_v_tpg_0_0_synth_1/prj/sol/.autopilot/db/v_tpg.cpp:925->C:/Xil_prj/hdmi_out/hdmi_out.runs/hdmi_out_v_tpg_0_0_synth_1/prj/sol/.autopilot/db/v_tpg.cpp:399]   --->   Operation 56 'sext' 'sext_ln925' <Predicate = (!icmp_ln981)> <Delay = 0.00>
ST_3 : Operation 57 [1/1] (1.24ns)   --->   "%select_ln1020 = select i1 %icmp_ln1020, i8 %pix_rgb, i8 %pix_rgb_2" [C:/Xil_prj/hdmi_out/hdmi_out.runs/hdmi_out_v_tpg_0_0_synth_1/prj/sol/.autopilot/db/v_tpg.cpp:1020->C:/Xil_prj/hdmi_out/hdmi_out.runs/hdmi_out_v_tpg_0_0_synth_1/prj/sol/.autopilot/db/v_tpg.cpp:399]   --->   Operation 57 'select' 'select_ln1020' <Predicate = (!icmp_ln981)> <Delay = 1.24> <CoreInst = "Sel">   --->   Core 73 'Sel' <Latency = 0> <II = 1> <Delay = 1.24> <FuncUnit> <Opcode : 'select'> <InPorts = 3> <OutPorts = 1>
ST_3 : Operation 58 [1/1] (1.24ns)   --->   "%select_ln1020_1 = select i1 %icmp_ln1020, i8 %pix_444, i8 %pix_rgb" [C:/Xil_prj/hdmi_out/hdmi_out.runs/hdmi_out_v_tpg_0_0_synth_1/prj/sol/.autopilot/db/v_tpg.cpp:1020->C:/Xil_prj/hdmi_out/hdmi_out.runs/hdmi_out_v_tpg_0_0_synth_1/prj/sol/.autopilot/db/v_tpg.cpp:399]   --->   Operation 58 'select' 'select_ln1020_1' <Predicate = (!icmp_ln981)> <Delay = 1.24> <CoreInst = "Sel">   --->   Core 73 'Sel' <Latency = 0> <II = 1> <Delay = 1.24> <FuncUnit> <Opcode : 'select'> <InPorts = 3> <OutPorts = 1>
ST_3 : Operation 59 [1/1] (0.00ns)   --->   "%tmp = bitconcatenate i16 @_ssdm_op_BitConcatenate.i16.i8.i8, i8 %select_ln1020_1, i8 %select_ln1020" [C:/Xil_prj/hdmi_out/hdmi_out.runs/hdmi_out_v_tpg_0_0_synth_1/prj/sol/.autopilot/db/v_tpg.cpp:1020->C:/Xil_prj/hdmi_out/hdmi_out.runs/hdmi_out_v_tpg_0_0_synth_1/prj/sol/.autopilot/db/v_tpg.cpp:399]   --->   Operation 59 'bitconcatenate' 'tmp' <Predicate = (!icmp_ln981)> <Delay = 0.00>
ST_3 : Operation 60 [1/1] (0.00ns)   --->   "%axi_data_3 = partset i24 @_ssdm_op_PartSet.i24.i24.i16.i32.i32, i24 %sext_ln925, i16 %tmp, i32 8, i32 23" [C:/Xil_prj/hdmi_out/hdmi_out.runs/hdmi_out_v_tpg_0_0_synth_1/prj/sol/.autopilot/db/v_tpg.cpp:1020->C:/Xil_prj/hdmi_out/hdmi_out.runs/hdmi_out_v_tpg_0_0_synth_1/prj/sol/.autopilot/db/v_tpg.cpp:399]   --->   Operation 60 'partset' 'axi_data_3' <Predicate = (!icmp_ln981)> <Delay = 0.00>
ST_3 : Operation 61 [1/1] (1.00ns)   --->   "%write_ln1035 = write void @_ssdm_op_Write.axis.volatile.i24P0A.i3P0A.i3P0A.i1P0A.i1P0A.i1P0A.i1P0A, i24 %m_axis_video_V_data_V, i3 %m_axis_video_V_keep_V, i3 %m_axis_video_V_strb_V, i1 %m_axis_video_V_user_V, i1 %m_axis_video_V_last_V, i1 %m_axis_video_V_id_V, i1 %m_axis_video_V_dest_V, i24 %axi_data_3, i3 7, i3 0, i1 %sof_2, i1 %axi_last, i1 0, i1 0" [C:/Xil_prj/hdmi_out/hdmi_out.runs/hdmi_out_v_tpg_0_0_synth_1/prj/sol/.autopilot/db/v_tpg.cpp:1035->C:/Xil_prj/hdmi_out/hdmi_out.runs/hdmi_out_v_tpg_0_0_synth_1/prj/sol/.autopilot/db/v_tpg.cpp:399]   --->   Operation 61 'write' 'write_ln1035' <Predicate = (!icmp_ln981)> <Delay = 1.00> <CoreInst = "axis">   --->   Core 115 'axis' <Latency = 0> <II = 1> <Delay = 1.00> <Adapter> <Opcode : >
ST_3 : Operation 62 [1/1] (0.97ns)   --->   "%fid_toggle_1 = xor i1 %fid_toggle, i1 1" [C:/Xil_prj/hdmi_out/hdmi_out.runs/hdmi_out_v_tpg_0_0_synth_1/prj/sol/.autopilot/db/v_tpg.cpp:1053->C:/Xil_prj/hdmi_out/hdmi_out.runs/hdmi_out_v_tpg_0_0_synth_1/prj/sol/.autopilot/db/v_tpg.cpp:399]   --->   Operation 62 'xor' 'fid_toggle_1' <Predicate = (!icmp_ln981 & field_id_val8_load_read == 3)> <Delay = 0.97> <CoreInst = "LogicGate">   --->   Core 74 'LogicGate' <Latency = 0> <II = 1> <Delay = 0.97> <FuncUnit> <Opcode : 'and' 'or' 'xor'> <InPorts = 2> <OutPorts = 1>
ST_3 : Operation 63 [1/1] (0.00ns)   --->   "%write_ln1054 = write void @_ssdm_op_Write.ap_auto.i1P0A, i1 %fid, i1 %fid_toggle_1" [C:/Xil_prj/hdmi_out/hdmi_out.runs/hdmi_out_v_tpg_0_0_synth_1/prj/sol/.autopilot/db/v_tpg.cpp:1054->C:/Xil_prj/hdmi_out/hdmi_out.runs/hdmi_out_v_tpg_0_0_synth_1/prj/sol/.autopilot/db/v_tpg.cpp:399]   --->   Operation 63 'write' 'write_ln1054' <Predicate = (!icmp_ln981 & field_id_val8_load_read == 3)> <Delay = 0.00>
ST_3 : Operation 64 [1/1] (1.94ns)   --->   "%br_ln1055 = br void %for.inc111.i" [C:/Xil_prj/hdmi_out/hdmi_out.runs/hdmi_out_v_tpg_0_0_synth_1/prj/sol/.autopilot/db/v_tpg.cpp:1055->C:/Xil_prj/hdmi_out/hdmi_out.runs/hdmi_out_v_tpg_0_0_synth_1/prj/sol/.autopilot/db/v_tpg.cpp:399]   --->   Operation 64 'br' 'br_ln1055' <Predicate = (!icmp_ln981 & field_id_val8_load_read == 3)> <Delay = 1.94>
ST_3 : Operation 65 [1/1] (0.00ns)   --->   "%write_ln1044 = write void @_ssdm_op_Write.ap_auto.i1P0A, i1 %fid, i1 %fid_toggle" [C:/Xil_prj/hdmi_out/hdmi_out.runs/hdmi_out_v_tpg_0_0_synth_1/prj/sol/.autopilot/db/v_tpg.cpp:1044->C:/Xil_prj/hdmi_out/hdmi_out.runs/hdmi_out_v_tpg_0_0_synth_1/prj/sol/.autopilot/db/v_tpg.cpp:399]   --->   Operation 65 'write' 'write_ln1044' <Predicate = (!icmp_ln981 & field_id_val8_load_read == 1)> <Delay = 0.00>
ST_3 : Operation 66 [1/1] (1.94ns)   --->   "%br_ln1046 = br void %for.inc111.i" [C:/Xil_prj/hdmi_out/hdmi_out.runs/hdmi_out_v_tpg_0_0_synth_1/prj/sol/.autopilot/db/v_tpg.cpp:1046->C:/Xil_prj/hdmi_out/hdmi_out.runs/hdmi_out_v_tpg_0_0_synth_1/prj/sol/.autopilot/db/v_tpg.cpp:399]   --->   Operation 66 'br' 'br_ln1046' <Predicate = (!icmp_ln981 & field_id_val8_load_read == 1)> <Delay = 1.94>
ST_3 : Operation 67 [1/1] (0.00ns)   --->   "%empty_160 = phi i1 0, void %if.then93.i, i1 %fid_toggle, void %if.then97.i, i1 1, void %if.then101.i, i1 %fid_in_val9_load_read, void %if.else106.i, i1 %fid_toggle_1, void %if.then105.i"   --->   Operation 67 'phi' 'empty_160' <Predicate = (!icmp_ln981)> <Delay = 0.00>

State 4 <SV = 2> <Delay = 0.00>
ST_4 : Operation 68 [1/1] (0.00ns)   --->   "%write_ln1008 = write void @_ssdm_op_Write.ap_auto.i1P0A, i1 %p_phi_i_out, i1 %p_phi_i" [C:/Xil_prj/hdmi_out/hdmi_out.runs/hdmi_out_v_tpg_0_0_synth_1/prj/sol/.autopilot/db/v_tpg.cpp:1008->C:/Xil_prj/hdmi_out/hdmi_out.runs/hdmi_out_v_tpg_0_0_synth_1/prj/sol/.autopilot/db/v_tpg.cpp:399]   --->   Operation 68 'write' 'write_ln1008' <Predicate = true> <Delay = 0.00>

State 5 <SV = 3> <Delay = 0.00>
ST_5 : Operation 69 [1/1] (0.00ns)   --->   "%ret_ln0 = ret"   --->   Operation 69 'ret' 'ret_ln0' <Predicate = true> <Delay = 0.00>


============================================================
+ Verbose Summary: Binding
============================================================
STG Binding: 
---------------- STG Properties BEGIN ----------------
- Is combinational: 0
- Is one-state seq: 0
- Is datapath-only: 0
- Is pipelined: 0
- Is top level: 0
Port [ Return ] is wired: 1; IO mode=ap_ctrl_hs:ce=0
Port [ sof]:  wired=1; compound=0; hidden=0; nouse=0; global=0; static=0; extern=0; dir=0; type=0; pingpong=0; private_global=0; IO mode=ap_none:ce=0
Port [ empty]:  wired=1; compound=0; hidden=0; nouse=0; global=0; static=0; extern=0; dir=0; type=0; pingpong=0; private_global=0; IO mode=ap_none:ce=0
Port [ cols]:  wired=1; compound=0; hidden=0; nouse=0; global=0; static=0; extern=0; dir=0; type=0; pingpong=0; private_global=0; IO mode=ap_none:ce=0
Port [ fid_in_val9_load]:  wired=1; compound=0; hidden=0; nouse=0; global=0; static=0; extern=0; dir=0; type=0; pingpong=0; private_global=0; IO mode=ap_none:ce=0
Port [ fid]:  wired=1; compound=0; hidden=0; nouse=0; global=0; static=0; extern=0; dir=1; type=0; pingpong=0; private_global=0; IO mode=ap_vld:ce=0
Port [ ovrlayYUV]:  wired=1; compound=1; hidden=0; nouse=0; global=0; static=0; extern=0; dir=0; type=3; pingpong=0; private_global=0; IO mode=ap_fifo:ce=0
Port [ colorFormat_val17_load]:  wired=1; compound=0; hidden=0; nouse=0; global=0; static=0; extern=0; dir=0; type=0; pingpong=0; private_global=0; IO mode=ap_none:ce=0
Port [ m_axis_video_V_data_V]:  wired=1; compound=1; hidden=0; nouse=0; global=0; static=0; extern=0; dir=1; type=0; pingpong=0; private_global=0; IO mode=axis:ce=0
Port [ m_axis_video_V_keep_V]:  wired=1; compound=1; hidden=0; nouse=0; global=0; static=0; extern=0; dir=1; type=0; pingpong=0; private_global=0; IO mode=axis:ce=0
Port [ m_axis_video_V_strb_V]:  wired=1; compound=1; hidden=0; nouse=0; global=0; static=0; extern=0; dir=1; type=0; pingpong=0; private_global=0; IO mode=axis:ce=0
Port [ m_axis_video_V_user_V]:  wired=1; compound=1; hidden=0; nouse=0; global=0; static=0; extern=0; dir=1; type=0; pingpong=0; private_global=0; IO mode=axis:ce=0
Port [ m_axis_video_V_last_V]:  wired=1; compound=1; hidden=0; nouse=0; global=0; static=0; extern=0; dir=1; type=0; pingpong=0; private_global=0; IO mode=axis:ce=0
Port [ m_axis_video_V_id_V]:  wired=1; compound=1; hidden=0; nouse=0; global=0; static=0; extern=0; dir=1; type=0; pingpong=0; private_global=0; IO mode=axis:ce=0
Port [ m_axis_video_V_dest_V]:  wired=1; compound=1; hidden=0; nouse=0; global=0; static=0; extern=0; dir=1; type=0; pingpong=0; private_global=0; IO mode=axis:ce=0
Port [ field_id_val8_load]:  wired=1; compound=0; hidden=0; nouse=0; global=0; static=0; extern=0; dir=0; type=0; pingpong=0; private_global=0; IO mode=ap_none:ce=0
Port [ sext_ln979]:  wired=1; compound=0; hidden=0; nouse=0; global=0; static=0; extern=0; dir=0; type=0; pingpong=0; private_global=0; IO mode=ap_none:ce=0
Port [ counter_loc_1_i_out]:  wired=1; compound=0; hidden=0; nouse=0; global=0; static=0; extern=0; dir=2; type=0; pingpong=0; private_global=0; IO mode=ap_ovld:ce=0
Port [ p_phi_i_out]:  wired=1; compound=0; hidden=0; nouse=0; global=0; static=0; extern=0; dir=1; type=0; pingpong=0; private_global=0; IO mode=ap_vld:ce=0
Port [ counter]:  wired=1; compound=0; hidden=0; nouse=0; global=1; static=1; extern=0; dir=1; type=0; pingpong=0; private_global=0; IO mode=ap_vld:ce=0
---------------- STG Properties END ------------------

---------------- Datapath Model BEGIN ----------------

<LifeTime>
<method=bitvector/>
j                           (alloca             ) [ 011100]
sext_ln979_read             (read               ) [ 000000]
field_id_val8_load_read     (read               ) [ 001100]
colorFormat_val17_load_read (read               ) [ 001100]
fid_in_val9_load_read       (read               ) [ 001100]
cols_read                   (read               ) [ 001100]
tmp_30                      (read               ) [ 011100]
sof_read                    (read               ) [ 011100]
sext_ln979_cast             (sext               ) [ 001100]
specaxissidechannel_ln0     (specaxissidechannel) [ 000000]
specinterface_ln0           (specinterface      ) [ 000000]
specinterface_ln0           (specinterface      ) [ 000000]
store_ln981                 (store              ) [ 000000]
br_ln0                      (br                 ) [ 011100]
sof_2                       (phi                ) [ 001100]
p_phi_i                     (phi                ) [ 001010]
j_1                         (load               ) [ 000000]
icmp_ln981                  (icmp               ) [ 001100]
speclooptripcount_ln0       (speclooptripcount  ) [ 000000]
j_2                         (add                ) [ 000000]
br_ln981                    (br                 ) [ 000000]
zext_ln981                  (zext               ) [ 000000]
specpipeline_ln984          (specpipeline       ) [ 000000]
specloopname_ln981          (specloopname       ) [ 000000]
axi_last                    (icmp               ) [ 001100]
br_ln1003                   (br                 ) [ 000000]
counter_loc_1_i_out_load    (load               ) [ 000000]
add_ln1005                  (add                ) [ 000000]
store_ln1005                (store              ) [ 000000]
store_ln1005                (store              ) [ 000000]
br_ln1006                   (br                 ) [ 000000]
icmp_ln1020                 (icmp               ) [ 001100]
switch_ln1038               (switch             ) [ 000000]
write_ln1049                (write              ) [ 000000]
br_ln1050                   (br                 ) [ 001100]
write_ln1040                (write              ) [ 000000]
br_ln1041                   (br                 ) [ 001100]
write_ln1058                (write              ) [ 000000]
br_ln0                      (br                 ) [ 001100]
store_ln981                 (store              ) [ 000000]
br_ln981                    (br                 ) [ 011100]
counter_loc_1_i_out_load_1  (load               ) [ 000000]
fid_toggle                  (trunc              ) [ 000000]
ovrlayYUV_read              (read               ) [ 000000]
pix_444                     (trunc              ) [ 000000]
pix_rgb_2                   (partselect         ) [ 000000]
pix_rgb                     (partselect         ) [ 000000]
axi_data                    (bitconcatenate     ) [ 000000]
axi_data_1                  (bitconcatenate     ) [ 000000]
axi_data_2                  (select             ) [ 000000]
sext_ln925                  (sext               ) [ 000000]
select_ln1020               (select             ) [ 000000]
select_ln1020_1             (select             ) [ 000000]
tmp                         (bitconcatenate     ) [ 000000]
axi_data_3                  (partset            ) [ 000000]
write_ln1035                (write              ) [ 000000]
fid_toggle_1                (xor                ) [ 000000]
write_ln1054                (write              ) [ 000000]
br_ln1055                   (br                 ) [ 000000]
write_ln1044                (write              ) [ 000000]
br_ln1046                   (br                 ) [ 000000]
empty_160                   (phi                ) [ 011100]
write_ln1008                (write              ) [ 000000]
ret_ln0                     (ret                ) [ 000000]
</LifeTime>

<model>

<comp_list>
<comp id="0" class="1000" name="sof">
<pin_list>
<pin id="1" dir="1" index="0" bw="1" slack="0"/>
</pin_list>
<bind>
<StgValue><ssdm name="sof"/></StgValue>
</bind>
</comp>

<comp id="2" class="1000" name="empty">
<pin_list>
<pin id="3" dir="1" index="0" bw="1" slack="0"/>
</pin_list>
<bind>
<StgValue><ssdm name="empty"/></StgValue>
</bind>
</comp>

<comp id="4" class="1000" name="cols">
<pin_list>
<pin id="5" dir="1" index="0" bw="1" slack="0"/>
</pin_list>
<bind>
<StgValue><ssdm name="cols"/></StgValue>
</bind>
</comp>

<comp id="6" class="1000" name="fid_in_val9_load">
<pin_list>
<pin id="7" dir="1" index="0" bw="1" slack="0"/>
</pin_list>
<bind>
<StgValue><ssdm name="fid_in_val9_load"/></StgValue>
</bind>
</comp>

<comp id="8" class="1000" name="fid">
<pin_list>
<pin id="9" dir="1" index="0" bw="1" slack="0"/>
</pin_list>
<bind>
<StgValue><ssdm name="fid"/></StgValue>
</bind>
</comp>

<comp id="10" class="1000" name="ovrlayYUV">
<pin_list>
<pin id="11" dir="1" index="0" bw="1" slack="0"/>
</pin_list>
<bind>
<StgValue><ssdm name="ovrlayYUV"/></StgValue>
</bind>
</comp>

<comp id="12" class="1000" name="colorFormat_val17_load">
<pin_list>
<pin id="13" dir="1" index="0" bw="1" slack="0"/>
</pin_list>
<bind>
<StgValue><ssdm name="colorFormat_val17_load"/></StgValue>
</bind>
</comp>

<comp id="14" class="1000" name="m_axis_video_V_data_V">
<pin_list>
<pin id="15" dir="1" index="0" bw="1" slack="0"/>
</pin_list>
<bind>
<StgValue><ssdm name="m_axis_video_V_data_V"/></StgValue>
</bind>
</comp>

<comp id="16" class="1000" name="m_axis_video_V_keep_V">
<pin_list>
<pin id="17" dir="1" index="0" bw="1" slack="0"/>
</pin_list>
<bind>
<StgValue><ssdm name="m_axis_video_V_keep_V"/></StgValue>
</bind>
</comp>

<comp id="18" class="1000" name="m_axis_video_V_strb_V">
<pin_list>
<pin id="19" dir="1" index="0" bw="1" slack="0"/>
</pin_list>
<bind>
<StgValue><ssdm name="m_axis_video_V_strb_V"/></StgValue>
</bind>
</comp>

<comp id="20" class="1000" name="m_axis_video_V_user_V">
<pin_list>
<pin id="21" dir="1" index="0" bw="1" slack="0"/>
</pin_list>
<bind>
<StgValue><ssdm name="m_axis_video_V_user_V"/></StgValue>
</bind>
</comp>

<comp id="22" class="1000" name="m_axis_video_V_last_V">
<pin_list>
<pin id="23" dir="1" index="0" bw="1" slack="0"/>
</pin_list>
<bind>
<StgValue><ssdm name="m_axis_video_V_last_V"/></StgValue>
</bind>
</comp>

<comp id="24" class="1000" name="m_axis_video_V_id_V">
<pin_list>
<pin id="25" dir="1" index="0" bw="1" slack="0"/>
</pin_list>
<bind>
<StgValue><ssdm name="m_axis_video_V_id_V"/></StgValue>
</bind>
</comp>

<comp id="26" class="1000" name="m_axis_video_V_dest_V">
<pin_list>
<pin id="27" dir="1" index="0" bw="1" slack="0"/>
</pin_list>
<bind>
<StgValue><ssdm name="m_axis_video_V_dest_V"/></StgValue>
</bind>
</comp>

<comp id="28" class="1000" name="field_id_val8_load">
<pin_list>
<pin id="29" dir="1" index="0" bw="1" slack="0"/>
</pin_list>
<bind>
<StgValue><ssdm name="field_id_val8_load"/></StgValue>
</bind>
</comp>

<comp id="30" class="1000" name="sext_ln979">
<pin_list>
<pin id="31" dir="1" index="0" bw="1" slack="0"/>
</pin_list>
<bind>
<StgValue><ssdm name="sext_ln979"/></StgValue>
</bind>
</comp>

<comp id="32" class="1000" name="counter_loc_1_i_out">
<pin_list>
<pin id="33" dir="1" index="0" bw="1" slack="0"/>
</pin_list>
<bind>
<StgValue><ssdm name="counter_loc_1_i_out"/></StgValue>
</bind>
</comp>

<comp id="34" class="1000" name="p_phi_i_out">
<pin_list>
<pin id="35" dir="1" index="0" bw="1" slack="0"/>
</pin_list>
<bind>
<StgValue><ssdm name="p_phi_i_out"/></StgValue>
</bind>
</comp>

<comp id="36" class="1000" name="counter">
<pin_list>
<pin id="37" dir="1" index="0" bw="1" slack="0"/>
</pin_list>
<bind>
<StgValue><ssdm name="counter"/></StgValue>
</bind>
</comp>

<comp id="38" class="1001" name="const_38">
<pin_list>
<pin id="39" dir="1" index="0" bw="1" slack="0"/>
</pin_list>
<bind>
<StgValue><ssdm name=""/></StgValue>
</bind>
</comp>

<comp id="40" class="1001" name="const_40">
<pin_list>
<pin id="41" dir="1" index="0" bw="1" slack="0"/>
</pin_list>
<bind>
<StgValue><ssdm name="_ssdm_op_Read.ap_auto.i13"/></StgValue>
</bind>
</comp>

<comp id="42" class="1001" name="const_42">
<pin_list>
<pin id="43" dir="1" index="0" bw="1" slack="0"/>
</pin_list>
<bind>
<StgValue><ssdm name="_ssdm_op_Read.ap_auto.i16"/></StgValue>
</bind>
</comp>

<comp id="44" class="1001" name="const_44">
<pin_list>
<pin id="45" dir="1" index="0" bw="1" slack="0"/>
</pin_list>
<bind>
<StgValue><ssdm name="_ssdm_op_Read.ap_auto.i8"/></StgValue>
</bind>
</comp>

<comp id="46" class="1001" name="const_46">
<pin_list>
<pin id="47" dir="1" index="0" bw="1" slack="0"/>
</pin_list>
<bind>
<StgValue><ssdm name="_ssdm_op_Read.ap_auto.i1"/></StgValue>
</bind>
</comp>

<comp id="48" class="1001" name="const_48">
<pin_list>
<pin id="49" dir="1" index="0" bw="1" slack="2147483647"/>
</pin_list>
<bind>
<StgValue><ssdm name="_ssdm_op_SpecAXISSideChannel"/></StgValue>
</bind>
</comp>

<comp id="50" class="1001" name="const_50">
<pin_list>
<pin id="51" dir="1" index="0" bw="1" slack="2147483647"/>
</pin_list>
<bind>
<StgValue><ssdm name="empty_21"/></StgValue>
</bind>
</comp>

<comp id="52" class="1001" name="const_52">
<pin_list>
<pin id="53" dir="1" index="0" bw="1" slack="2147483647"/>
</pin_list>
<bind>
<StgValue><ssdm name="_ssdm_op_SpecInterface"/></StgValue>
</bind>
</comp>

<comp id="54" class="1001" name="const_54">
<pin_list>
<pin id="55" dir="1" index="0" bw="1" slack="2147483647"/>
</pin_list>
<bind>
<StgValue><ssdm name="empty_6"/></StgValue>
</bind>
</comp>

<comp id="56" class="1001" name="const_56">
<pin_list>
<pin id="57" dir="1" index="0" bw="1" slack="2147483647"/>
</pin_list>
<bind>
<StgValue><ssdm name=""/></StgValue>
</bind>
</comp>

<comp id="58" class="1001" name="const_58">
<pin_list>
<pin id="59" dir="1" index="0" bw="1" slack="2147483647"/>
</pin_list>
<bind>
<StgValue><ssdm name="empty_35"/></StgValue>
</bind>
</comp>

<comp id="60" class="1001" name="const_60">
<pin_list>
<pin id="61" dir="1" index="0" bw="1" slack="2147483647"/>
</pin_list>
<bind>
<StgValue><ssdm name="empty_9"/></StgValue>
</bind>
</comp>

<comp id="62" class="1001" name="const_62">
<pin_list>
<pin id="63" dir="1" index="0" bw="1" slack="2147483647"/>
</pin_list>
<bind>
<StgValue><ssdm name=""/></StgValue>
</bind>
</comp>

<comp id="64" class="1001" name="const_64">
<pin_list>
<pin id="65" dir="1" index="0" bw="1" slack="2147483647"/>
</pin_list>
<bind>
<StgValue><ssdm name="empty_19"/></StgValue>
</bind>
</comp>

<comp id="66" class="1001" name="const_66">
<pin_list>
<pin id="67" dir="1" index="0" bw="1" slack="0"/>
</pin_list>
<bind>
<StgValue><ssdm name=""/></StgValue>
</bind>
</comp>

<comp id="68" class="1001" name="const_68">
<pin_list>
<pin id="69" dir="1" index="0" bw="1" slack="0"/>
</pin_list>
<bind>
<StgValue><ssdm name=""/></StgValue>
</bind>
</comp>

<comp id="70" class="1001" name="const_70">
<pin_list>
<pin id="71" dir="1" index="0" bw="1" slack="2147483647"/>
</pin_list>
<bind>
<StgValue><ssdm name="_ssdm_op_SpecLoopTripCount"/></StgValue>
</bind>
</comp>

<comp id="72" class="1001" name="const_72">
<pin_list>
<pin id="73" dir="1" index="0" bw="1" slack="2147483647"/>
</pin_list>
<bind>
<StgValue><ssdm name=""/></StgValue>
</bind>
</comp>

<comp id="74" class="1001" name="const_74">
<pin_list>
<pin id="75" dir="1" index="0" bw="1" slack="2147483647"/>
</pin_list>
<bind>
<StgValue><ssdm name=""/></StgValue>
</bind>
</comp>

<comp id="76" class="1001" name="const_76">
<pin_list>
<pin id="77" dir="1" index="0" bw="1" slack="0"/>
</pin_list>
<bind>
<StgValue><ssdm name=""/></StgValue>
</bind>
</comp>

<comp id="78" class="1001" name="const_78">
<pin_list>
<pin id="79" dir="1" index="0" bw="1" slack="2147483647"/>
</pin_list>
<bind>
<StgValue><ssdm name="_ssdm_op_SpecPipeline"/></StgValue>
</bind>
</comp>

<comp id="80" class="1001" name="const_80">
<pin_list>
<pin id="81" dir="1" index="0" bw="1" slack="2147483647"/>
</pin_list>
<bind>
<StgValue><ssdm name="_ssdm_op_SpecLoopName"/></StgValue>
</bind>
</comp>

<comp id="82" class="1001" name="const_82">
<pin_list>
<pin id="83" dir="1" index="0" bw="1" slack="2147483647"/>
</pin_list>
<bind>
<StgValue><ssdm name="empty_20"/></StgValue>
</bind>
</comp>

<comp id="84" class="1001" name="const_84">
<pin_list>
<pin id="85" dir="1" index="0" bw="1" slack="0"/>
</pin_list>
<bind>
<StgValue><ssdm name=""/></StgValue>
</bind>
</comp>

<comp id="86" class="1001" name="const_86">
<pin_list>
<pin id="87" dir="1" index="0" bw="1" slack="0"/>
</pin_list>
<bind>
<StgValue><ssdm name=""/></StgValue>
</bind>
</comp>

<comp id="88" class="1001" name="const_88">
<pin_list>
<pin id="89" dir="1" index="0" bw="1" slack="2147483647"/>
</pin_list>
<bind>
<StgValue><ssdm name=""/></StgValue>
</bind>
</comp>

<comp id="90" class="1001" name="const_90">
<pin_list>
<pin id="91" dir="1" index="0" bw="1" slack="2147483647"/>
</pin_list>
<bind>
<StgValue><ssdm name=""/></StgValue>
</bind>
</comp>

<comp id="92" class="1001" name="const_92">
<pin_list>
<pin id="93" dir="1" index="0" bw="1" slack="2147483647"/>
</pin_list>
<bind>
<StgValue><ssdm name=""/></StgValue>
</bind>
</comp>

<comp id="94" class="1001" name="const_94">
<pin_list>
<pin id="95" dir="1" index="0" bw="1" slack="0"/>
</pin_list>
<bind>
<StgValue><ssdm name="_ssdm_op_Write.ap_auto.i1P0A"/></StgValue>
</bind>
</comp>

<comp id="96" class="1001" name="const_96">
<pin_list>
<pin id="97" dir="1" index="0" bw="1" slack="0"/>
</pin_list>
<bind>
<StgValue><ssdm name=""/></StgValue>
</bind>
</comp>

<comp id="98" class="1001" name="const_98">
<pin_list>
<pin id="99" dir="1" index="0" bw="1" slack="0"/>
</pin_list>
<bind>
<StgValue><ssdm name="_ssdm_op_Read.ap_fifo.volatile.i24P0A"/></StgValue>
</bind>
</comp>

<comp id="100" class="1001" name="const_100">
<pin_list>
<pin id="101" dir="1" index="0" bw="1" slack="0"/>
</pin_list>
<bind>
<StgValue><ssdm name="_ssdm_op_PartSelect.i8.i24.i32.i32"/></StgValue>
</bind>
</comp>

<comp id="102" class="1001" name="const_102">
<pin_list>
<pin id="103" dir="1" index="0" bw="1" slack="0"/>
</pin_list>
<bind>
<StgValue><ssdm name=""/></StgValue>
</bind>
</comp>

<comp id="104" class="1001" name="const_104">
<pin_list>
<pin id="105" dir="1" index="0" bw="1" slack="0"/>
</pin_list>
<bind>
<StgValue><ssdm name=""/></StgValue>
</bind>
</comp>

<comp id="106" class="1001" name="const_106">
<pin_list>
<pin id="107" dir="1" index="0" bw="1" slack="0"/>
</pin_list>
<bind>
<StgValue><ssdm name=""/></StgValue>
</bind>
</comp>

<comp id="108" class="1001" name="const_108">
<pin_list>
<pin id="109" dir="1" index="0" bw="1" slack="0"/>
</pin_list>
<bind>
<StgValue><ssdm name=""/></StgValue>
</bind>
</comp>

<comp id="110" class="1001" name="const_110">
<pin_list>
<pin id="111" dir="1" index="0" bw="1" slack="0"/>
</pin_list>
<bind>
<StgValue><ssdm name="_ssdm_op_BitConcatenate.i9.i1.i8"/></StgValue>
</bind>
</comp>

<comp id="112" class="1001" name="const_112">
<pin_list>
<pin id="113" dir="1" index="0" bw="1" slack="0"/>
</pin_list>
<bind>
<StgValue><ssdm name="_ssdm_op_BitConcatenate.i16.i8.i8"/></StgValue>
</bind>
</comp>

<comp id="114" class="1001" name="const_114">
<pin_list>
<pin id="115" dir="1" index="0" bw="1" slack="0"/>
</pin_list>
<bind>
<StgValue><ssdm name="_ssdm_op_PartSet.i24.i24.i16.i32.i32"/></StgValue>
</bind>
</comp>

<comp id="116" class="1001" name="const_116">
<pin_list>
<pin id="117" dir="1" index="0" bw="1" slack="0"/>
</pin_list>
<bind>
<StgValue><ssdm name="_ssdm_op_Write.axis.volatile.i24P0A.i3P0A.i3P0A.i1P0A.i1P0A.i1P0A.i1P0A"/></StgValue>
</bind>
</comp>

<comp id="118" class="1001" name="const_118">
<pin_list>
<pin id="119" dir="1" index="0" bw="1" slack="0"/>
</pin_list>
<bind>
<StgValue><ssdm name=""/></StgValue>
</bind>
</comp>

<comp id="120" class="1001" name="const_120">
<pin_list>
<pin id="121" dir="1" index="0" bw="1" slack="0"/>
</pin_list>
<bind>
<StgValue><ssdm name=""/></StgValue>
</bind>
</comp>

<comp id="122" class="1001" name="const_122">
<pin_list>
<pin id="123" dir="1" index="0" bw="1" slack="0"/>
</pin_list>
<bind>
<StgValue><ssdm name=""/></StgValue>
</bind>
</comp>

<comp id="124" class="1004" name="j_fu_124">
<pin_list>
<pin id="125" dir="0" index="0" bw="1" slack="0"/>
<pin id="126" dir="1" index="1" bw="13" slack="0"/>
</pin_list>
<bind>
<opcode="alloca(26) " fcode="alloca"/>
<opset="j/1 "/>
</bind>
</comp>

<comp id="128" class="1004" name="sext_ln979_read_read_fu_128">
<pin_list>
<pin id="129" dir="0" index="0" bw="13" slack="0"/>
<pin id="130" dir="0" index="1" bw="13" slack="0"/>
<pin id="131" dir="1" index="2" bw="13" slack="0"/>
</pin_list>
<bind>
<opcode="read(1150) " fcode="read"/>
<opset="sext_ln979_read/1 "/>
</bind>
</comp>

<comp id="134" class="1004" name="field_id_val8_load_read_read_fu_134">
<pin_list>
<pin id="135" dir="0" index="0" bw="16" slack="0"/>
<pin id="136" dir="0" index="1" bw="16" slack="0"/>
<pin id="137" dir="1" index="2" bw="16" slack="1"/>
</pin_list>
<bind>
<opcode="read(1150) " fcode="read"/>
<opset="field_id_val8_load_read/1 "/>
</bind>
</comp>

<comp id="140" class="1004" name="colorFormat_val17_load_read_read_fu_140">
<pin_list>
<pin id="141" dir="0" index="0" bw="8" slack="0"/>
<pin id="142" dir="0" index="1" bw="8" slack="0"/>
<pin id="143" dir="1" index="2" bw="8" slack="1"/>
</pin_list>
<bind>
<opcode="read(1150) " fcode="read"/>
<opset="colorFormat_val17_load_read/1 "/>
</bind>
</comp>

<comp id="146" class="1004" name="fid_in_val9_load_read_read_fu_146">
<pin_list>
<pin id="147" dir="0" index="0" bw="1" slack="0"/>
<pin id="148" dir="0" index="1" bw="1" slack="0"/>
<pin id="149" dir="1" index="2" bw="1" slack="1"/>
</pin_list>
<bind>
<opcode="read(1150) " fcode="read"/>
<opset="fid_in_val9_load_read/1 "/>
</bind>
</comp>

<comp id="152" class="1004" name="cols_read_read_fu_152">
<pin_list>
<pin id="153" dir="0" index="0" bw="13" slack="0"/>
<pin id="154" dir="0" index="1" bw="13" slack="0"/>
<pin id="155" dir="1" index="2" bw="13" slack="1"/>
</pin_list>
<bind>
<opcode="read(1150) " fcode="read"/>
<opset="cols_read/1 "/>
</bind>
</comp>

<comp id="158" class="1004" name="tmp_30_read_fu_158">
<pin_list>
<pin id="159" dir="0" index="0" bw="1" slack="0"/>
<pin id="160" dir="0" index="1" bw="1" slack="0"/>
<pin id="161" dir="1" index="2" bw="1" slack="1"/>
</pin_list>
<bind>
<opcode="read(1150) " fcode="read"/>
<opset="tmp_30/1 "/>
</bind>
</comp>

<comp id="164" class="1004" name="sof_read_read_fu_164">
<pin_list>
<pin id="165" dir="0" index="0" bw="1" slack="0"/>
<pin id="166" dir="0" index="1" bw="1" slack="0"/>
<pin id="167" dir="1" index="2" bw="1" slack="1"/>
</pin_list>
<bind>
<opcode="read(1150) " fcode="read"/>
<opset="sof_read/1 "/>
</bind>
</comp>

<comp id="170" class="1004" name="grp_write_fu_170">
<pin_list>
<pin id="171" dir="0" index="0" bw="0" slack="0"/>
<pin id="172" dir="0" index="1" bw="1" slack="0"/>
<pin id="173" dir="0" index="2" bw="1" slack="0"/>
<pin id="174" dir="1" index="3" bw="0" slack="2147483647"/>
</pin_list>
<bind>
<opcode="write(1151) " fcode="write"/>
<opset="write_ln1049/2 write_ln1040/2 write_ln1058/2 write_ln1054/3 write_ln1044/3 "/>
</bind>
</comp>

<comp id="179" class="1004" name="ovrlayYUV_read_read_fu_179">
<pin_list>
<pin id="180" dir="0" index="0" bw="24" slack="0"/>
<pin id="181" dir="0" index="1" bw="24" slack="0"/>
<pin id="182" dir="1" index="2" bw="24" slack="0"/>
</pin_list>
<bind>
<opcode="read(1150) " fcode="read"/>
<opset="ovrlayYUV_read/3 "/>
</bind>
</comp>

<comp id="185" class="1004" name="write_ln1035_write_fu_185">
<pin_list>
<pin id="186" dir="0" index="0" bw="0" slack="0"/>
<pin id="187" dir="0" index="1" bw="24" slack="0"/>
<pin id="188" dir="0" index="2" bw="3" slack="0"/>
<pin id="189" dir="0" index="3" bw="3" slack="0"/>
<pin id="190" dir="0" index="4" bw="1" slack="0"/>
<pin id="191" dir="0" index="5" bw="1" slack="0"/>
<pin id="192" dir="0" index="6" bw="1" slack="0"/>
<pin id="193" dir="0" index="7" bw="1" slack="0"/>
<pin id="194" dir="0" index="8" bw="24" slack="0"/>
<pin id="195" dir="0" index="9" bw="1" slack="0"/>
<pin id="196" dir="0" index="10" bw="1" slack="0"/>
<pin id="197" dir="0" index="11" bw="1" slack="1"/>
<pin id="198" dir="0" index="12" bw="1" slack="1"/>
<pin id="199" dir="0" index="13" bw="1" slack="0"/>
<pin id="200" dir="0" index="14" bw="1" slack="0"/>
<pin id="201" dir="1" index="15" bw="0" slack="2147483647"/>
</pin_list>
<bind>
<opcode="write(1151) " fcode="write"/>
<opset="write_ln1035/3 "/>
</bind>
</comp>

<comp id="214" class="1004" name="write_ln1008_write_fu_214">
<pin_list>
<pin id="215" dir="0" index="0" bw="0" slack="0"/>
<pin id="216" dir="0" index="1" bw="1" slack="0"/>
<pin id="217" dir="0" index="2" bw="1" slack="1"/>
<pin id="218" dir="1" index="3" bw="0" slack="2147483647"/>
</pin_list>
<bind>
<opcode="write(1151) " fcode="write"/>
<opset="write_ln1008/4 "/>
</bind>
</comp>

<comp id="221" class="1005" name="sof_2_reg_221">
<pin_list>
<pin id="222" dir="0" index="0" bw="1" slack="1"/>
<pin id="223" dir="1" index="1" bw="1" slack="1"/>
</pin_list>
<bind>
<opset="sof_2 (phireg) "/>
</bind>
</comp>

<comp id="225" class="1004" name="sof_2_phi_fu_225">
<pin_list>
<pin id="226" dir="0" index="0" bw="1" slack="1"/>
<pin id="227" dir="0" index="1" bw="0" slack="2147483647"/>
<pin id="228" dir="0" index="2" bw="1" slack="0"/>
<pin id="229" dir="0" index="3" bw="0" slack="2147483647"/>
<pin id="230" dir="1" index="4" bw="1" slack="1"/>
</pin_list>
<bind>
<opcode="phi(47) " fcode="phi"/>
<opset="sof_2/2 "/>
</bind>
</comp>

<comp id="233" class="1005" name="p_phi_i_reg_233">
<pin_list>
<pin id="234" dir="0" index="0" bw="1" slack="1"/>
<pin id="235" dir="1" index="1" bw="1" slack="1"/>
</pin_list>
<bind>
<opset="p_phi_i (phireg) "/>
</bind>
</comp>

<comp id="237" class="1004" name="p_phi_i_phi_fu_237">
<pin_list>
<pin id="238" dir="0" index="0" bw="1" slack="1"/>
<pin id="239" dir="0" index="1" bw="0" slack="2147483647"/>
<pin id="240" dir="0" index="2" bw="1" slack="1"/>
<pin id="241" dir="0" index="3" bw="0" slack="2147483647"/>
<pin id="242" dir="1" index="4" bw="1" slack="1"/>
</pin_list>
<bind>
<opcode="phi(47) " fcode="phi"/>
<opset="p_phi_i/2 "/>
</bind>
</comp>

<comp id="244" class="1005" name="empty_160_reg_244">
<pin_list>
<pin id="245" dir="0" index="0" bw="1" slack="1"/>
<pin id="246" dir="1" index="1" bw="1" slack="1"/>
</pin_list>
<bind>
<opset="empty_160 (phireg) "/>
</bind>
</comp>

<comp id="250" class="1004" name="empty_160_phi_fu_250">
<pin_list>
<pin id="251" dir="0" index="0" bw="1" slack="1"/>
<pin id="252" dir="0" index="1" bw="0" slack="2147483647"/>
<pin id="253" dir="0" index="2" bw="1" slack="0"/>
<pin id="254" dir="0" index="3" bw="0" slack="2147483647"/>
<pin id="255" dir="0" index="4" bw="1" slack="1"/>
<pin id="256" dir="0" index="5" bw="0" slack="2147483647"/>
<pin id="257" dir="0" index="6" bw="1" slack="2"/>
<pin id="258" dir="0" index="7" bw="0" slack="2147483647"/>
<pin id="259" dir="0" index="8" bw="1" slack="0"/>
<pin id="260" dir="0" index="9" bw="0" slack="2147483647"/>
<pin id="261" dir="1" index="10" bw="1" slack="1"/>
</pin_list>
<bind>
<opcode="phi(47) " fcode="phi"/>
<opset="empty_160/3 "/>
</bind>
</comp>

<comp id="265" class="1004" name="sext_ln979_cast_fu_265">
<pin_list>
<pin id="266" dir="0" index="0" bw="13" slack="0"/>
<pin id="267" dir="1" index="1" bw="14" slack="1"/>
</pin_list>
<bind>
<opcode="sext(35) " fcode="sext"/>
<opset="sext_ln979_cast/1 "/>
</bind>
</comp>

<comp id="269" class="1004" name="store_ln981_store_fu_269">
<pin_list>
<pin id="270" dir="0" index="0" bw="1" slack="0"/>
<pin id="271" dir="0" index="1" bw="13" slack="0"/>
<pin id="272" dir="1" index="2" bw="0" slack="2147483647"/>
</pin_list>
<bind>
<opcode="store(28) " fcode="store"/>
<opset="store_ln981/1 "/>
</bind>
</comp>

<comp id="274" class="1004" name="j_1_load_fu_274">
<pin_list>
<pin id="275" dir="0" index="0" bw="13" slack="1"/>
<pin id="276" dir="1" index="1" bw="13" slack="0"/>
</pin_list>
<bind>
<opcode="load(27) " fcode="load"/>
<opset="j_1/2 "/>
</bind>
</comp>

<comp id="277" class="1004" name="icmp_ln981_fu_277">
<pin_list>
<pin id="278" dir="0" index="0" bw="13" slack="0"/>
<pin id="279" dir="0" index="1" bw="13" slack="1"/>
<pin id="280" dir="1" index="2" bw="1" slack="1"/>
</pin_list>
<bind>
<opcode="icmp(45) " fcode="icmp"/>
<opset="icmp_ln981/2 "/>
</bind>
</comp>

<comp id="282" class="1004" name="j_2_fu_282">
<pin_list>
<pin id="283" dir="0" index="0" bw="13" slack="0"/>
<pin id="284" dir="0" index="1" bw="1" slack="0"/>
<pin id="285" dir="1" index="2" bw="13" slack="0"/>
</pin_list>
<bind>
<opcode="add(8) " fcode="add"/>
<opset="j_2/2 "/>
</bind>
</comp>

<comp id="288" class="1004" name="zext_ln981_fu_288">
<pin_list>
<pin id="289" dir="0" index="0" bw="13" slack="0"/>
<pin id="290" dir="1" index="1" bw="14" slack="0"/>
</pin_list>
<bind>
<opcode="zext(34) " fcode="zext"/>
<opset="zext_ln981/2 "/>
</bind>
</comp>

<comp id="292" class="1004" name="axi_last_fu_292">
<pin_list>
<pin id="293" dir="0" index="0" bw="13" slack="0"/>
<pin id="294" dir="0" index="1" bw="13" slack="1"/>
<pin id="295" dir="1" index="2" bw="1" slack="1"/>
</pin_list>
<bind>
<opcode="icmp(45) " fcode="icmp"/>
<opset="axi_last/2 "/>
</bind>
</comp>

<comp id="297" class="1004" name="counter_loc_1_i_out_load_load_fu_297">
<pin_list>
<pin id="298" dir="0" index="0" bw="16" slack="0"/>
<pin id="299" dir="1" index="1" bw="16" slack="0"/>
</pin_list>
<bind>
<opcode="load(27) " fcode="load"/>
<opset="counter_loc_1_i_out_load/2 "/>
</bind>
</comp>

<comp id="301" class="1004" name="add_ln1005_fu_301">
<pin_list>
<pin id="302" dir="0" index="0" bw="16" slack="0"/>
<pin id="303" dir="0" index="1" bw="1" slack="0"/>
<pin id="304" dir="1" index="2" bw="16" slack="0"/>
</pin_list>
<bind>
<opcode="add(8) " fcode="add"/>
<opset="add_ln1005/2 "/>
</bind>
</comp>

<comp id="307" class="1004" name="store_ln1005_store_fu_307">
<pin_list>
<pin id="308" dir="0" index="0" bw="16" slack="0"/>
<pin id="309" dir="0" index="1" bw="16" slack="0"/>
<pin id="310" dir="1" index="2" bw="0" slack="2147483647"/>
</pin_list>
<bind>
<opcode="store(28) " fcode="store"/>
<opset="store_ln1005/2 "/>
</bind>
</comp>

<comp id="313" class="1004" name="store_ln1005_store_fu_313">
<pin_list>
<pin id="314" dir="0" index="0" bw="16" slack="0"/>
<pin id="315" dir="0" index="1" bw="16" slack="0"/>
<pin id="316" dir="1" index="2" bw="0" slack="2147483647"/>
</pin_list>
<bind>
<opcode="store(28) " fcode="store"/>
<opset="store_ln1005/2 "/>
</bind>
</comp>

<comp id="319" class="1004" name="icmp_ln1020_fu_319">
<pin_list>
<pin id="320" dir="0" index="0" bw="8" slack="1"/>
<pin id="321" dir="0" index="1" bw="1" slack="0"/>
<pin id="322" dir="1" index="2" bw="1" slack="1"/>
</pin_list>
<bind>
<opcode="icmp(45) " fcode="icmp"/>
<opset="icmp_ln1020/2 "/>
</bind>
</comp>

<comp id="324" class="1004" name="store_ln981_store_fu_324">
<pin_list>
<pin id="325" dir="0" index="0" bw="13" slack="0"/>
<pin id="326" dir="0" index="1" bw="13" slack="1"/>
<pin id="327" dir="1" index="2" bw="0" slack="2147483647"/>
</pin_list>
<bind>
<opcode="store(28) " fcode="store"/>
<opset="store_ln981/2 "/>
</bind>
</comp>

<comp id="329" class="1004" name="counter_loc_1_i_out_load_1_load_fu_329">
<pin_list>
<pin id="330" dir="0" index="0" bw="16" slack="0"/>
<pin id="331" dir="1" index="1" bw="16" slack="0"/>
</pin_list>
<bind>
<opcode="load(27) " fcode="load"/>
<opset="counter_loc_1_i_out_load_1/3 "/>
</bind>
</comp>

<comp id="333" class="1004" name="fid_toggle_fu_333">
<pin_list>
<pin id="334" dir="0" index="0" bw="16" slack="0"/>
<pin id="335" dir="1" index="1" bw="1" slack="0"/>
</pin_list>
<bind>
<opcode="trunc(33) " fcode="trunc"/>
<opset="fid_toggle/3 "/>
</bind>
</comp>

<comp id="339" class="1004" name="pix_444_fu_339">
<pin_list>
<pin id="340" dir="0" index="0" bw="24" slack="0"/>
<pin id="341" dir="1" index="1" bw="8" slack="0"/>
</pin_list>
<bind>
<opcode="trunc(33) " fcode="trunc"/>
<opset="pix_444/3 "/>
</bind>
</comp>

<comp id="343" class="1004" name="pix_rgb_2_fu_343">
<pin_list>
<pin id="344" dir="0" index="0" bw="8" slack="0"/>
<pin id="345" dir="0" index="1" bw="24" slack="0"/>
<pin id="346" dir="0" index="2" bw="5" slack="0"/>
<pin id="347" dir="0" index="3" bw="5" slack="0"/>
<pin id="348" dir="1" index="4" bw="8" slack="0"/>
</pin_list>
<bind>
<opcode="partselect(1002) " fcode="partselect"/>
<opset="pix_rgb_2/3 "/>
</bind>
</comp>

<comp id="353" class="1004" name="pix_rgb_fu_353">
<pin_list>
<pin id="354" dir="0" index="0" bw="8" slack="0"/>
<pin id="355" dir="0" index="1" bw="24" slack="0"/>
<pin id="356" dir="0" index="2" bw="6" slack="0"/>
<pin id="357" dir="0" index="3" bw="6" slack="0"/>
<pin id="358" dir="1" index="4" bw="8" slack="0"/>
</pin_list>
<bind>
<opcode="partselect(1002) " fcode="partselect"/>
<opset="pix_rgb/3 "/>
</bind>
</comp>

<comp id="363" class="1004" name="axi_data_fu_363">
<pin_list>
<pin id="364" dir="0" index="0" bw="9" slack="0"/>
<pin id="365" dir="0" index="1" bw="1" slack="0"/>
<pin id="366" dir="0" index="2" bw="8" slack="0"/>
<pin id="367" dir="1" index="3" bw="9" slack="0"/>
</pin_list>
<bind>
<opcode="bitconcatenate(1004) " fcode="bitconcatenate"/>
<opset="axi_data/3 "/>
</bind>
</comp>

<comp id="371" class="1004" name="axi_data_1_fu_371">
<pin_list>
<pin id="372" dir="0" index="0" bw="9" slack="0"/>
<pin id="373" dir="0" index="1" bw="1" slack="0"/>
<pin id="374" dir="0" index="2" bw="8" slack="0"/>
<pin id="375" dir="1" index="3" bw="9" slack="0"/>
</pin_list>
<bind>
<opcode="bitconcatenate(1004) " fcode="bitconcatenate"/>
<opset="axi_data_1/3 "/>
</bind>
</comp>

<comp id="379" class="1004" name="axi_data_2_fu_379">
<pin_list>
<pin id="380" dir="0" index="0" bw="1" slack="1"/>
<pin id="381" dir="0" index="1" bw="9" slack="0"/>
<pin id="382" dir="0" index="2" bw="9" slack="0"/>
<pin id="383" dir="1" index="3" bw="9" slack="0"/>
</pin_list>
<bind>
<opcode="select(49) " fcode="select"/>
<opset="axi_data_2/3 "/>
</bind>
</comp>

<comp id="386" class="1004" name="sext_ln925_fu_386">
<pin_list>
<pin id="387" dir="0" index="0" bw="9" slack="0"/>
<pin id="388" dir="1" index="1" bw="24" slack="0"/>
</pin_list>
<bind>
<opcode="sext(35) " fcode="sext"/>
<opset="sext_ln925/3 "/>
</bind>
</comp>

<comp id="390" class="1004" name="select_ln1020_fu_390">
<pin_list>
<pin id="391" dir="0" index="0" bw="1" slack="1"/>
<pin id="392" dir="0" index="1" bw="8" slack="0"/>
<pin id="393" dir="0" index="2" bw="8" slack="0"/>
<pin id="394" dir="1" index="3" bw="8" slack="0"/>
</pin_list>
<bind>
<opcode="select(49) " fcode="select"/>
<opset="select_ln1020/3 "/>
</bind>
</comp>

<comp id="397" class="1004" name="select_ln1020_1_fu_397">
<pin_list>
<pin id="398" dir="0" index="0" bw="1" slack="1"/>
<pin id="399" dir="0" index="1" bw="8" slack="0"/>
<pin id="400" dir="0" index="2" bw="8" slack="0"/>
<pin id="401" dir="1" index="3" bw="8" slack="0"/>
</pin_list>
<bind>
<opcode="select(49) " fcode="select"/>
<opset="select_ln1020_1/3 "/>
</bind>
</comp>

<comp id="404" class="1004" name="tmp_fu_404">
<pin_list>
<pin id="405" dir="0" index="0" bw="16" slack="0"/>
<pin id="406" dir="0" index="1" bw="8" slack="0"/>
<pin id="407" dir="0" index="2" bw="8" slack="0"/>
<pin id="408" dir="1" index="3" bw="16" slack="0"/>
</pin_list>
<bind>
<opcode="bitconcatenate(1004) " fcode="bitconcatenate"/>
<opset="tmp/3 "/>
</bind>
</comp>

<comp id="412" class="1004" name="axi_data_3_fu_412">
<pin_list>
<pin id="413" dir="0" index="0" bw="24" slack="0"/>
<pin id="414" dir="0" index="1" bw="9" slack="0"/>
<pin id="415" dir="0" index="2" bw="16" slack="0"/>
<pin id="416" dir="0" index="3" bw="5" slack="0"/>
<pin id="417" dir="0" index="4" bw="6" slack="0"/>
<pin id="418" dir="1" index="5" bw="24" slack="0"/>
</pin_list>
<bind>
<opcode="partset(1003) " fcode="partset"/>
<opset="axi_data_3/3 "/>
</bind>
</comp>

<comp id="425" class="1004" name="fid_toggle_1_fu_425">
<pin_list>
<pin id="426" dir="0" index="0" bw="1" slack="0"/>
<pin id="427" dir="0" index="1" bw="1" slack="0"/>
<pin id="428" dir="1" index="2" bw="1" slack="0"/>
</pin_list>
<bind>
<opcode="xor(25) " fcode="xor"/>
<opset="fid_toggle_1/3 "/>
</bind>
</comp>

<comp id="433" class="1005" name="j_reg_433">
<pin_list>
<pin id="434" dir="0" index="0" bw="13" slack="0"/>
<pin id="435" dir="1" index="1" bw="13" slack="0"/>
</pin_list>
<bind>
<opset="j "/>
</bind>
</comp>

<comp id="440" class="1005" name="field_id_val8_load_read_reg_440">
<pin_list>
<pin id="441" dir="0" index="0" bw="16" slack="1"/>
<pin id="442" dir="1" index="1" bw="16" slack="2147483647"/>
</pin_list>
<bind>
<opset="field_id_val8_load_read "/>
</bind>
</comp>

<comp id="444" class="1005" name="colorFormat_val17_load_read_reg_444">
<pin_list>
<pin id="445" dir="0" index="0" bw="8" slack="1"/>
<pin id="446" dir="1" index="1" bw="8" slack="1"/>
</pin_list>
<bind>
<opset="colorFormat_val17_load_read "/>
</bind>
</comp>

<comp id="449" class="1005" name="fid_in_val9_load_read_reg_449">
<pin_list>
<pin id="450" dir="0" index="0" bw="1" slack="1"/>
<pin id="451" dir="1" index="1" bw="1" slack="1"/>
</pin_list>
<bind>
<opset="fid_in_val9_load_read "/>
</bind>
</comp>

<comp id="455" class="1005" name="cols_read_reg_455">
<pin_list>
<pin id="456" dir="0" index="0" bw="13" slack="1"/>
<pin id="457" dir="1" index="1" bw="13" slack="1"/>
</pin_list>
<bind>
<opset="cols_read "/>
</bind>
</comp>

<comp id="460" class="1005" name="tmp_30_reg_460">
<pin_list>
<pin id="461" dir="0" index="0" bw="1" slack="1"/>
<pin id="462" dir="1" index="1" bw="1" slack="1"/>
</pin_list>
<bind>
<opset="tmp_30 "/>
</bind>
</comp>

<comp id="465" class="1005" name="sof_read_reg_465">
<pin_list>
<pin id="466" dir="0" index="0" bw="1" slack="1"/>
<pin id="467" dir="1" index="1" bw="1" slack="1"/>
</pin_list>
<bind>
<opset="sof_read "/>
</bind>
</comp>

<comp id="470" class="1005" name="sext_ln979_cast_reg_470">
<pin_list>
<pin id="471" dir="0" index="0" bw="14" slack="1"/>
<pin id="472" dir="1" index="1" bw="14" slack="1"/>
</pin_list>
<bind>
<opset="sext_ln979_cast "/>
</bind>
</comp>

<comp id="475" class="1005" name="icmp_ln981_reg_475">
<pin_list>
<pin id="476" dir="0" index="0" bw="1" slack="1"/>
<pin id="477" dir="1" index="1" bw="1" slack="2147483647"/>
</pin_list>
<bind>
<opset="icmp_ln981 "/>
</bind>
</comp>

<comp id="479" class="1005" name="axi_last_reg_479">
<pin_list>
<pin id="480" dir="0" index="0" bw="1" slack="1"/>
<pin id="481" dir="1" index="1" bw="1" slack="1"/>
</pin_list>
<bind>
<opset="axi_last "/>
</bind>
</comp>

<comp id="484" class="1005" name="icmp_ln1020_reg_484">
<pin_list>
<pin id="485" dir="0" index="0" bw="1" slack="1"/>
<pin id="486" dir="1" index="1" bw="1" slack="1"/>
</pin_list>
<bind>
<opset="icmp_ln1020 "/>
</bind>
</comp>

</comp_list>

<net_list>
<net id="127"><net_src comp="38" pin="0"/><net_sink comp="124" pin=0"/></net>

<net id="132"><net_src comp="40" pin="0"/><net_sink comp="128" pin=0"/></net>

<net id="133"><net_src comp="30" pin="0"/><net_sink comp="128" pin=1"/></net>

<net id="138"><net_src comp="42" pin="0"/><net_sink comp="134" pin=0"/></net>

<net id="139"><net_src comp="28" pin="0"/><net_sink comp="134" pin=1"/></net>

<net id="144"><net_src comp="44" pin="0"/><net_sink comp="140" pin=0"/></net>

<net id="145"><net_src comp="12" pin="0"/><net_sink comp="140" pin=1"/></net>

<net id="150"><net_src comp="46" pin="0"/><net_sink comp="146" pin=0"/></net>

<net id="151"><net_src comp="6" pin="0"/><net_sink comp="146" pin=1"/></net>

<net id="156"><net_src comp="40" pin="0"/><net_sink comp="152" pin=0"/></net>

<net id="157"><net_src comp="4" pin="0"/><net_sink comp="152" pin=1"/></net>

<net id="162"><net_src comp="46" pin="0"/><net_sink comp="158" pin=0"/></net>

<net id="163"><net_src comp="2" pin="0"/><net_sink comp="158" pin=1"/></net>

<net id="168"><net_src comp="46" pin="0"/><net_sink comp="164" pin=0"/></net>

<net id="169"><net_src comp="0" pin="0"/><net_sink comp="164" pin=1"/></net>

<net id="175"><net_src comp="94" pin="0"/><net_sink comp="170" pin=0"/></net>

<net id="176"><net_src comp="8" pin="0"/><net_sink comp="170" pin=1"/></net>

<net id="177"><net_src comp="96" pin="0"/><net_sink comp="170" pin=2"/></net>

<net id="178"><net_src comp="68" pin="0"/><net_sink comp="170" pin=2"/></net>

<net id="183"><net_src comp="98" pin="0"/><net_sink comp="179" pin=0"/></net>

<net id="184"><net_src comp="10" pin="0"/><net_sink comp="179" pin=1"/></net>

<net id="202"><net_src comp="116" pin="0"/><net_sink comp="185" pin=0"/></net>

<net id="203"><net_src comp="14" pin="0"/><net_sink comp="185" pin=1"/></net>

<net id="204"><net_src comp="16" pin="0"/><net_sink comp="185" pin=2"/></net>

<net id="205"><net_src comp="18" pin="0"/><net_sink comp="185" pin=3"/></net>

<net id="206"><net_src comp="20" pin="0"/><net_sink comp="185" pin=4"/></net>

<net id="207"><net_src comp="22" pin="0"/><net_sink comp="185" pin=5"/></net>

<net id="208"><net_src comp="24" pin="0"/><net_sink comp="185" pin=6"/></net>

<net id="209"><net_src comp="26" pin="0"/><net_sink comp="185" pin=7"/></net>

<net id="210"><net_src comp="118" pin="0"/><net_sink comp="185" pin=9"/></net>

<net id="211"><net_src comp="120" pin="0"/><net_sink comp="185" pin=10"/></net>

<net id="212"><net_src comp="122" pin="0"/><net_sink comp="185" pin=13"/></net>

<net id="213"><net_src comp="122" pin="0"/><net_sink comp="185" pin=14"/></net>

<net id="219"><net_src comp="94" pin="0"/><net_sink comp="214" pin=0"/></net>

<net id="220"><net_src comp="34" pin="0"/><net_sink comp="214" pin=1"/></net>

<net id="224"><net_src comp="221" pin="1"/><net_sink comp="185" pin=11"/></net>

<net id="231"><net_src comp="68" pin="0"/><net_sink comp="225" pin=2"/></net>

<net id="232"><net_src comp="225" pin="4"/><net_sink comp="221" pin=0"/></net>

<net id="236"><net_src comp="233" pin="1"/><net_sink comp="214" pin=2"/></net>

<net id="243"><net_src comp="237" pin="4"/><net_sink comp="233" pin=0"/></net>

<net id="247"><net_src comp="68" pin="0"/><net_sink comp="244" pin=0"/></net>

<net id="248"><net_src comp="96" pin="0"/><net_sink comp="244" pin=0"/></net>

<net id="249"><net_src comp="244" pin="1"/><net_sink comp="237" pin=2"/></net>

<net id="262"><net_src comp="244" pin="1"/><net_sink comp="250" pin=0"/></net>

<net id="263"><net_src comp="244" pin="1"/><net_sink comp="250" pin=4"/></net>

<net id="264"><net_src comp="250" pin="10"/><net_sink comp="244" pin=0"/></net>

<net id="268"><net_src comp="128" pin="2"/><net_sink comp="265" pin=0"/></net>

<net id="273"><net_src comp="66" pin="0"/><net_sink comp="269" pin=0"/></net>

<net id="281"><net_src comp="274" pin="1"/><net_sink comp="277" pin=0"/></net>

<net id="286"><net_src comp="274" pin="1"/><net_sink comp="282" pin=0"/></net>

<net id="287"><net_src comp="76" pin="0"/><net_sink comp="282" pin=1"/></net>

<net id="291"><net_src comp="274" pin="1"/><net_sink comp="288" pin=0"/></net>

<net id="296"><net_src comp="288" pin="1"/><net_sink comp="292" pin=0"/></net>

<net id="300"><net_src comp="32" pin="0"/><net_sink comp="297" pin=0"/></net>

<net id="305"><net_src comp="297" pin="1"/><net_sink comp="301" pin=0"/></net>

<net id="306"><net_src comp="84" pin="0"/><net_sink comp="301" pin=1"/></net>

<net id="311"><net_src comp="301" pin="2"/><net_sink comp="307" pin=0"/></net>

<net id="312"><net_src comp="36" pin="0"/><net_sink comp="307" pin=1"/></net>

<net id="317"><net_src comp="301" pin="2"/><net_sink comp="313" pin=0"/></net>

<net id="318"><net_src comp="32" pin="0"/><net_sink comp="313" pin=1"/></net>

<net id="323"><net_src comp="86" pin="0"/><net_sink comp="319" pin=1"/></net>

<net id="328"><net_src comp="282" pin="2"/><net_sink comp="324" pin=0"/></net>

<net id="332"><net_src comp="32" pin="0"/><net_sink comp="329" pin=0"/></net>

<net id="336"><net_src comp="329" pin="1"/><net_sink comp="333" pin=0"/></net>

<net id="337"><net_src comp="333" pin="1"/><net_sink comp="170" pin=2"/></net>

<net id="338"><net_src comp="333" pin="1"/><net_sink comp="250" pin=2"/></net>

<net id="342"><net_src comp="179" pin="2"/><net_sink comp="339" pin=0"/></net>

<net id="349"><net_src comp="100" pin="0"/><net_sink comp="343" pin=0"/></net>

<net id="350"><net_src comp="179" pin="2"/><net_sink comp="343" pin=1"/></net>

<net id="351"><net_src comp="102" pin="0"/><net_sink comp="343" pin=2"/></net>

<net id="352"><net_src comp="104" pin="0"/><net_sink comp="343" pin=3"/></net>

<net id="359"><net_src comp="100" pin="0"/><net_sink comp="353" pin=0"/></net>

<net id="360"><net_src comp="179" pin="2"/><net_sink comp="353" pin=1"/></net>

<net id="361"><net_src comp="106" pin="0"/><net_sink comp="353" pin=2"/></net>

<net id="362"><net_src comp="108" pin="0"/><net_sink comp="353" pin=3"/></net>

<net id="368"><net_src comp="110" pin="0"/><net_sink comp="363" pin=0"/></net>

<net id="369"><net_src comp="96" pin="0"/><net_sink comp="363" pin=1"/></net>

<net id="370"><net_src comp="339" pin="1"/><net_sink comp="363" pin=2"/></net>

<net id="376"><net_src comp="110" pin="0"/><net_sink comp="371" pin=0"/></net>

<net id="377"><net_src comp="96" pin="0"/><net_sink comp="371" pin=1"/></net>

<net id="378"><net_src comp="343" pin="4"/><net_sink comp="371" pin=2"/></net>

<net id="384"><net_src comp="371" pin="3"/><net_sink comp="379" pin=1"/></net>

<net id="385"><net_src comp="363" pin="3"/><net_sink comp="379" pin=2"/></net>

<net id="389"><net_src comp="379" pin="3"/><net_sink comp="386" pin=0"/></net>

<net id="395"><net_src comp="353" pin="4"/><net_sink comp="390" pin=1"/></net>

<net id="396"><net_src comp="343" pin="4"/><net_sink comp="390" pin=2"/></net>

<net id="402"><net_src comp="339" pin="1"/><net_sink comp="397" pin=1"/></net>

<net id="403"><net_src comp="353" pin="4"/><net_sink comp="397" pin=2"/></net>

<net id="409"><net_src comp="112" pin="0"/><net_sink comp="404" pin=0"/></net>

<net id="410"><net_src comp="397" pin="3"/><net_sink comp="404" pin=1"/></net>

<net id="411"><net_src comp="390" pin="3"/><net_sink comp="404" pin=2"/></net>

<net id="419"><net_src comp="114" pin="0"/><net_sink comp="412" pin=0"/></net>

<net id="420"><net_src comp="386" pin="1"/><net_sink comp="412" pin=1"/></net>

<net id="421"><net_src comp="404" pin="3"/><net_sink comp="412" pin=2"/></net>

<net id="422"><net_src comp="102" pin="0"/><net_sink comp="412" pin=3"/></net>

<net id="423"><net_src comp="108" pin="0"/><net_sink comp="412" pin=4"/></net>

<net id="424"><net_src comp="412" pin="5"/><net_sink comp="185" pin=8"/></net>

<net id="429"><net_src comp="333" pin="1"/><net_sink comp="425" pin=0"/></net>

<net id="430"><net_src comp="96" pin="0"/><net_sink comp="425" pin=1"/></net>

<net id="431"><net_src comp="425" pin="2"/><net_sink comp="170" pin=2"/></net>

<net id="432"><net_src comp="425" pin="2"/><net_sink comp="250" pin=8"/></net>

<net id="436"><net_src comp="124" pin="1"/><net_sink comp="433" pin=0"/></net>

<net id="437"><net_src comp="433" pin="1"/><net_sink comp="269" pin=1"/></net>

<net id="438"><net_src comp="433" pin="1"/><net_sink comp="274" pin=0"/></net>

<net id="439"><net_src comp="433" pin="1"/><net_sink comp="324" pin=1"/></net>

<net id="443"><net_src comp="134" pin="2"/><net_sink comp="440" pin=0"/></net>

<net id="447"><net_src comp="140" pin="2"/><net_sink comp="444" pin=0"/></net>

<net id="448"><net_src comp="444" pin="1"/><net_sink comp="319" pin=0"/></net>

<net id="452"><net_src comp="146" pin="2"/><net_sink comp="449" pin=0"/></net>

<net id="453"><net_src comp="449" pin="1"/><net_sink comp="170" pin=2"/></net>

<net id="454"><net_src comp="449" pin="1"/><net_sink comp="250" pin=6"/></net>

<net id="458"><net_src comp="152" pin="2"/><net_sink comp="455" pin=0"/></net>

<net id="459"><net_src comp="455" pin="1"/><net_sink comp="277" pin=1"/></net>

<net id="463"><net_src comp="158" pin="2"/><net_sink comp="460" pin=0"/></net>

<net id="464"><net_src comp="460" pin="1"/><net_sink comp="237" pin=0"/></net>

<net id="468"><net_src comp="164" pin="2"/><net_sink comp="465" pin=0"/></net>

<net id="469"><net_src comp="465" pin="1"/><net_sink comp="225" pin=0"/></net>

<net id="473"><net_src comp="265" pin="1"/><net_sink comp="470" pin=0"/></net>

<net id="474"><net_src comp="470" pin="1"/><net_sink comp="292" pin=1"/></net>

<net id="478"><net_src comp="277" pin="2"/><net_sink comp="475" pin=0"/></net>

<net id="482"><net_src comp="292" pin="2"/><net_sink comp="479" pin=0"/></net>

<net id="483"><net_src comp="479" pin="1"/><net_sink comp="185" pin=12"/></net>

<net id="487"><net_src comp="319" pin="2"/><net_sink comp="484" pin=0"/></net>

<net id="488"><net_src comp="484" pin="1"/><net_sink comp="379" pin=0"/></net>

<net id="489"><net_src comp="484" pin="1"/><net_sink comp="390" pin=0"/></net>

<net id="490"><net_src comp="484" pin="1"/><net_sink comp="397" pin=0"/></net>

</net_list>

</model> 
---------------- Datapath Model END ------------------

* FSMD analyzer results:
  - Output states:
	Port: fid | {2 3 }
	Port: m_axis_video_V_data_V | {3 }
	Port: m_axis_video_V_keep_V | {3 }
	Port: m_axis_video_V_strb_V | {3 }
	Port: m_axis_video_V_user_V | {3 }
	Port: m_axis_video_V_last_V | {3 }
	Port: m_axis_video_V_id_V | {3 }
	Port: m_axis_video_V_dest_V | {3 }
	Port: counter_loc_1_i_out | {2 }
	Port: p_phi_i_out | {4 }
	Port: counter | {2 }
 - Input state : 
	Port: MultiPixStream2AXIvideo_Pipeline_VITIS_LOOP_981_2 : sof | {1 }
	Port: MultiPixStream2AXIvideo_Pipeline_VITIS_LOOP_981_2 : empty | {1 }
	Port: MultiPixStream2AXIvideo_Pipeline_VITIS_LOOP_981_2 : cols | {1 }
	Port: MultiPixStream2AXIvideo_Pipeline_VITIS_LOOP_981_2 : fid_in_val9_load | {1 }
	Port: MultiPixStream2AXIvideo_Pipeline_VITIS_LOOP_981_2 : ovrlayYUV | {3 }
	Port: MultiPixStream2AXIvideo_Pipeline_VITIS_LOOP_981_2 : colorFormat_val17_load | {1 }
	Port: MultiPixStream2AXIvideo_Pipeline_VITIS_LOOP_981_2 : field_id_val8_load | {1 }
	Port: MultiPixStream2AXIvideo_Pipeline_VITIS_LOOP_981_2 : sext_ln979 | {1 }
	Port: MultiPixStream2AXIvideo_Pipeline_VITIS_LOOP_981_2 : counter_loc_1_i_out | {2 3 }
  - Chain level:
	State 1
		store_ln981 : 1
	State 2
		icmp_ln981 : 1
		j_2 : 1
		br_ln981 : 2
		zext_ln981 : 1
		axi_last : 2
		br_ln1003 : 1
		add_ln1005 : 1
		store_ln1005 : 2
		store_ln1005 : 2
		store_ln981 : 2
	State 3
		fid_toggle : 1
		axi_data : 1
		axi_data_1 : 1
		axi_data_2 : 2
		sext_ln925 : 3
		select_ln1020 : 1
		select_ln1020_1 : 1
		tmp : 2
		axi_data_3 : 4
		write_ln1035 : 5
		fid_toggle_1 : 2
		write_ln1054 : 2
		write_ln1044 : 2
		empty_160 : 2
	State 4
	State 5


============================================================
+ Verbose Summary: Datapath Resource usage 
============================================================

* Functional unit list:
|----------|-----------------------------------------|---------|---------|
| Operation|             Functional Unit             |    FF   |   LUT   |
|----------|-----------------------------------------|---------|---------|
|          |            icmp_ln981_fu_277            |    0    |    14   |
|   icmp   |             axi_last_fu_292             |    0    |    14   |
|          |            icmp_ln1020_fu_319           |    0    |    15   |
|----------|-----------------------------------------|---------|---------|
|    add   |                j_2_fu_282               |    0    |    14   |
|          |            add_ln1005_fu_301            |    0    |    23   |
|----------|-----------------------------------------|---------|---------|
|          |            axi_data_2_fu_379            |    0    |    9    |
|  select  |           select_ln1020_fu_390          |    0    |    8    |
|          |          select_ln1020_1_fu_397         |    0    |    8    |
|----------|-----------------------------------------|---------|---------|
|    xor   |           fid_toggle_1_fu_425           |    0    |    2    |
|----------|-----------------------------------------|---------|---------|
|          |       sext_ln979_read_read_fu_128       |    0    |    0    |
|          |   field_id_val8_load_read_read_fu_134   |    0    |    0    |
|          | colorFormat_val17_load_read_read_fu_140 |    0    |    0    |
|   read   |    fid_in_val9_load_read_read_fu_146    |    0    |    0    |
|          |          cols_read_read_fu_152          |    0    |    0    |
|          |            tmp_30_read_fu_158           |    0    |    0    |
|          |           sof_read_read_fu_164          |    0    |    0    |
|          |        ovrlayYUV_read_read_fu_179       |    0    |    0    |
|----------|-----------------------------------------|---------|---------|
|          |             grp_write_fu_170            |    0    |    0    |
|   write  |        write_ln1035_write_fu_185        |    0    |    0    |
|          |        write_ln1008_write_fu_214        |    0    |    0    |
|----------|-----------------------------------------|---------|---------|
|   sext   |          sext_ln979_cast_fu_265         |    0    |    0    |
|          |            sext_ln925_fu_386            |    0    |    0    |
|----------|-----------------------------------------|---------|---------|
|   zext   |            zext_ln981_fu_288            |    0    |    0    |
|----------|-----------------------------------------|---------|---------|
|   trunc  |            fid_toggle_fu_333            |    0    |    0    |
|          |              pix_444_fu_339             |    0    |    0    |
|----------|-----------------------------------------|---------|---------|
|partselect|             pix_rgb_2_fu_343            |    0    |    0    |
|          |              pix_rgb_fu_353             |    0    |    0    |
|----------|-----------------------------------------|---------|---------|
|          |             axi_data_fu_363             |    0    |    0    |
|bitconcatenate|            axi_data_1_fu_371            |    0    |    0    |
|          |                tmp_fu_404               |    0    |    0    |
|----------|-----------------------------------------|---------|---------|
|  partset |            axi_data_3_fu_412            |    0    |    0    |
|----------|-----------------------------------------|---------|---------|
|   Total  |                                         |    0    |   107   |
|----------|-----------------------------------------|---------|---------|

Memories:
N/A

* Register list:
+-----------------------------------+--------+
|                                   |   FF   |
+-----------------------------------+--------+
|          axi_last_reg_479         |    1   |
|colorFormat_val17_load_read_reg_444|    8   |
|         cols_read_reg_455         |   13   |
|         empty_160_reg_244         |    1   |
|   fid_in_val9_load_read_reg_449   |    1   |
|  field_id_val8_load_read_reg_440  |   16   |
|        icmp_ln1020_reg_484        |    1   |
|         icmp_ln981_reg_475        |    1   |
|             j_reg_433             |   13   |
|          p_phi_i_reg_233          |    1   |
|      sext_ln979_cast_reg_470      |   14   |
|           sof_2_reg_221           |    1   |
|          sof_read_reg_465         |    1   |
|           tmp_30_reg_460          |    1   |
+-----------------------------------+--------+
|               Total               |   73   |
+-----------------------------------+--------+

* Multiplexer (MUX) list: 
|-------------------|------|------|------|--------||---------||---------|
|        Comp       |  Pin | Size |  BW  | S x BW ||  Delay  ||   LUT   |
|-------------------|------|------|------|--------||---------||---------|
|  grp_write_fu_170 |  p2  |   5  |   1  |    5   ||    20   |
| empty_160_reg_244 |  p0  |   3  |   1  |    3   ||    9    |
|-------------------|------|------|------|--------||---------||---------|
|       Total       |      |      |      |    8   ||  3.6532 ||    29   |
|-------------------|------|------|------|--------||---------||---------|



* Summary:
+-----------+--------+--------+--------+
|           |  Delay |   FF   |   LUT  |
+-----------+--------+--------+--------+
|  Function |    -   |    0   |   107  |
|   Memory  |    -   |    -   |    -   |
|Multiplexer|    3   |    -   |   29   |
|  Register |    -   |   73   |    -   |
+-----------+--------+--------+--------+
|   Total   |    3   |   73   |   136  |
+-----------+--------+--------+--------+
