

================================================================
== Vitis HLS Report for 'MultiPixStream2AXIvideo'
================================================================
* Date:           Fri Nov 24 14:58:01 2023

* Version:        2023.2 (Build 4023990 on Oct 11 2023)
* Project:        prj
* Solution:       sol (Vivado IP Flow Target)
* Product family: zynq
* Target device:  xc7z010-clg400-1


================================================================
== Performance Estimates
================================================================
+ Timing: 
    * Summary: 
    +--------+---------+----------+------------+
    |  Clock |  Target | Estimated| Uncertainty|
    +--------+---------+----------+------------+
    |ap_clk  |  9.26 ns|  5.628 ns|     2.50 ns|
    +--------+---------+----------+------------+

+ Latency: 
    * Summary: 
    +---------+---------+----------+-----------+-----+---------+---------+
    |  Latency (cycles) |  Latency (absolute)  |    Interval   | Pipeline|
    |   min   |   max   |    min   |    max    | min |   max   |   Type  |
    +---------+---------+----------+-----------+-----+---------+---------+
    |        1|  8860321|  9.259 ns|  82.038 ms|    1|  8860321|       no|
    +---------+---------+----------+-----------+-----+---------+---------+

    + Detail: 
        * Instance: 
        +--------------------------------------------------------------+---------------------------------------------------+---------+---------+-----------+-----------+-----+------+---------+
        |                                                              |                                                   |  Latency (cycles) |   Latency (absolute)  |  Interval  | Pipeline|
        |                           Instance                           |                       Module                      |   min   |   max   |    min    |    max    | min |  max |   Type  |
        +--------------------------------------------------------------+---------------------------------------------------+---------+---------+-----------+-----------+-----+------+---------+
        |grp_MultiPixStream2AXIvideo_Pipeline_VITIS_LOOP_981_2_fu_171  |MultiPixStream2AXIvideo_Pipeline_VITIS_LOOP_981_2  |        3|     4099|  27.777 ns|  37.953 us|    3|  4099|       no|
        +--------------------------------------------------------------+---------------------------------------------------+---------+---------+-----------+-----------+-----+------+---------+

        * Loop: 
        +--------------------+---------+---------+----------+-----------+-----------+----------+----------+
        |                    |  Latency (cycles) | Iteration|  Initiation Interval  |   Trip   |          |
        |      Loop Name     |   min   |   max   |  Latency |  achieved |   target  |   Count  | Pipelined|
        +--------------------+---------+---------+----------+-----------+-----------+----------+----------+
        |- VITIS_LOOP_979_1  |        0|  8860320|  6 ~ 4102|          -|          -|  0 ~ 2160|        no|
        +--------------------+---------+---------+----------+-----------+-----------+----------+----------+

============================================================
+ Verbose Summary: Synthesis Manager
============================================================
InlineROM: 1
ExposeGlobal: 0
============================================================
+ Verbose Summary: CDFG Model
============================================================
IsTopModel: 0
ResetActiveHigh: 1
IsCombinational: 2
IsDatapathOnly: 0
HasWiredReturn: 1
HasMFsm: 0
HasVarLatency: 1
IsPipeline: 0
IsRtlPipelined: 0
IsInstanceOverlapped: 0
IsDontTouch: 0
HasImplIP: 0
IsGatedGlobalClock: 0


============================================================
+ Verbose Summary: Schedule
============================================================
* Number of FSM states : 4
* Pipeline : 0
* Dataflow Pipeline: 0

* FSM state transitions: 
1 --> 2 
2 --> 3 
3 --> 4 
4 --> 2 

* FSM state operations: 

State 1 <SV = 0> <Delay = 5.05>
ST_1 : Operation 5 [1/1] (0.00ns)   --->   "%i = alloca i32 1" [C:/Xil_prj/hdmi_out/hdmi_out.runs/hdmi_out_v_tpg_0_0_synth_1/prj/sol/.autopilot/db/v_tpg.cpp:979->C:/Xil_prj/hdmi_out/hdmi_out.runs/hdmi_out_v_tpg_0_0_synth_1/prj/sol/.autopilot/db/v_tpg.cpp:399]   --->   Operation 5 'alloca' 'i' <Predicate = true> <Delay = 0.00>
ST_1 : Operation 6 [1/1] (0.00ns)   --->   "%counter_loc_0_i = alloca i32 1"   --->   Operation 6 'alloca' 'counter_loc_0_i' <Predicate = true> <Delay = 0.00>
ST_1 : Operation 7 [1/1] (0.00ns)   --->   "%p_phi_i_loc = alloca i64 1"   --->   Operation 7 'alloca' 'p_phi_i_loc' <Predicate = true> <Delay = 0.00>
ST_1 : Operation 8 [1/1] (0.00ns)   --->   "%specinterface_ln0 = specinterface void @_ssdm_op_SpecInterface, i8 %colorFormat_val17, void @ap_fifo_str, i32 0, i32 0, void @p_str, i32 0, i32 0, void @p_str, void @p_str, void @p_str, i32 2, i32 2, i32 16, i32 16, void @p_str, void @ScalarProp_str, i32 4294967295, i32 0"   --->   Operation 8 'specinterface' 'specinterface_ln0' <Predicate = true> <Delay = 0.00>
ST_1 : Operation 9 [1/1] (3.37ns)   --->   "%colorFormat_val17_read = read i8 @_ssdm_op_Read.ap_fifo.i8P0A, i8 %colorFormat_val17"   --->   Operation 9 'read' 'colorFormat_val17_read' <Predicate = true> <Delay = 3.37> <CoreInst = "FIFO_SRL">   --->   Core 81 'FIFO_SRL' <Latency = 0> <II = 1> <Delay = 3.63> <Storage> <Opcode : 'read' 'write' 'nbread' 'nbwrite'> <Ports = 0> <Width = 8> <Depth = 2> <FIFO>
ST_1 : Operation 10 [1/1] (0.00ns)   --->   "%specinterface_ln0 = specinterface void @_ssdm_op_SpecInterface, i1 %fid_in_val9, void @ap_fifo_str, i32 0, i32 0, void @p_str, i32 0, i32 0, void @p_str, void @p_str, void @p_str, i32 2, i32 2, i32 16, i32 16, void @p_str, void @ScalarProp_str, i32 4294967295, i32 0"   --->   Operation 10 'specinterface' 'specinterface_ln0' <Predicate = true> <Delay = 0.00>
ST_1 : Operation 11 [1/1] (3.37ns)   --->   "%fid_in_val9_read = read i1 @_ssdm_op_Read.ap_fifo.i1P0A, i1 %fid_in_val9"   --->   Operation 11 'read' 'fid_in_val9_read' <Predicate = true> <Delay = 3.37> <CoreInst = "FIFO_SRL">   --->   Core 81 'FIFO_SRL' <Latency = 0> <II = 1> <Delay = 3.63> <Storage> <Opcode : 'read' 'write' 'nbread' 'nbwrite'> <Ports = 0> <Width = 1> <Depth = 4> <FIFO>
ST_1 : Operation 12 [1/1] (0.00ns)   --->   "%specinterface_ln0 = specinterface void @_ssdm_op_SpecInterface, i16 %field_id_val8, void @ap_fifo_str, i32 0, i32 0, void @p_str, i32 0, i32 0, void @p_str, void @p_str, void @p_str, i32 2, i32 2, i32 16, i32 16, void @p_str, void @ScalarProp_str, i32 4294967295, i32 0"   --->   Operation 12 'specinterface' 'specinterface_ln0' <Predicate = true> <Delay = 0.00>
ST_1 : Operation 13 [1/1] (3.37ns)   --->   "%field_id_val8_read = read i16 @_ssdm_op_Read.ap_fifo.i16P0A, i16 %field_id_val8"   --->   Operation 13 'read' 'field_id_val8_read' <Predicate = true> <Delay = 3.37> <CoreInst = "FIFO_SRL">   --->   Core 81 'FIFO_SRL' <Latency = 0> <II = 1> <Delay = 3.63> <Storage> <Opcode : 'read' 'write' 'nbread' 'nbwrite'> <Ports = 0> <Width = 16> <Depth = 4> <FIFO>
ST_1 : Operation 14 [1/1] (0.00ns)   --->   "%specinterface_ln0 = specinterface void @_ssdm_op_SpecInterface, i13 %width_val7, void @ap_fifo_str, i32 0, i32 0, void @p_str, i32 0, i32 0, void @p_str, void @p_str, void @p_str, i32 2, i32 2, i32 16, i32 16, void @p_str, void @ScalarProp_str, i32 4294967295, i32 0"   --->   Operation 14 'specinterface' 'specinterface_ln0' <Predicate = true> <Delay = 0.00>
ST_1 : Operation 15 [1/1] (3.37ns)   --->   "%cols = read i13 @_ssdm_op_Read.ap_fifo.i13P0A, i13 %width_val7"   --->   Operation 15 'read' 'cols' <Predicate = true> <Delay = 3.37> <CoreInst = "FIFO_SRL">   --->   Core 81 'FIFO_SRL' <Latency = 0> <II = 1> <Delay = 3.63> <Storage> <Opcode : 'read' 'write' 'nbread' 'nbwrite'> <Ports = 0> <Width = 13> <Depth = 2> <FIFO>
ST_1 : Operation 16 [1/1] (0.00ns)   --->   "%specinterface_ln0 = specinterface void @_ssdm_op_SpecInterface, i12 %height_val4, void @ap_fifo_str, i32 0, i32 0, void @p_str, i32 0, i32 0, void @p_str, void @p_str, void @p_str, i32 2, i32 2, i32 16, i32 16, void @p_str, void @ScalarProp_str, i32 4294967295, i32 0"   --->   Operation 16 'specinterface' 'specinterface_ln0' <Predicate = true> <Delay = 0.00>
ST_1 : Operation 17 [1/1] (3.37ns)   --->   "%rows = read i12 @_ssdm_op_Read.ap_fifo.i12P0A, i12 %height_val4"   --->   Operation 17 'read' 'rows' <Predicate = true> <Delay = 3.37> <CoreInst = "FIFO_SRL">   --->   Core 81 'FIFO_SRL' <Latency = 0> <II = 1> <Delay = 3.63> <Storage> <Opcode : 'read' 'write' 'nbread' 'nbwrite'> <Ports = 0> <Width = 12> <Depth = 2> <FIFO>
ST_1 : Operation 18 [1/1] (0.00ns)   --->   "%specaxissidechannel_ln0 = specaxissidechannel void @_ssdm_op_SpecAXISSideChannel, i24 %m_axis_video_V_data_V, i3 %m_axis_video_V_keep_V, i3 %m_axis_video_V_strb_V, i1 %m_axis_video_V_user_V, i1 %m_axis_video_V_last_V, i1 %m_axis_video_V_id_V, i1 %m_axis_video_V_dest_V, void @empty_21"   --->   Operation 18 'specaxissidechannel' 'specaxissidechannel_ln0' <Predicate = true> <Delay = 0.00>
ST_1 : Operation 19 [1/1] (0.00ns)   --->   "%specinterface_ln0 = specinterface void @_ssdm_op_SpecInterface, i24 %ovrlayYUV, void @empty_19, i32 0, i32 0, void @empty_9, i32 0, i32 0, void @empty_9, void @empty_9, void @empty_9, i32 0, i32 0, i32 0, i32 0, void @empty_9, void @empty_9, i32 4294967295, i32 0"   --->   Operation 19 'specinterface' 'specinterface_ln0' <Predicate = true> <Delay = 0.00>
ST_1 : Operation 20 [1/1] (0.00ns)   --->   "%specinterface_ln0 = specinterface void @_ssdm_op_SpecInterface, i24 %m_axis_video_V_data_V, i3 %m_axis_video_V_keep_V, i3 %m_axis_video_V_strb_V, i1 %m_axis_video_V_user_V, i1 %m_axis_video_V_last_V, i1 %m_axis_video_V_id_V, i1 %m_axis_video_V_dest_V, void @empty_6, i32 0, i32 0, void @empty_35, i32 0, i32 0, void @empty_9, void @empty_9, void @empty_9, i32 0, i32 0, i32 0, i32 0, void @empty_9, void @empty_9, i32 4294967295, i32 0"   --->   Operation 20 'specinterface' 'specinterface_ln0' <Predicate = true> <Delay = 0.00>
ST_1 : Operation 21 [1/1] (0.00ns)   --->   "%fidStored_load = load i1 %fidStored" [C:/Xil_prj/hdmi_out/hdmi_out.runs/hdmi_out_v_tpg_0_0_synth_1/prj/sol/.autopilot/db/v_tpg.cpp:978->C:/Xil_prj/hdmi_out/hdmi_out.runs/hdmi_out_v_tpg_0_0_synth_1/prj/sol/.autopilot/db/v_tpg.cpp:399]   --->   Operation 21 'load' 'fidStored_load' <Predicate = true> <Delay = 0.00>
ST_1 : Operation 22 [1/1] (0.00ns)   --->   "%write_ln978 = write void @_ssdm_op_Write.ap_auto.i1P0A, i1 %fid, i1 %fidStored_load" [C:/Xil_prj/hdmi_out/hdmi_out.runs/hdmi_out_v_tpg_0_0_synth_1/prj/sol/.autopilot/db/v_tpg.cpp:978->C:/Xil_prj/hdmi_out/hdmi_out.runs/hdmi_out_v_tpg_0_0_synth_1/prj/sol/.autopilot/db/v_tpg.cpp:399]   --->   Operation 22 'write' 'write_ln978' <Predicate = true> <Delay = 0.00>
ST_1 : Operation 23 [1/1] (1.67ns)   --->   "%sub_i = add i13 %cols, i13 8191"   --->   Operation 23 'add' 'sub_i' <Predicate = true> <Delay = 1.67> <CoreInst = "Adder">   --->   Core 1 'Adder' <Latency = 0> <II = 1> <Delay = 1.67> <FuncUnit> <Opcode : 'add' 'sub'> <InPorts = 2> <OutPorts = 1>
ST_1 : Operation 24 [1/1] (1.67ns)   --->   "%icmp_ln979 = icmp_eq  i13 %cols, i13 0" [C:/Xil_prj/hdmi_out/hdmi_out.runs/hdmi_out_v_tpg_0_0_synth_1/prj/sol/.autopilot/db/v_tpg.cpp:979->C:/Xil_prj/hdmi_out/hdmi_out.runs/hdmi_out_v_tpg_0_0_synth_1/prj/sol/.autopilot/db/v_tpg.cpp:399]   --->   Operation 24 'icmp' 'icmp_ln979' <Predicate = true> <Delay = 1.67> <CoreInst = "Cmp">   --->   Core 9 'Cmp' <Latency = 0> <II = 1> <Delay = 1.67> <FuncUnit> <Opcode : 'icmp'> <InPorts = 2> <OutPorts = 1>
ST_1 : Operation 25 [1/1] (0.00ns)   --->   "%counter_load = load i16 %counter" [C:/Xil_prj/hdmi_out/hdmi_out.runs/hdmi_out_v_tpg_0_0_synth_1/prj/sol/.autopilot/db/v_tpg.cpp:1005->C:/Xil_prj/hdmi_out/hdmi_out.runs/hdmi_out_v_tpg_0_0_synth_1/prj/sol/.autopilot/db/v_tpg.cpp:399]   --->   Operation 25 'load' 'counter_load' <Predicate = true> <Delay = 0.00>
ST_1 : Operation 26 [1/1] (0.00ns)   --->   "%store_ln1005 = store i16 %counter_load, i16 %counter_loc_0_i" [C:/Xil_prj/hdmi_out/hdmi_out.runs/hdmi_out_v_tpg_0_0_synth_1/prj/sol/.autopilot/db/v_tpg.cpp:1005->C:/Xil_prj/hdmi_out/hdmi_out.runs/hdmi_out_v_tpg_0_0_synth_1/prj/sol/.autopilot/db/v_tpg.cpp:399]   --->   Operation 26 'store' 'store_ln1005' <Predicate = true> <Delay = 0.00>
ST_1 : Operation 27 [1/1] (1.58ns)   --->   "%store_ln979 = store i12 0, i12 %i" [C:/Xil_prj/hdmi_out/hdmi_out.runs/hdmi_out_v_tpg_0_0_synth_1/prj/sol/.autopilot/db/v_tpg.cpp:979->C:/Xil_prj/hdmi_out/hdmi_out.runs/hdmi_out_v_tpg_0_0_synth_1/prj/sol/.autopilot/db/v_tpg.cpp:399]   --->   Operation 27 'store' 'store_ln979' <Predicate = true> <Delay = 1.58>
ST_1 : Operation 28 [1/1] (1.58ns)   --->   "%br_ln979 = br void %VITIS_LOOP_981_2.i" [C:/Xil_prj/hdmi_out/hdmi_out.runs/hdmi_out_v_tpg_0_0_synth_1/prj/sol/.autopilot/db/v_tpg.cpp:979->C:/Xil_prj/hdmi_out/hdmi_out.runs/hdmi_out_v_tpg_0_0_synth_1/prj/sol/.autopilot/db/v_tpg.cpp:399]   --->   Operation 28 'br' 'br_ln979' <Predicate = true> <Delay = 1.58>

State 2 <SV = 1> <Delay = 3.13>
ST_2 : Operation 29 [1/1] (0.00ns)   --->   "%empty = phi i1 %fidStored_load, void %entry, i1 %p_phi_i_loc_load, void %VITIS_LOOP_981_2.split.i" [C:/Xil_prj/hdmi_out/hdmi_out.runs/hdmi_out_v_tpg_0_0_synth_1/prj/sol/.autopilot/db/v_tpg.cpp:978->C:/Xil_prj/hdmi_out/hdmi_out.runs/hdmi_out_v_tpg_0_0_synth_1/prj/sol/.autopilot/db/v_tpg.cpp:399]   --->   Operation 29 'phi' 'empty' <Predicate = true> <Delay = 0.00>
ST_2 : Operation 30 [1/1] (0.00ns)   --->   "%sof = phi i1 1, void %entry, i1 %and_ln979, void %VITIS_LOOP_981_2.split.i" [C:/Xil_prj/hdmi_out/hdmi_out.runs/hdmi_out_v_tpg_0_0_synth_1/prj/sol/.autopilot/db/v_tpg.cpp:979->C:/Xil_prj/hdmi_out/hdmi_out.runs/hdmi_out_v_tpg_0_0_synth_1/prj/sol/.autopilot/db/v_tpg.cpp:399]   --->   Operation 30 'phi' 'sof' <Predicate = true> <Delay = 0.00>
ST_2 : Operation 31 [1/1] (0.00ns)   --->   "%i_1 = load i12 %i" [C:/Xil_prj/hdmi_out/hdmi_out.runs/hdmi_out_v_tpg_0_0_synth_1/prj/sol/.autopilot/db/v_tpg.cpp:979->C:/Xil_prj/hdmi_out/hdmi_out.runs/hdmi_out_v_tpg_0_0_synth_1/prj/sol/.autopilot/db/v_tpg.cpp:399]   --->   Operation 31 'load' 'i_1' <Predicate = true> <Delay = 0.00>
ST_2 : Operation 32 [1/1] (1.54ns)   --->   "%icmp_ln979_1 = icmp_eq  i12 %i_1, i12 %rows" [C:/Xil_prj/hdmi_out/hdmi_out.runs/hdmi_out_v_tpg_0_0_synth_1/prj/sol/.autopilot/db/v_tpg.cpp:979->C:/Xil_prj/hdmi_out/hdmi_out.runs/hdmi_out_v_tpg_0_0_synth_1/prj/sol/.autopilot/db/v_tpg.cpp:399]   --->   Operation 32 'icmp' 'icmp_ln979_1' <Predicate = true> <Delay = 1.54> <CoreInst = "Cmp">   --->   Core 9 'Cmp' <Latency = 0> <II = 1> <Delay = 1.54> <FuncUnit> <Opcode : 'icmp'> <InPorts = 2> <OutPorts = 1>
ST_2 : Operation 33 [1/1] (0.00ns)   --->   "%speclooptripcount_ln0 = speclooptripcount void @_ssdm_op_SpecLoopTripCount, i64 0, i64 2160, i64 0"   --->   Operation 33 'speclooptripcount' 'speclooptripcount_ln0' <Predicate = true> <Delay = 0.00>
ST_2 : Operation 34 [1/1] (1.54ns)   --->   "%i_2 = add i12 %i_1, i12 1" [C:/Xil_prj/hdmi_out/hdmi_out.runs/hdmi_out_v_tpg_0_0_synth_1/prj/sol/.autopilot/db/v_tpg.cpp:979->C:/Xil_prj/hdmi_out/hdmi_out.runs/hdmi_out_v_tpg_0_0_synth_1/prj/sol/.autopilot/db/v_tpg.cpp:399]   --->   Operation 34 'add' 'i_2' <Predicate = true> <Delay = 1.54> <CoreInst = "Adder">   --->   Core 1 'Adder' <Latency = 0> <II = 1> <Delay = 1.54> <FuncUnit> <Opcode : 'add' 'sub'> <InPorts = 2> <OutPorts = 1>
ST_2 : Operation 35 [1/1] (0.00ns)   --->   "%br_ln979 = br i1 %icmp_ln979_1, void %VITIS_LOOP_981_2.split.i, void %MultiPixStream2AXIvideo.exit" [C:/Xil_prj/hdmi_out/hdmi_out.runs/hdmi_out_v_tpg_0_0_synth_1/prj/sol/.autopilot/db/v_tpg.cpp:979->C:/Xil_prj/hdmi_out/hdmi_out.runs/hdmi_out_v_tpg_0_0_synth_1/prj/sol/.autopilot/db/v_tpg.cpp:399]   --->   Operation 35 'br' 'br_ln979' <Predicate = true> <Delay = 0.00>
ST_2 : Operation 36 [1/1] (0.00ns)   --->   "%empty_161 = wait i32 @_ssdm_op_Wait"   --->   Operation 36 'wait' 'empty_161' <Predicate = (!icmp_ln979_1)> <Delay = 0.00>
ST_2 : Operation 37 [2/2] (1.58ns)   --->   "%call_ln979 = call void @MultiPixStream2AXIvideo_Pipeline_VITIS_LOOP_981_2, i1 %sof, i1 %empty, i13 %cols, i1 %fid_in_val9_read, i1 %fid, i24 %ovrlayYUV, i8 %colorFormat_val17_read, i24 %m_axis_video_V_data_V, i3 %m_axis_video_V_keep_V, i3 %m_axis_video_V_strb_V, i1 %m_axis_video_V_user_V, i1 %m_axis_video_V_last_V, i1 %m_axis_video_V_id_V, i1 %m_axis_video_V_dest_V, i16 %field_id_val8_read, i13 %sub_i, i16 %counter_loc_0_i, i1 %p_phi_i_loc, i16 %counter" [C:/Xil_prj/hdmi_out/hdmi_out.runs/hdmi_out_v_tpg_0_0_synth_1/prj/sol/.autopilot/db/v_tpg.cpp:979->C:/Xil_prj/hdmi_out/hdmi_out.runs/hdmi_out_v_tpg_0_0_synth_1/prj/sol/.autopilot/db/v_tpg.cpp:399]   --->   Operation 37 'call' 'call_ln979' <Predicate = (!icmp_ln979_1)> <Delay = 1.58> <CoreType = "Generic">   --->   Core 0 '' <Latency = 0> <II = 1> <Delay = 1.00> <Generic> <Opcode : >
ST_2 : Operation 38 [1/1] (0.97ns)   --->   "%and_ln979 = and i1 %icmp_ln979, i1 %sof" [C:/Xil_prj/hdmi_out/hdmi_out.runs/hdmi_out_v_tpg_0_0_synth_1/prj/sol/.autopilot/db/v_tpg.cpp:979->C:/Xil_prj/hdmi_out/hdmi_out.runs/hdmi_out_v_tpg_0_0_synth_1/prj/sol/.autopilot/db/v_tpg.cpp:399]   --->   Operation 38 'and' 'and_ln979' <Predicate = (!icmp_ln979_1)> <Delay = 0.97> <CoreInst = "LogicGate">   --->   Core 74 'LogicGate' <Latency = 0> <II = 1> <Delay = 0.97> <FuncUnit> <Opcode : 'and' 'or' 'xor'> <InPorts = 2> <OutPorts = 1>
ST_2 : Operation 39 [1/1] (1.58ns)   --->   "%store_ln979 = store i12 %i_2, i12 %i" [C:/Xil_prj/hdmi_out/hdmi_out.runs/hdmi_out_v_tpg_0_0_synth_1/prj/sol/.autopilot/db/v_tpg.cpp:979->C:/Xil_prj/hdmi_out/hdmi_out.runs/hdmi_out_v_tpg_0_0_synth_1/prj/sol/.autopilot/db/v_tpg.cpp:399]   --->   Operation 39 'store' 'store_ln979' <Predicate = (!icmp_ln979_1)> <Delay = 1.58>
ST_2 : Operation 40 [1/1] (0.00ns)   --->   "%store_ln1062 = store i1 %empty, i1 %fidStored" [C:/Xil_prj/hdmi_out/hdmi_out.runs/hdmi_out_v_tpg_0_0_synth_1/prj/sol/.autopilot/db/v_tpg.cpp:1062->C:/Xil_prj/hdmi_out/hdmi_out.runs/hdmi_out_v_tpg_0_0_synth_1/prj/sol/.autopilot/db/v_tpg.cpp:399]   --->   Operation 40 'store' 'store_ln1062' <Predicate = (icmp_ln979_1)> <Delay = 0.00>
ST_2 : Operation 41 [1/1] (0.00ns)   --->   "%ret_ln399 = ret" [C:/Xil_prj/hdmi_out/hdmi_out.runs/hdmi_out_v_tpg_0_0_synth_1/prj/sol/.autopilot/db/v_tpg.cpp:399]   --->   Operation 41 'ret' 'ret_ln399' <Predicate = (icmp_ln979_1)> <Delay = 0.00>

State 3 <SV = 2> <Delay = 5.62>
ST_3 : Operation 42 [1/2] (5.62ns)   --->   "%call_ln979 = call void @MultiPixStream2AXIvideo_Pipeline_VITIS_LOOP_981_2, i1 %sof, i1 %empty, i13 %cols, i1 %fid_in_val9_read, i1 %fid, i24 %ovrlayYUV, i8 %colorFormat_val17_read, i24 %m_axis_video_V_data_V, i3 %m_axis_video_V_keep_V, i3 %m_axis_video_V_strb_V, i1 %m_axis_video_V_user_V, i1 %m_axis_video_V_last_V, i1 %m_axis_video_V_id_V, i1 %m_axis_video_V_dest_V, i16 %field_id_val8_read, i13 %sub_i, i16 %counter_loc_0_i, i1 %p_phi_i_loc, i16 %counter" [C:/Xil_prj/hdmi_out/hdmi_out.runs/hdmi_out_v_tpg_0_0_synth_1/prj/sol/.autopilot/db/v_tpg.cpp:979->C:/Xil_prj/hdmi_out/hdmi_out.runs/hdmi_out_v_tpg_0_0_synth_1/prj/sol/.autopilot/db/v_tpg.cpp:399]   --->   Operation 42 'call' 'call_ln979' <Predicate = true> <Delay = 5.62> <CoreType = "Generic">   --->   Core 0 '' <Latency = 0> <II = 1> <Delay = 1.00> <Generic> <Opcode : >

State 4 <SV = 3> <Delay = 0.00>
ST_4 : Operation 43 [1/1] (0.00ns)   --->   "%specloopname_ln979 = specloopname void @_ssdm_op_SpecLoopName, void @empty_29" [C:/Xil_prj/hdmi_out/hdmi_out.runs/hdmi_out_v_tpg_0_0_synth_1/prj/sol/.autopilot/db/v_tpg.cpp:979->C:/Xil_prj/hdmi_out/hdmi_out.runs/hdmi_out_v_tpg_0_0_synth_1/prj/sol/.autopilot/db/v_tpg.cpp:399]   --->   Operation 43 'specloopname' 'specloopname_ln979' <Predicate = true> <Delay = 0.00>
ST_4 : Operation 44 [1/1] (0.00ns)   --->   "%p_phi_i_loc_load = load i1 %p_phi_i_loc"   --->   Operation 44 'load' 'p_phi_i_loc_load' <Predicate = true> <Delay = 0.00>
ST_4 : Operation 45 [1/1] (0.00ns)   --->   "%br_ln979 = br void %VITIS_LOOP_981_2.i" [C:/Xil_prj/hdmi_out/hdmi_out.runs/hdmi_out_v_tpg_0_0_synth_1/prj/sol/.autopilot/db/v_tpg.cpp:979->C:/Xil_prj/hdmi_out/hdmi_out.runs/hdmi_out_v_tpg_0_0_synth_1/prj/sol/.autopilot/db/v_tpg.cpp:399]   --->   Operation 45 'br' 'br_ln979' <Predicate = true> <Delay = 0.00>


============================================================
+ Verbose Summary: Binding
============================================================
STG Binding: 
---------------- STG Properties BEGIN ----------------
- Is combinational: 0
- Is one-state seq: 0
- Is datapath-only: 0
- Is pipelined: 0
- Is top level: 0
Port [ Return ] is wired: 1; IO mode=ap_ctrl_hs:ce=0
Port [ ovrlayYUV]:  wired=1; compound=1; hidden=0; nouse=0; global=0; static=0; extern=0; dir=0; type=3; pingpong=0; private_global=0; IO mode=ap_fifo:ce=0
Port [ m_axis_video_V_data_V]:  wired=1; compound=1; hidden=0; nouse=0; global=0; static=0; extern=0; dir=1; type=0; pingpong=0; private_global=0; IO mode=axis:ce=0
Port [ m_axis_video_V_keep_V]:  wired=1; compound=1; hidden=0; nouse=0; global=0; static=0; extern=0; dir=1; type=0; pingpong=0; private_global=0; IO mode=axis:ce=0
Port [ m_axis_video_V_strb_V]:  wired=1; compound=1; hidden=0; nouse=0; global=0; static=0; extern=0; dir=1; type=0; pingpong=0; private_global=0; IO mode=axis:ce=0
Port [ m_axis_video_V_user_V]:  wired=1; compound=1; hidden=0; nouse=0; global=0; static=0; extern=0; dir=1; type=0; pingpong=0; private_global=0; IO mode=axis:ce=0
Port [ m_axis_video_V_last_V]:  wired=1; compound=1; hidden=0; nouse=0; global=0; static=0; extern=0; dir=1; type=0; pingpong=0; private_global=0; IO mode=axis:ce=0
Port [ m_axis_video_V_id_V]:  wired=1; compound=1; hidden=0; nouse=0; global=0; static=0; extern=0; dir=1; type=0; pingpong=0; private_global=0; IO mode=axis:ce=0
Port [ m_axis_video_V_dest_V]:  wired=1; compound=1; hidden=0; nouse=0; global=0; static=0; extern=0; dir=1; type=0; pingpong=0; private_global=0; IO mode=axis:ce=0
Port [ height_val4]:  wired=1; compound=1; hidden=0; nouse=0; global=0; static=0; extern=0; dir=0; type=3; pingpong=0; private_global=0; IO mode=ap_fifo:ce=0
Port [ width_val7]:  wired=1; compound=1; hidden=0; nouse=0; global=0; static=0; extern=0; dir=0; type=3; pingpong=0; private_global=0; IO mode=ap_fifo:ce=0
Port [ colorFormat_val17]:  wired=1; compound=1; hidden=0; nouse=0; global=0; static=0; extern=0; dir=0; type=3; pingpong=0; private_global=0; IO mode=ap_fifo:ce=0
Port [ fid_in_val9]:  wired=1; compound=1; hidden=0; nouse=0; global=0; static=0; extern=0; dir=0; type=3; pingpong=0; private_global=0; IO mode=ap_fifo:ce=0
Port [ fid]:  wired=1; compound=0; hidden=0; nouse=0; global=0; static=0; extern=0; dir=1; type=0; pingpong=0; private_global=0; IO mode=ap_vld:ce=0
Port [ field_id_val8]:  wired=1; compound=1; hidden=0; nouse=0; global=0; static=0; extern=0; dir=0; type=3; pingpong=0; private_global=0; IO mode=ap_fifo:ce=0
Port [ fidStored]:  wired=0; compound=0; hidden=1; nouse=0; global=1; static=1; extern=0; dir=2; type=0; pingpong=0; private_global=1; IO mode=ap_ovld:ce=0
Port [ counter]:  wired=0; compound=0; hidden=1; nouse=0; global=1; static=1; extern=0; dir=2; type=0; pingpong=0; private_global=1; IO mode=ap_ovld:ce=0
---------------- STG Properties END ------------------

---------------- Datapath Model BEGIN ----------------

<LifeTime>
<method=bitvector/>
i                       (alloca             ) [ 01111]
counter_loc_0_i         (alloca             ) [ 01111]
p_phi_i_loc             (alloca             ) [ 00111]
specinterface_ln0       (specinterface      ) [ 00000]
colorFormat_val17_read  (read               ) [ 00111]
specinterface_ln0       (specinterface      ) [ 00000]
fid_in_val9_read        (read               ) [ 00111]
specinterface_ln0       (specinterface      ) [ 00000]
field_id_val8_read      (read               ) [ 00111]
specinterface_ln0       (specinterface      ) [ 00000]
cols                    (read               ) [ 00111]
specinterface_ln0       (specinterface      ) [ 00000]
rows                    (read               ) [ 00111]
specaxissidechannel_ln0 (specaxissidechannel) [ 00000]
specinterface_ln0       (specinterface      ) [ 00000]
specinterface_ln0       (specinterface      ) [ 00000]
fidStored_load          (load               ) [ 01111]
write_ln978             (write              ) [ 00000]
sub_i                   (add                ) [ 00111]
icmp_ln979              (icmp               ) [ 00111]
counter_load            (load               ) [ 00000]
store_ln1005            (store              ) [ 00000]
store_ln979             (store              ) [ 00000]
br_ln979                (br                 ) [ 01111]
empty                   (phi                ) [ 00110]
sof                     (phi                ) [ 00110]
i_1                     (load               ) [ 00000]
icmp_ln979_1            (icmp               ) [ 00111]
speclooptripcount_ln0   (speclooptripcount  ) [ 00000]
i_2                     (add                ) [ 00000]
br_ln979                (br                 ) [ 00000]
empty_161               (wait               ) [ 00000]
and_ln979               (and                ) [ 01111]
store_ln979             (store              ) [ 00000]
store_ln1062            (store              ) [ 00000]
ret_ln399               (ret                ) [ 00000]
call_ln979              (call               ) [ 00000]
specloopname_ln979      (specloopname       ) [ 00000]
p_phi_i_loc_load        (load               ) [ 01111]
br_ln979                (br                 ) [ 01111]
</LifeTime>

<model>

<comp_list>
<comp id="0" class="1000" name="ovrlayYUV">
<pin_list>
<pin id="1" dir="1" index="0" bw="1" slack="0"/>
</pin_list>
<bind>
<StgValue><ssdm name="ovrlayYUV"/></StgValue>
</bind>
</comp>

<comp id="2" class="1000" name="m_axis_video_V_data_V">
<pin_list>
<pin id="3" dir="1" index="0" bw="1" slack="0"/>
</pin_list>
<bind>
<StgValue><ssdm name="m_axis_video_V_data_V"/></StgValue>
</bind>
</comp>

<comp id="4" class="1000" name="m_axis_video_V_keep_V">
<pin_list>
<pin id="5" dir="1" index="0" bw="1" slack="0"/>
</pin_list>
<bind>
<StgValue><ssdm name="m_axis_video_V_keep_V"/></StgValue>
</bind>
</comp>

<comp id="6" class="1000" name="m_axis_video_V_strb_V">
<pin_list>
<pin id="7" dir="1" index="0" bw="1" slack="0"/>
</pin_list>
<bind>
<StgValue><ssdm name="m_axis_video_V_strb_V"/></StgValue>
</bind>
</comp>

<comp id="8" class="1000" name="m_axis_video_V_user_V">
<pin_list>
<pin id="9" dir="1" index="0" bw="1" slack="0"/>
</pin_list>
<bind>
<StgValue><ssdm name="m_axis_video_V_user_V"/></StgValue>
</bind>
</comp>

<comp id="10" class="1000" name="m_axis_video_V_last_V">
<pin_list>
<pin id="11" dir="1" index="0" bw="1" slack="0"/>
</pin_list>
<bind>
<StgValue><ssdm name="m_axis_video_V_last_V"/></StgValue>
</bind>
</comp>

<comp id="12" class="1000" name="m_axis_video_V_id_V">
<pin_list>
<pin id="13" dir="1" index="0" bw="1" slack="0"/>
</pin_list>
<bind>
<StgValue><ssdm name="m_axis_video_V_id_V"/></StgValue>
</bind>
</comp>

<comp id="14" class="1000" name="m_axis_video_V_dest_V">
<pin_list>
<pin id="15" dir="1" index="0" bw="1" slack="0"/>
</pin_list>
<bind>
<StgValue><ssdm name="m_axis_video_V_dest_V"/></StgValue>
</bind>
</comp>

<comp id="16" class="1000" name="height_val4">
<pin_list>
<pin id="17" dir="1" index="0" bw="1" slack="0"/>
</pin_list>
<bind>
<StgValue><ssdm name="height_val4"/></StgValue>
</bind>
</comp>

<comp id="18" class="1000" name="width_val7">
<pin_list>
<pin id="19" dir="1" index="0" bw="1" slack="0"/>
</pin_list>
<bind>
<StgValue><ssdm name="width_val7"/></StgValue>
</bind>
</comp>

<comp id="20" class="1000" name="colorFormat_val17">
<pin_list>
<pin id="21" dir="1" index="0" bw="1" slack="0"/>
</pin_list>
<bind>
<StgValue><ssdm name="colorFormat_val17"/></StgValue>
</bind>
</comp>

<comp id="22" class="1000" name="fid_in_val9">
<pin_list>
<pin id="23" dir="1" index="0" bw="1" slack="0"/>
</pin_list>
<bind>
<StgValue><ssdm name="fid_in_val9"/></StgValue>
</bind>
</comp>

<comp id="24" class="1000" name="fid">
<pin_list>
<pin id="25" dir="1" index="0" bw="1" slack="0"/>
</pin_list>
<bind>
<StgValue><ssdm name="fid"/></StgValue>
</bind>
</comp>

<comp id="26" class="1000" name="field_id_val8">
<pin_list>
<pin id="27" dir="1" index="0" bw="1" slack="0"/>
</pin_list>
<bind>
<StgValue><ssdm name="field_id_val8"/></StgValue>
</bind>
</comp>

<comp id="28" class="1000" name="fidStored">
<pin_list>
<pin id="29" dir="1" index="0" bw="1" slack="0"/>
</pin_list>
<bind>
<StgValue><ssdm name="fidStored"/></StgValue>
</bind>
</comp>

<comp id="30" class="1000" name="counter">
<pin_list>
<pin id="31" dir="1" index="0" bw="1" slack="0"/>
</pin_list>
<bind>
<StgValue><ssdm name="counter"/></StgValue>
</bind>
</comp>

<comp id="32" class="1001" name="const_32">
<pin_list>
<pin id="33" dir="1" index="0" bw="1" slack="0"/>
</pin_list>
<bind>
<StgValue><ssdm name=""/></StgValue>
</bind>
</comp>

<comp id="34" class="1001" name="const_34">
<pin_list>
<pin id="35" dir="1" index="0" bw="1" slack="0"/>
</pin_list>
<bind>
<StgValue><ssdm name=""/></StgValue>
</bind>
</comp>

<comp id="36" class="1001" name="const_36">
<pin_list>
<pin id="37" dir="1" index="0" bw="1" slack="2147483647"/>
</pin_list>
<bind>
<StgValue><ssdm name="_ssdm_op_SpecInterface"/></StgValue>
</bind>
</comp>

<comp id="38" class="1001" name="const_38">
<pin_list>
<pin id="39" dir="1" index="0" bw="1" slack="2147483647"/>
</pin_list>
<bind>
<StgValue><ssdm name="ap_fifo_str"/></StgValue>
</bind>
</comp>

<comp id="40" class="1001" name="const_40">
<pin_list>
<pin id="41" dir="1" index="0" bw="1" slack="2147483647"/>
</pin_list>
<bind>
<StgValue><ssdm name=""/></StgValue>
</bind>
</comp>

<comp id="42" class="1001" name="const_42">
<pin_list>
<pin id="43" dir="1" index="0" bw="1" slack="2147483647"/>
</pin_list>
<bind>
<StgValue><ssdm name="p_str"/></StgValue>
</bind>
</comp>

<comp id="44" class="1001" name="const_44">
<pin_list>
<pin id="45" dir="1" index="0" bw="1" slack="2147483647"/>
</pin_list>
<bind>
<StgValue><ssdm name=""/></StgValue>
</bind>
</comp>

<comp id="46" class="1001" name="const_46">
<pin_list>
<pin id="47" dir="1" index="0" bw="1" slack="2147483647"/>
</pin_list>
<bind>
<StgValue><ssdm name=""/></StgValue>
</bind>
</comp>

<comp id="48" class="1001" name="const_48">
<pin_list>
<pin id="49" dir="1" index="0" bw="1" slack="2147483647"/>
</pin_list>
<bind>
<StgValue><ssdm name="ScalarProp_str"/></StgValue>
</bind>
</comp>

<comp id="50" class="1001" name="const_50">
<pin_list>
<pin id="51" dir="1" index="0" bw="1" slack="2147483647"/>
</pin_list>
<bind>
<StgValue><ssdm name=""/></StgValue>
</bind>
</comp>

<comp id="52" class="1001" name="const_52">
<pin_list>
<pin id="53" dir="1" index="0" bw="1" slack="0"/>
</pin_list>
<bind>
<StgValue><ssdm name="_ssdm_op_Read.ap_fifo.i8P0A"/></StgValue>
</bind>
</comp>

<comp id="54" class="1001" name="const_54">
<pin_list>
<pin id="55" dir="1" index="0" bw="1" slack="0"/>
</pin_list>
<bind>
<StgValue><ssdm name="_ssdm_op_Read.ap_fifo.i1P0A"/></StgValue>
</bind>
</comp>

<comp id="56" class="1001" name="const_56">
<pin_list>
<pin id="57" dir="1" index="0" bw="1" slack="0"/>
</pin_list>
<bind>
<StgValue><ssdm name="_ssdm_op_Read.ap_fifo.i16P0A"/></StgValue>
</bind>
</comp>

<comp id="58" class="1001" name="const_58">
<pin_list>
<pin id="59" dir="1" index="0" bw="1" slack="0"/>
</pin_list>
<bind>
<StgValue><ssdm name="_ssdm_op_Read.ap_fifo.i13P0A"/></StgValue>
</bind>
</comp>

<comp id="60" class="1001" name="const_60">
<pin_list>
<pin id="61" dir="1" index="0" bw="1" slack="0"/>
</pin_list>
<bind>
<StgValue><ssdm name="_ssdm_op_Read.ap_fifo.i12P0A"/></StgValue>
</bind>
</comp>

<comp id="62" class="1001" name="const_62">
<pin_list>
<pin id="63" dir="1" index="0" bw="1" slack="2147483647"/>
</pin_list>
<bind>
<StgValue><ssdm name="_ssdm_op_SpecAXISSideChannel"/></StgValue>
</bind>
</comp>

<comp id="64" class="1001" name="const_64">
<pin_list>
<pin id="65" dir="1" index="0" bw="1" slack="2147483647"/>
</pin_list>
<bind>
<StgValue><ssdm name="empty_21"/></StgValue>
</bind>
</comp>

<comp id="66" class="1001" name="const_66">
<pin_list>
<pin id="67" dir="1" index="0" bw="1" slack="2147483647"/>
</pin_list>
<bind>
<StgValue><ssdm name="empty_19"/></StgValue>
</bind>
</comp>

<comp id="68" class="1001" name="const_68">
<pin_list>
<pin id="69" dir="1" index="0" bw="1" slack="2147483647"/>
</pin_list>
<bind>
<StgValue><ssdm name="empty_9"/></StgValue>
</bind>
</comp>

<comp id="70" class="1001" name="const_70">
<pin_list>
<pin id="71" dir="1" index="0" bw="1" slack="2147483647"/>
</pin_list>
<bind>
<StgValue><ssdm name="empty_6"/></StgValue>
</bind>
</comp>

<comp id="72" class="1001" name="const_72">
<pin_list>
<pin id="73" dir="1" index="0" bw="1" slack="2147483647"/>
</pin_list>
<bind>
<StgValue><ssdm name="empty_35"/></StgValue>
</bind>
</comp>

<comp id="74" class="1001" name="const_74">
<pin_list>
<pin id="75" dir="1" index="0" bw="1" slack="0"/>
</pin_list>
<bind>
<StgValue><ssdm name="_ssdm_op_Write.ap_auto.i1P0A"/></StgValue>
</bind>
</comp>

<comp id="76" class="1001" name="const_76">
<pin_list>
<pin id="77" dir="1" index="0" bw="1" slack="0"/>
</pin_list>
<bind>
<StgValue><ssdm name=""/></StgValue>
</bind>
</comp>

<comp id="78" class="1001" name="const_78">
<pin_list>
<pin id="79" dir="1" index="0" bw="1" slack="0"/>
</pin_list>
<bind>
<StgValue><ssdm name=""/></StgValue>
</bind>
</comp>

<comp id="80" class="1001" name="const_80">
<pin_list>
<pin id="81" dir="1" index="0" bw="1" slack="0"/>
</pin_list>
<bind>
<StgValue><ssdm name=""/></StgValue>
</bind>
</comp>

<comp id="82" class="1001" name="const_82">
<pin_list>
<pin id="83" dir="1" index="0" bw="1" slack="1"/>
</pin_list>
<bind>
<StgValue><ssdm name=""/></StgValue>
</bind>
</comp>

<comp id="84" class="1001" name="const_84">
<pin_list>
<pin id="85" dir="1" index="0" bw="1" slack="2147483647"/>
</pin_list>
<bind>
<StgValue><ssdm name="_ssdm_op_SpecLoopTripCount"/></StgValue>
</bind>
</comp>

<comp id="86" class="1001" name="const_86">
<pin_list>
<pin id="87" dir="1" index="0" bw="1" slack="2147483647"/>
</pin_list>
<bind>
<StgValue><ssdm name=""/></StgValue>
</bind>
</comp>

<comp id="88" class="1001" name="const_88">
<pin_list>
<pin id="89" dir="1" index="0" bw="1" slack="2147483647"/>
</pin_list>
<bind>
<StgValue><ssdm name=""/></StgValue>
</bind>
</comp>

<comp id="90" class="1001" name="const_90">
<pin_list>
<pin id="91" dir="1" index="0" bw="1" slack="0"/>
</pin_list>
<bind>
<StgValue><ssdm name=""/></StgValue>
</bind>
</comp>

<comp id="92" class="1001" name="const_92">
<pin_list>
<pin id="93" dir="1" index="0" bw="1" slack="2147483647"/>
</pin_list>
<bind>
<StgValue><ssdm name="_ssdm_op_Wait"/></StgValue>
</bind>
</comp>

<comp id="94" class="1001" name="const_94">
<pin_list>
<pin id="95" dir="1" index="0" bw="1" slack="0"/>
</pin_list>
<bind>
<StgValue><ssdm name="MultiPixStream2AXIvideo_Pipeline_VITIS_LOOP_981_2"/></StgValue>
</bind>
</comp>

<comp id="96" class="1001" name="const_96">
<pin_list>
<pin id="97" dir="1" index="0" bw="1" slack="2147483647"/>
</pin_list>
<bind>
<StgValue><ssdm name="_ssdm_op_SpecLoopName"/></StgValue>
</bind>
</comp>

<comp id="98" class="1001" name="const_98">
<pin_list>
<pin id="99" dir="1" index="0" bw="1" slack="2147483647"/>
</pin_list>
<bind>
<StgValue><ssdm name="empty_29"/></StgValue>
</bind>
</comp>

<comp id="100" class="1004" name="i_fu_100">
<pin_list>
<pin id="101" dir="0" index="0" bw="1" slack="0"/>
<pin id="102" dir="1" index="1" bw="12" slack="0"/>
</pin_list>
<bind>
<opcode="alloca(26) " fcode="alloca"/>
<opset="i/1 "/>
</bind>
</comp>

<comp id="104" class="1004" name="counter_loc_0_i_fu_104">
<pin_list>
<pin id="105" dir="0" index="0" bw="1" slack="0"/>
<pin id="106" dir="1" index="1" bw="16" slack="0"/>
</pin_list>
<bind>
<opcode="alloca(26) " fcode="alloca"/>
<opset="counter_loc_0_i/1 "/>
</bind>
</comp>

<comp id="108" class="1004" name="p_phi_i_loc_fu_108">
<pin_list>
<pin id="109" dir="0" index="0" bw="1" slack="0"/>
<pin id="110" dir="1" index="1" bw="1" slack="1"/>
</pin_list>
<bind>
<opcode="alloca(26) " fcode="alloca"/>
<opset="p_phi_i_loc/1 "/>
</bind>
</comp>

<comp id="112" class="1004" name="colorFormat_val17_read_read_fu_112">
<pin_list>
<pin id="113" dir="0" index="0" bw="8" slack="0"/>
<pin id="114" dir="0" index="1" bw="8" slack="0"/>
<pin id="115" dir="1" index="2" bw="8" slack="1"/>
</pin_list>
<bind>
<opcode="read(1150) " fcode="read"/>
<opset="colorFormat_val17_read/1 "/>
</bind>
</comp>

<comp id="118" class="1004" name="fid_in_val9_read_read_fu_118">
<pin_list>
<pin id="119" dir="0" index="0" bw="1" slack="0"/>
<pin id="120" dir="0" index="1" bw="1" slack="0"/>
<pin id="121" dir="1" index="2" bw="1" slack="1"/>
</pin_list>
<bind>
<opcode="read(1150) " fcode="read"/>
<opset="fid_in_val9_read/1 "/>
</bind>
</comp>

<comp id="124" class="1004" name="field_id_val8_read_read_fu_124">
<pin_list>
<pin id="125" dir="0" index="0" bw="16" slack="0"/>
<pin id="126" dir="0" index="1" bw="16" slack="0"/>
<pin id="127" dir="1" index="2" bw="16" slack="1"/>
</pin_list>
<bind>
<opcode="read(1150) " fcode="read"/>
<opset="field_id_val8_read/1 "/>
</bind>
</comp>

<comp id="130" class="1004" name="cols_read_fu_130">
<pin_list>
<pin id="131" dir="0" index="0" bw="13" slack="0"/>
<pin id="132" dir="0" index="1" bw="13" slack="0"/>
<pin id="133" dir="1" index="2" bw="13" slack="0"/>
</pin_list>
<bind>
<opcode="read(1150) " fcode="read"/>
<opset="cols/1 "/>
</bind>
</comp>

<comp id="136" class="1004" name="rows_read_fu_136">
<pin_list>
<pin id="137" dir="0" index="0" bw="12" slack="0"/>
<pin id="138" dir="0" index="1" bw="12" slack="0"/>
<pin id="139" dir="1" index="2" bw="12" slack="1"/>
</pin_list>
<bind>
<opcode="read(1150) " fcode="read"/>
<opset="rows/1 "/>
</bind>
</comp>

<comp id="142" class="1004" name="write_ln978_write_fu_142">
<pin_list>
<pin id="143" dir="0" index="0" bw="0" slack="0"/>
<pin id="144" dir="0" index="1" bw="1" slack="0"/>
<pin id="145" dir="0" index="2" bw="1" slack="0"/>
<pin id="146" dir="1" index="3" bw="0" slack="2147483647"/>
</pin_list>
<bind>
<opcode="write(1151) " fcode="write"/>
<opset="write_ln978/1 "/>
</bind>
</comp>

<comp id="149" class="1005" name="empty_reg_149">
<pin_list>
<pin id="150" dir="0" index="0" bw="1" slack="1"/>
<pin id="151" dir="1" index="1" bw="1" slack="2147483647"/>
</pin_list>
<bind>
<opset="empty (phireg) "/>
</bind>
</comp>

<comp id="152" class="1004" name="empty_phi_fu_152">
<pin_list>
<pin id="153" dir="0" index="0" bw="1" slack="2147483647"/>
<pin id="154" dir="0" index="1" bw="0" slack="2147483647"/>
<pin id="155" dir="0" index="2" bw="1" slack="2147483647"/>
<pin id="156" dir="0" index="3" bw="0" slack="2147483647"/>
<pin id="157" dir="1" index="4" bw="1" slack="0"/>
</pin_list>
<bind>
<opcode="phi(47) " fcode="phi"/>
<opset="empty/2 "/>
</bind>
</comp>

<comp id="159" class="1005" name="sof_reg_159">
<pin_list>
<pin id="160" dir="0" index="0" bw="1" slack="1"/>
<pin id="161" dir="1" index="1" bw="1" slack="1"/>
</pin_list>
<bind>
<opset="sof (phireg) "/>
</bind>
</comp>

<comp id="163" class="1004" name="sof_phi_fu_163">
<pin_list>
<pin id="164" dir="0" index="0" bw="1" slack="1"/>
<pin id="165" dir="0" index="1" bw="0" slack="2147483647"/>
<pin id="166" dir="0" index="2" bw="1" slack="0"/>
<pin id="167" dir="0" index="3" bw="0" slack="2147483647"/>
<pin id="168" dir="1" index="4" bw="1" slack="0"/>
</pin_list>
<bind>
<opcode="phi(47) " fcode="phi"/>
<opset="sof/2 "/>
</bind>
</comp>

<comp id="171" class="1004" name="grp_MultiPixStream2AXIvideo_Pipeline_VITIS_LOOP_981_2_fu_171">
<pin_list>
<pin id="172" dir="0" index="0" bw="0" slack="0"/>
<pin id="173" dir="0" index="1" bw="1" slack="0"/>
<pin id="174" dir="0" index="2" bw="1" slack="0"/>
<pin id="175" dir="0" index="3" bw="13" slack="1"/>
<pin id="176" dir="0" index="4" bw="1" slack="1"/>
<pin id="177" dir="0" index="5" bw="1" slack="0"/>
<pin id="178" dir="0" index="6" bw="24" slack="0"/>
<pin id="179" dir="0" index="7" bw="8" slack="1"/>
<pin id="180" dir="0" index="8" bw="24" slack="0"/>
<pin id="181" dir="0" index="9" bw="3" slack="0"/>
<pin id="182" dir="0" index="10" bw="3" slack="0"/>
<pin id="183" dir="0" index="11" bw="1" slack="0"/>
<pin id="184" dir="0" index="12" bw="1" slack="0"/>
<pin id="185" dir="0" index="13" bw="1" slack="0"/>
<pin id="186" dir="0" index="14" bw="1" slack="0"/>
<pin id="187" dir="0" index="15" bw="16" slack="1"/>
<pin id="188" dir="0" index="16" bw="13" slack="1"/>
<pin id="189" dir="0" index="17" bw="16" slack="1"/>
<pin id="190" dir="0" index="18" bw="1" slack="1"/>
<pin id="191" dir="0" index="19" bw="16" slack="0"/>
<pin id="192" dir="1" index="20" bw="0" slack="2147483647"/>
</pin_list>
<bind>
<opcode="call(48) " fcode="call"/>
<opset="call_ln979/2 "/>
</bind>
</comp>

<comp id="206" class="1004" name="fidStored_load_load_fu_206">
<pin_list>
<pin id="207" dir="0" index="0" bw="1" slack="0"/>
<pin id="208" dir="1" index="1" bw="1" slack="0"/>
</pin_list>
<bind>
<opcode="load(27) " fcode="load"/>
<opset="fidStored_load/1 "/>
</bind>
</comp>

<comp id="211" class="1004" name="sub_i_fu_211">
<pin_list>
<pin id="212" dir="0" index="0" bw="13" slack="0"/>
<pin id="213" dir="0" index="1" bw="1" slack="0"/>
<pin id="214" dir="1" index="2" bw="13" slack="1"/>
</pin_list>
<bind>
<opcode="add(8) " fcode="add"/>
<opset="sub_i/1 "/>
</bind>
</comp>

<comp id="217" class="1004" name="icmp_ln979_fu_217">
<pin_list>
<pin id="218" dir="0" index="0" bw="13" slack="0"/>
<pin id="219" dir="0" index="1" bw="1" slack="0"/>
<pin id="220" dir="1" index="2" bw="1" slack="1"/>
</pin_list>
<bind>
<opcode="icmp(45) " fcode="icmp"/>
<opset="icmp_ln979/1 "/>
</bind>
</comp>

<comp id="223" class="1004" name="counter_load_load_fu_223">
<pin_list>
<pin id="224" dir="0" index="0" bw="16" slack="0"/>
<pin id="225" dir="1" index="1" bw="16" slack="0"/>
</pin_list>
<bind>
<opcode="load(27) " fcode="load"/>
<opset="counter_load/1 "/>
</bind>
</comp>

<comp id="227" class="1004" name="store_ln1005_store_fu_227">
<pin_list>
<pin id="228" dir="0" index="0" bw="16" slack="0"/>
<pin id="229" dir="0" index="1" bw="16" slack="0"/>
<pin id="230" dir="1" index="2" bw="0" slack="2147483647"/>
</pin_list>
<bind>
<opcode="store(28) " fcode="store"/>
<opset="store_ln1005/1 "/>
</bind>
</comp>

<comp id="232" class="1004" name="store_ln979_store_fu_232">
<pin_list>
<pin id="233" dir="0" index="0" bw="1" slack="0"/>
<pin id="234" dir="0" index="1" bw="12" slack="0"/>
<pin id="235" dir="1" index="2" bw="0" slack="2147483647"/>
</pin_list>
<bind>
<opcode="store(28) " fcode="store"/>
<opset="store_ln979/1 "/>
</bind>
</comp>

<comp id="237" class="1004" name="i_1_load_fu_237">
<pin_list>
<pin id="238" dir="0" index="0" bw="12" slack="1"/>
<pin id="239" dir="1" index="1" bw="12" slack="0"/>
</pin_list>
<bind>
<opcode="load(27) " fcode="load"/>
<opset="i_1/2 "/>
</bind>
</comp>

<comp id="240" class="1004" name="icmp_ln979_1_fu_240">
<pin_list>
<pin id="241" dir="0" index="0" bw="12" slack="0"/>
<pin id="242" dir="0" index="1" bw="12" slack="1"/>
<pin id="243" dir="1" index="2" bw="1" slack="2147483647"/>
</pin_list>
<bind>
<opcode="icmp(45) " fcode="icmp"/>
<opset="icmp_ln979_1/2 "/>
</bind>
</comp>

<comp id="245" class="1004" name="i_2_fu_245">
<pin_list>
<pin id="246" dir="0" index="0" bw="12" slack="0"/>
<pin id="247" dir="0" index="1" bw="1" slack="0"/>
<pin id="248" dir="1" index="2" bw="12" slack="0"/>
</pin_list>
<bind>
<opcode="add(8) " fcode="add"/>
<opset="i_2/2 "/>
</bind>
</comp>

<comp id="251" class="1004" name="and_ln979_fu_251">
<pin_list>
<pin id="252" dir="0" index="0" bw="1" slack="1"/>
<pin id="253" dir="0" index="1" bw="1" slack="0"/>
<pin id="254" dir="1" index="2" bw="1" slack="0"/>
</pin_list>
<bind>
<opcode="and(23) " fcode="and"/>
<opset="and_ln979/2 "/>
</bind>
</comp>

<comp id="256" class="1004" name="store_ln979_store_fu_256">
<pin_list>
<pin id="257" dir="0" index="0" bw="12" slack="0"/>
<pin id="258" dir="0" index="1" bw="12" slack="1"/>
<pin id="259" dir="1" index="2" bw="0" slack="2147483647"/>
</pin_list>
<bind>
<opcode="store(28) " fcode="store"/>
<opset="store_ln979/2 "/>
</bind>
</comp>

<comp id="261" class="1004" name="store_ln1062_store_fu_261">
<pin_list>
<pin id="262" dir="0" index="0" bw="1" slack="0"/>
<pin id="263" dir="0" index="1" bw="1" slack="0"/>
<pin id="264" dir="1" index="2" bw="0" slack="2147483647"/>
</pin_list>
<bind>
<opcode="store(28) " fcode="store"/>
<opset="store_ln1062/2 "/>
</bind>
</comp>

<comp id="267" class="1004" name="p_phi_i_loc_load_load_fu_267">
<pin_list>
<pin id="268" dir="0" index="0" bw="1" slack="3"/>
<pin id="269" dir="1" index="1" bw="1" slack="2147483647"/>
</pin_list>
<bind>
<opcode="load(27) " fcode="load"/>
<opset="p_phi_i_loc_load/4 "/>
</bind>
</comp>

<comp id="270" class="1005" name="i_reg_270">
<pin_list>
<pin id="271" dir="0" index="0" bw="12" slack="0"/>
<pin id="272" dir="1" index="1" bw="12" slack="0"/>
</pin_list>
<bind>
<opset="i "/>
</bind>
</comp>

<comp id="277" class="1005" name="counter_loc_0_i_reg_277">
<pin_list>
<pin id="278" dir="0" index="0" bw="16" slack="0"/>
<pin id="279" dir="1" index="1" bw="16" slack="0"/>
</pin_list>
<bind>
<opset="counter_loc_0_i "/>
</bind>
</comp>

<comp id="283" class="1005" name="p_phi_i_loc_reg_283">
<pin_list>
<pin id="284" dir="0" index="0" bw="1" slack="1"/>
<pin id="285" dir="1" index="1" bw="1" slack="1"/>
</pin_list>
<bind>
<opset="p_phi_i_loc "/>
</bind>
</comp>

<comp id="289" class="1005" name="colorFormat_val17_read_reg_289">
<pin_list>
<pin id="290" dir="0" index="0" bw="8" slack="1"/>
<pin id="291" dir="1" index="1" bw="8" slack="1"/>
</pin_list>
<bind>
<opset="colorFormat_val17_read "/>
</bind>
</comp>

<comp id="294" class="1005" name="fid_in_val9_read_reg_294">
<pin_list>
<pin id="295" dir="0" index="0" bw="1" slack="1"/>
<pin id="296" dir="1" index="1" bw="1" slack="1"/>
</pin_list>
<bind>
<opset="fid_in_val9_read "/>
</bind>
</comp>

<comp id="299" class="1005" name="field_id_val8_read_reg_299">
<pin_list>
<pin id="300" dir="0" index="0" bw="16" slack="1"/>
<pin id="301" dir="1" index="1" bw="16" slack="1"/>
</pin_list>
<bind>
<opset="field_id_val8_read "/>
</bind>
</comp>

<comp id="304" class="1005" name="cols_reg_304">
<pin_list>
<pin id="305" dir="0" index="0" bw="13" slack="1"/>
<pin id="306" dir="1" index="1" bw="13" slack="1"/>
</pin_list>
<bind>
<opset="cols "/>
</bind>
</comp>

<comp id="309" class="1005" name="rows_reg_309">
<pin_list>
<pin id="310" dir="0" index="0" bw="12" slack="1"/>
<pin id="311" dir="1" index="1" bw="12" slack="1"/>
</pin_list>
<bind>
<opset="rows "/>
</bind>
</comp>

<comp id="317" class="1005" name="sub_i_reg_317">
<pin_list>
<pin id="318" dir="0" index="0" bw="13" slack="1"/>
<pin id="319" dir="1" index="1" bw="13" slack="1"/>
</pin_list>
<bind>
<opset="sub_i "/>
</bind>
</comp>

<comp id="322" class="1005" name="icmp_ln979_reg_322">
<pin_list>
<pin id="323" dir="0" index="0" bw="1" slack="1"/>
<pin id="324" dir="1" index="1" bw="1" slack="1"/>
</pin_list>
<bind>
<opset="icmp_ln979 "/>
</bind>
</comp>

<comp id="330" class="1005" name="and_ln979_reg_330">
<pin_list>
<pin id="331" dir="0" index="0" bw="1" slack="0"/>
<pin id="332" dir="1" index="1" bw="1" slack="0"/>
</pin_list>
<bind>
<opset="and_ln979 "/>
</bind>
</comp>

</comp_list>

<net_list>
<net id="103"><net_src comp="32" pin="0"/><net_sink comp="100" pin=0"/></net>

<net id="107"><net_src comp="32" pin="0"/><net_sink comp="104" pin=0"/></net>

<net id="111"><net_src comp="34" pin="0"/><net_sink comp="108" pin=0"/></net>

<net id="116"><net_src comp="52" pin="0"/><net_sink comp="112" pin=0"/></net>

<net id="117"><net_src comp="20" pin="0"/><net_sink comp="112" pin=1"/></net>

<net id="122"><net_src comp="54" pin="0"/><net_sink comp="118" pin=0"/></net>

<net id="123"><net_src comp="22" pin="0"/><net_sink comp="118" pin=1"/></net>

<net id="128"><net_src comp="56" pin="0"/><net_sink comp="124" pin=0"/></net>

<net id="129"><net_src comp="26" pin="0"/><net_sink comp="124" pin=1"/></net>

<net id="134"><net_src comp="58" pin="0"/><net_sink comp="130" pin=0"/></net>

<net id="135"><net_src comp="18" pin="0"/><net_sink comp="130" pin=1"/></net>

<net id="140"><net_src comp="60" pin="0"/><net_sink comp="136" pin=0"/></net>

<net id="141"><net_src comp="16" pin="0"/><net_sink comp="136" pin=1"/></net>

<net id="147"><net_src comp="74" pin="0"/><net_sink comp="142" pin=0"/></net>

<net id="148"><net_src comp="24" pin="0"/><net_sink comp="142" pin=1"/></net>

<net id="158"><net_src comp="152" pin="4"/><net_sink comp="149" pin=0"/></net>

<net id="162"><net_src comp="82" pin="0"/><net_sink comp="159" pin=0"/></net>

<net id="169"><net_src comp="159" pin="1"/><net_sink comp="163" pin=0"/></net>

<net id="170"><net_src comp="163" pin="4"/><net_sink comp="159" pin=0"/></net>

<net id="193"><net_src comp="94" pin="0"/><net_sink comp="171" pin=0"/></net>

<net id="194"><net_src comp="163" pin="4"/><net_sink comp="171" pin=1"/></net>

<net id="195"><net_src comp="152" pin="4"/><net_sink comp="171" pin=2"/></net>

<net id="196"><net_src comp="24" pin="0"/><net_sink comp="171" pin=5"/></net>

<net id="197"><net_src comp="0" pin="0"/><net_sink comp="171" pin=6"/></net>

<net id="198"><net_src comp="2" pin="0"/><net_sink comp="171" pin=8"/></net>

<net id="199"><net_src comp="4" pin="0"/><net_sink comp="171" pin=9"/></net>

<net id="200"><net_src comp="6" pin="0"/><net_sink comp="171" pin=10"/></net>

<net id="201"><net_src comp="8" pin="0"/><net_sink comp="171" pin=11"/></net>

<net id="202"><net_src comp="10" pin="0"/><net_sink comp="171" pin=12"/></net>

<net id="203"><net_src comp="12" pin="0"/><net_sink comp="171" pin=13"/></net>

<net id="204"><net_src comp="14" pin="0"/><net_sink comp="171" pin=14"/></net>

<net id="205"><net_src comp="30" pin="0"/><net_sink comp="171" pin=19"/></net>

<net id="209"><net_src comp="28" pin="0"/><net_sink comp="206" pin=0"/></net>

<net id="210"><net_src comp="206" pin="1"/><net_sink comp="142" pin=2"/></net>

<net id="215"><net_src comp="130" pin="2"/><net_sink comp="211" pin=0"/></net>

<net id="216"><net_src comp="76" pin="0"/><net_sink comp="211" pin=1"/></net>

<net id="221"><net_src comp="130" pin="2"/><net_sink comp="217" pin=0"/></net>

<net id="222"><net_src comp="78" pin="0"/><net_sink comp="217" pin=1"/></net>

<net id="226"><net_src comp="30" pin="0"/><net_sink comp="223" pin=0"/></net>

<net id="231"><net_src comp="223" pin="1"/><net_sink comp="227" pin=0"/></net>

<net id="236"><net_src comp="80" pin="0"/><net_sink comp="232" pin=0"/></net>

<net id="244"><net_src comp="237" pin="1"/><net_sink comp="240" pin=0"/></net>

<net id="249"><net_src comp="237" pin="1"/><net_sink comp="245" pin=0"/></net>

<net id="250"><net_src comp="90" pin="0"/><net_sink comp="245" pin=1"/></net>

<net id="255"><net_src comp="163" pin="4"/><net_sink comp="251" pin=1"/></net>

<net id="260"><net_src comp="245" pin="2"/><net_sink comp="256" pin=0"/></net>

<net id="265"><net_src comp="152" pin="4"/><net_sink comp="261" pin=0"/></net>

<net id="266"><net_src comp="28" pin="0"/><net_sink comp="261" pin=1"/></net>

<net id="273"><net_src comp="100" pin="1"/><net_sink comp="270" pin=0"/></net>

<net id="274"><net_src comp="270" pin="1"/><net_sink comp="232" pin=1"/></net>

<net id="275"><net_src comp="270" pin="1"/><net_sink comp="237" pin=0"/></net>

<net id="276"><net_src comp="270" pin="1"/><net_sink comp="256" pin=1"/></net>

<net id="280"><net_src comp="104" pin="1"/><net_sink comp="277" pin=0"/></net>

<net id="281"><net_src comp="277" pin="1"/><net_sink comp="227" pin=1"/></net>

<net id="282"><net_src comp="277" pin="1"/><net_sink comp="171" pin=17"/></net>

<net id="286"><net_src comp="108" pin="1"/><net_sink comp="283" pin=0"/></net>

<net id="287"><net_src comp="283" pin="1"/><net_sink comp="171" pin=18"/></net>

<net id="288"><net_src comp="283" pin="1"/><net_sink comp="267" pin=0"/></net>

<net id="292"><net_src comp="112" pin="2"/><net_sink comp="289" pin=0"/></net>

<net id="293"><net_src comp="289" pin="1"/><net_sink comp="171" pin=7"/></net>

<net id="297"><net_src comp="118" pin="2"/><net_sink comp="294" pin=0"/></net>

<net id="298"><net_src comp="294" pin="1"/><net_sink comp="171" pin=4"/></net>

<net id="302"><net_src comp="124" pin="2"/><net_sink comp="299" pin=0"/></net>

<net id="303"><net_src comp="299" pin="1"/><net_sink comp="171" pin=15"/></net>

<net id="307"><net_src comp="130" pin="2"/><net_sink comp="304" pin=0"/></net>

<net id="308"><net_src comp="304" pin="1"/><net_sink comp="171" pin=3"/></net>

<net id="312"><net_src comp="136" pin="2"/><net_sink comp="309" pin=0"/></net>

<net id="313"><net_src comp="309" pin="1"/><net_sink comp="240" pin=1"/></net>

<net id="320"><net_src comp="211" pin="2"/><net_sink comp="317" pin=0"/></net>

<net id="321"><net_src comp="317" pin="1"/><net_sink comp="171" pin=16"/></net>

<net id="325"><net_src comp="217" pin="2"/><net_sink comp="322" pin=0"/></net>

<net id="326"><net_src comp="322" pin="1"/><net_sink comp="251" pin=0"/></net>

<net id="333"><net_src comp="251" pin="2"/><net_sink comp="330" pin=0"/></net>

<net id="334"><net_src comp="330" pin="1"/><net_sink comp="163" pin=2"/></net>

</net_list>

</model> 
---------------- Datapath Model END ------------------

* FSMD analyzer results:
  - Output states:
	Port: m_axis_video_V_data_V | {2 3 }
	Port: m_axis_video_V_keep_V | {2 3 }
	Port: m_axis_video_V_strb_V | {2 3 }
	Port: m_axis_video_V_user_V | {2 3 }
	Port: m_axis_video_V_last_V | {2 3 }
	Port: m_axis_video_V_id_V | {2 3 }
	Port: m_axis_video_V_dest_V | {2 3 }
	Port: fid | {1 2 3 }
	Port: fidStored | {2 }
	Port: counter | {2 3 }
 - Input state : 
	Port: MultiPixStream2AXIvideo : ovrlayYUV | {2 3 }
	Port: MultiPixStream2AXIvideo : height_val4 | {1 }
	Port: MultiPixStream2AXIvideo : width_val7 | {1 }
	Port: MultiPixStream2AXIvideo : colorFormat_val17 | {1 }
	Port: MultiPixStream2AXIvideo : fid_in_val9 | {1 }
	Port: MultiPixStream2AXIvideo : field_id_val8 | {1 }
	Port: MultiPixStream2AXIvideo : fidStored | {1 }
	Port: MultiPixStream2AXIvideo : counter | {1 }
  - Chain level:
	State 1
		write_ln978 : 1
		store_ln1005 : 1
		store_ln979 : 1
	State 2
		icmp_ln979_1 : 1
		i_2 : 1
		br_ln979 : 2
		call_ln979 : 1
		and_ln979 : 1
		store_ln979 : 2
		store_ln1062 : 1
	State 3
	State 4


============================================================
+ Verbose Summary: Datapath Resource usage 
============================================================

* Functional unit list:
|----------|--------------------------------------------------------------|---------|---------|---------|
| Operation|                        Functional Unit                       |  Delay  |    FF   |   LUT   |
|----------|--------------------------------------------------------------|---------|---------|---------|
|   call   | grp_MultiPixStream2AXIvideo_Pipeline_VITIS_LOOP_981_2_fu_171 |  3.6532 |    73   |   136   |
|----------|--------------------------------------------------------------|---------|---------|---------|
|    add   |                         sub_i_fu_211                         |    0    |    0    |    14   |
|          |                          i_2_fu_245                          |    0    |    0    |    12   |
|----------|--------------------------------------------------------------|---------|---------|---------|
|   icmp   |                       icmp_ln979_fu_217                      |    0    |    0    |    14   |
|          |                      icmp_ln979_1_fu_240                     |    0    |    0    |    12   |
|----------|--------------------------------------------------------------|---------|---------|---------|
|    and   |                       and_ln979_fu_251                       |    0    |    0    |    2    |
|----------|--------------------------------------------------------------|---------|---------|---------|
|          |              colorFormat_val17_read_read_fu_112              |    0    |    0    |    0    |
|          |                 fid_in_val9_read_read_fu_118                 |    0    |    0    |    0    |
|   read   |                field_id_val8_read_read_fu_124                |    0    |    0    |    0    |
|          |                       cols_read_fu_130                       |    0    |    0    |    0    |
|          |                       rows_read_fu_136                       |    0    |    0    |    0    |
|----------|--------------------------------------------------------------|---------|---------|---------|
|   write  |                   write_ln978_write_fu_142                   |    0    |    0    |    0    |
|----------|--------------------------------------------------------------|---------|---------|---------|
|   Total  |                                                              |  3.6532 |    73   |   190   |
|----------|--------------------------------------------------------------|---------|---------|---------|

Memories:
N/A

* Register list:
+------------------------------+--------+
|                              |   FF   |
+------------------------------+--------+
|       and_ln979_reg_330      |    1   |
|colorFormat_val17_read_reg_289|    8   |
|         cols_reg_304         |   13   |
|    counter_loc_0_i_reg_277   |   16   |
|         empty_reg_149        |    1   |
|   fid_in_val9_read_reg_294   |    1   |
|  field_id_val8_read_reg_299  |   16   |
|           i_reg_270          |   12   |
|      icmp_ln979_reg_322      |    1   |
|      p_phi_i_loc_reg_283     |    1   |
|         rows_reg_309         |   12   |
|          sof_reg_159         |    1   |
|         sub_i_reg_317        |   13   |
+------------------------------+--------+
|             Total            |   96   |
+------------------------------+--------+

* Multiplexer (MUX) list: 
|-------------|------|------|------|--------||---------||---------|
|     Comp    |  Pin | Size |  BW  | S x BW ||  Delay  ||   LUT   |
|-------------|------|------|------|--------||---------||---------|
| sof_reg_159 |  p0  |   2  |   1  |    2   ||    9    |
|-------------|------|------|------|--------||---------||---------|
|    Total    |      |      |      |    2   ||  1.588  ||    9    |
|-------------|------|------|------|--------||---------||---------|



* Summary:
+-----------+--------+--------+--------+
|           |  Delay |   FF   |   LUT  |
+-----------+--------+--------+--------+
|  Function |    3   |   73   |   190  |
|   Memory  |    -   |    -   |    -   |
|Multiplexer|    1   |    -   |    9   |
|  Register |    -   |   96   |    -   |
+-----------+--------+--------+--------+
|   Total   |    5   |   169  |   199  |
+-----------+--------+--------+--------+
