

================================================================
== Vitis HLS Report for 'MultiPixStream2AXIvideo'
================================================================
* Date:           Thu Nov 23 12:36:15 2023

* Version:        2023.2 (Build 4023990 on Oct 11 2023)
* Project:        prj
* Solution:       sol (Vivado IP Flow Target)
* Product family: zynq
* Target device:  xc7z010-clg400-1


================================================================
== Performance Estimates
================================================================
+ Timing: 
    * Summary: 
    +--------+---------+----------+------------+
    |  Clock |  Target | Estimated| Uncertainty|
    +--------+---------+----------+------------+
    |ap_clk  |  9.26 ns|  5.628 ns|     2.50 ns|
    +--------+---------+----------+------------+

+ Latency: 
    * Summary: 
    +---------+---------+----------+-----------+-----+---------+---------+
    |  Latency (cycles) |  Latency (absolute)  |    Interval   | Pipeline|
    |   min   |   max   |    min   |    max    | min |   max   |   Type  |
    +---------+---------+----------+-----------+-----+---------+---------+
    |        1|  8860321|  9.259 ns|  82.038 ms|    1|  8860321|       no|
    +---------+---------+----------+-----------+-----+---------+---------+

    + Detail: 
        * Instance: 
        +--------------------------------------------------------------+---------------------------------------------------+---------+---------+-----------+-----------+-----+------+---------+
        |                                                              |                                                   |  Latency (cycles) |   Latency (absolute)  |  Interval  | Pipeline|
        |                           Instance                           |                       Module                      |   min   |   max   |    min    |    max    | min |  max |   Type  |
        +--------------------------------------------------------------+---------------------------------------------------+---------+---------+-----------+-----------+-----+------+---------+
        |grp_MultiPixStream2AXIvideo_Pipeline_VITIS_LOOP_981_2_fu_171  |MultiPixStream2AXIvideo_Pipeline_VITIS_LOOP_981_2  |        3|     4099|  27.777 ns|  37.953 us|    3|  4099|       no|
        +--------------------------------------------------------------+---------------------------------------------------+---------+---------+-----------+-----------+-----+------+---------+

        * Loop: 
        +--------------------+---------+---------+----------+-----------+-----------+----------+----------+
        |                    |  Latency (cycles) | Iteration|  Initiation Interval  |   Trip   |          |
        |      Loop Name     |   min   |   max   |  Latency |  achieved |   target  |   Count  | Pipelined|
        +--------------------+---------+---------+----------+-----------+-----------+----------+----------+
        |- VITIS_LOOP_979_1  |        0|  8860320|  6 ~ 4102|          -|          -|  0 ~ 2160|        no|
        +--------------------+---------+---------+----------+-----------+-----------+----------+----------+



================================================================
== Utilization Estimates
================================================================
* Summary: 
+-----------------+---------+----+-------+-------+-----+
|       Name      | BRAM_18K| DSP|   FF  |  LUT  | URAM|
+-----------------+---------+----+-------+-------+-----+
|DSP              |        -|   -|      -|      -|    -|
|Expression       |        -|   -|      0|     58|    -|
|FIFO             |        -|   -|      -|      -|    -|
|Instance         |        -|   -|     39|    303|    -|
|Memory           |        -|   -|      -|      -|    -|
|Multiplexer      |        -|   -|      -|    152|    -|
|Register         |        -|   -|    120|      -|    -|
+-----------------+---------+----+-------+-------+-----+
|Total            |        0|   0|    159|    513|    0|
+-----------------+---------+----+-------+-------+-----+
|Available        |      120|  80|  35200|  17600|    0|
+-----------------+---------+----+-------+-------+-----+
|Utilization (%)  |        0|   0|     ~0|      2|    0|
+-----------------+---------+----+-------+-------+-----+

+ Detail: 
    * Instance: 
    +--------------------------------------------------------------+---------------------------------------------------+---------+----+----+-----+-----+
    |                           Instance                           |                       Module                      | BRAM_18K| DSP| FF | LUT | URAM|
    +--------------------------------------------------------------+---------------------------------------------------+---------+----+----+-----+-----+
    |grp_MultiPixStream2AXIvideo_Pipeline_VITIS_LOOP_981_2_fu_171  |MultiPixStream2AXIvideo_Pipeline_VITIS_LOOP_981_2  |        0|   0|  39|  303|    0|
    +--------------------------------------------------------------+---------------------------------------------------+---------+----+----+-----+-----+
    |Total                                                         |                                                   |        0|   0|  39|  303|    0|
    +--------------------------------------------------------------+---------------------------------------------------+---------+----+----+-----+-----+

    * DSP: 
    N/A

    * Memory: 
    N/A

    * FIFO: 
    N/A

    * Expression: 
    +----------------------------------------------------------------------------------+----------+----+---+----+------------+------------+
    |                                   Variable Name                                  | Operation| DSP| FF| LUT| Bitwidth P0| Bitwidth P1|
    +----------------------------------------------------------------------------------+----------+----+---+----+------------+------------+
    |i_2_fu_245_p2                                                                     |         +|   0|  0|  12|          12|           1|
    |sub_i_fu_211_p2                                                                   |         +|   0|  0|  14|          13|           2|
    |and_ln979_fu_251_p2                                                               |       and|   0|  0|   2|           1|           1|
    |grp_MultiPixStream2AXIvideo_Pipeline_VITIS_LOOP_981_2_fu_171_m_axis_video_TREADY  |       and|   0|  0|   2|           1|           1|
    |icmp_ln979_1_fu_240_p2                                                            |      icmp|   0|  0|  12|          12|          12|
    |icmp_ln979_fu_217_p2                                                              |      icmp|   0|  0|  14|          13|           1|
    |ap_block_state1                                                                   |        or|   0|  0|   2|           1|           1|
    +----------------------------------------------------------------------------------+----------+----+---+----+------------+------------+
    |Total                                                                             |          |   0|  0|  58|          53|          19|
    +----------------------------------------------------------------------------------+----------+----+---+----+------------+------------+

    * Multiplexer: 
    +-------------------------+----+-----------+-----+-----------+
    |           Name          | LUT| Input Size| Bits| Total Bits|
    +-------------------------+----+-----------+-----+-----------+
    |ap_NS_fsm                |  25|          5|    1|          5|
    |ap_done                  |   9|          2|    1|          2|
    |colorFormat_val17_blk_n  |   9|          2|    1|          2|
    |counter_loc_0_i_fu_104   |   9|          2|   16|         32|
    |empty_reg_149            |   9|          2|    1|          2|
    |fid                      |  14|          3|    1|          3|
    |fid_ap_vld               |  14|          3|    1|          3|
    |fid_in_val9_blk_n        |   9|          2|    1|          2|
    |field_id_val8_blk_n      |   9|          2|    1|          2|
    |height_val4_blk_n        |   9|          2|    1|          2|
    |i_fu_100                 |   9|          2|   12|         24|
    |ovrlayYUV_read           |   9|          2|    1|          2|
    |sof_reg_159              |   9|          2|    1|          2|
    |width_val7_blk_n         |   9|          2|    1|          2|
    +-------------------------+----+-----------+-----+-----------+
    |Total                    | 152|         33|   40|         85|
    +-------------------------+----+-----------+-----+-----------+

    * Register: 
    +---------------------------------------------------------------------------+----+----+-----+-----------+
    |                                    Name                                   | FF | LUT| Bits| Const Bits|
    +---------------------------------------------------------------------------+----+----+-----+-----------+
    |and_ln979_reg_330                                                          |   1|   0|    1|          0|
    |ap_CS_fsm                                                                  |   4|   0|    4|          0|
    |ap_done_reg                                                                |   1|   0|    1|          0|
    |colorFormat_val17_read_reg_289                                             |   8|   0|    8|          0|
    |cols_reg_304                                                               |  13|   0|   13|          0|
    |counter                                                                    |  16|   0|   16|          0|
    |counter_loc_0_i_fu_104                                                     |  16|   0|   16|          0|
    |empty_reg_149                                                              |   1|   0|    1|          0|
    |fidStored                                                                  |   1|   0|    1|          0|
    |fid_in_val9_read_reg_294                                                   |   1|   0|    1|          0|
    |fid_preg                                                                   |   1|   0|    1|          0|
    |field_id_val8_read_reg_299                                                 |  16|   0|   16|          0|
    |grp_MultiPixStream2AXIvideo_Pipeline_VITIS_LOOP_981_2_fu_171_ap_start_reg  |   1|   0|    1|          0|
    |i_fu_100                                                                   |  12|   0|   12|          0|
    |icmp_ln979_reg_322                                                         |   1|   0|    1|          0|
    |p_phi_i_loc_fu_108                                                         |   1|   0|    1|          0|
    |rows_reg_309                                                               |  12|   0|   12|          0|
    |sof_reg_159                                                                |   1|   0|    1|          0|
    |sub_i_reg_317                                                              |  13|   0|   13|          0|
    +---------------------------------------------------------------------------+----+----+-----+-----------+
    |Total                                                                      | 120|   0|  120|          0|
    +---------------------------------------------------------------------------+----+----+-----+-----------+



================================================================
== Interface
================================================================
* Summary: 
+----------------------------------+-----+-----+------------+-------------------------+--------------+
|             RTL Ports            | Dir | Bits|  Protocol  |      Source Object      |    C Type    |
+----------------------------------+-----+-----+------------+-------------------------+--------------+
|ap_clk                            |   in|    1|  ap_ctrl_hs|  MultiPixStream2AXIvideo|  return value|
|ap_rst                            |   in|    1|  ap_ctrl_hs|  MultiPixStream2AXIvideo|  return value|
|ap_start                          |   in|    1|  ap_ctrl_hs|  MultiPixStream2AXIvideo|  return value|
|ap_done                           |  out|    1|  ap_ctrl_hs|  MultiPixStream2AXIvideo|  return value|
|ap_continue                       |   in|    1|  ap_ctrl_hs|  MultiPixStream2AXIvideo|  return value|
|ap_idle                           |  out|    1|  ap_ctrl_hs|  MultiPixStream2AXIvideo|  return value|
|ap_ready                          |  out|    1|  ap_ctrl_hs|  MultiPixStream2AXIvideo|  return value|
|ovrlayYUV_dout                    |   in|   24|     ap_fifo|                ovrlayYUV|       pointer|
|ovrlayYUV_num_data_valid          |   in|    5|     ap_fifo|                ovrlayYUV|       pointer|
|ovrlayYUV_fifo_cap                |   in|    5|     ap_fifo|                ovrlayYUV|       pointer|
|ovrlayYUV_empty_n                 |   in|    1|     ap_fifo|                ovrlayYUV|       pointer|
|ovrlayYUV_read                    |  out|    1|     ap_fifo|                ovrlayYUV|       pointer|
|m_axis_video_TDATA                |  out|   24|        axis|    m_axis_video_V_data_V|       pointer|
|m_axis_video_TVALID               |  out|    1|        axis|    m_axis_video_V_dest_V|       pointer|
|m_axis_video_TREADY               |   in|    1|        axis|    m_axis_video_V_dest_V|       pointer|
|m_axis_video_TDEST                |  out|    1|        axis|    m_axis_video_V_dest_V|       pointer|
|m_axis_video_TKEEP                |  out|    3|        axis|    m_axis_video_V_keep_V|       pointer|
|m_axis_video_TSTRB                |  out|    3|        axis|    m_axis_video_V_strb_V|       pointer|
|m_axis_video_TUSER                |  out|    1|        axis|    m_axis_video_V_user_V|       pointer|
|m_axis_video_TLAST                |  out|    1|        axis|    m_axis_video_V_last_V|       pointer|
|m_axis_video_TID                  |  out|    1|        axis|      m_axis_video_V_id_V|       pointer|
|height_val4_dout                  |   in|   12|     ap_fifo|              height_val4|       pointer|
|height_val4_num_data_valid        |   in|    3|     ap_fifo|              height_val4|       pointer|
|height_val4_fifo_cap              |   in|    3|     ap_fifo|              height_val4|       pointer|
|height_val4_empty_n               |   in|    1|     ap_fifo|              height_val4|       pointer|
|height_val4_read                  |  out|    1|     ap_fifo|              height_val4|       pointer|
|width_val7_dout                   |   in|   13|     ap_fifo|               width_val7|       pointer|
|width_val7_num_data_valid         |   in|    3|     ap_fifo|               width_val7|       pointer|
|width_val7_fifo_cap               |   in|    3|     ap_fifo|               width_val7|       pointer|
|width_val7_empty_n                |   in|    1|     ap_fifo|               width_val7|       pointer|
|width_val7_read                   |  out|    1|     ap_fifo|               width_val7|       pointer|
|colorFormat_val17_dout            |   in|    8|     ap_fifo|        colorFormat_val17|       pointer|
|colorFormat_val17_num_data_valid  |   in|    3|     ap_fifo|        colorFormat_val17|       pointer|
|colorFormat_val17_fifo_cap        |   in|    3|     ap_fifo|        colorFormat_val17|       pointer|
|colorFormat_val17_empty_n         |   in|    1|     ap_fifo|        colorFormat_val17|       pointer|
|colorFormat_val17_read            |  out|    1|     ap_fifo|        colorFormat_val17|       pointer|
|fid_in_val9_dout                  |   in|    1|     ap_fifo|              fid_in_val9|       pointer|
|fid_in_val9_num_data_valid        |   in|    3|     ap_fifo|              fid_in_val9|       pointer|
|fid_in_val9_fifo_cap              |   in|    3|     ap_fifo|              fid_in_val9|       pointer|
|fid_in_val9_empty_n               |   in|    1|     ap_fifo|              fid_in_val9|       pointer|
|fid_in_val9_read                  |  out|    1|     ap_fifo|              fid_in_val9|       pointer|
|fid                               |  out|    1|      ap_vld|                      fid|       pointer|
|fid_ap_vld                        |  out|    1|      ap_vld|                      fid|       pointer|
|field_id_val8_dout                |   in|   16|     ap_fifo|            field_id_val8|       pointer|
|field_id_val8_num_data_valid      |   in|    3|     ap_fifo|            field_id_val8|       pointer|
|field_id_val8_fifo_cap            |   in|    3|     ap_fifo|            field_id_val8|       pointer|
|field_id_val8_empty_n             |   in|    1|     ap_fifo|            field_id_val8|       pointer|
|field_id_val8_read                |  out|    1|     ap_fifo|            field_id_val8|       pointer|
+----------------------------------+-----+-----+------------+-------------------------+--------------+

