

================================================================
== Vitis HLS Report for 'v_tpg'
================================================================
* Date:           Thu Nov 23 12:36:16 2023

* Version:        2023.2 (Build 4023990 on Oct 11 2023)
* Project:        prj
* Solution:       sol (Vivado IP Flow Target)
* Product family: zynq
* Target device:  xc7z010-clg400-1


================================================================
== Performance Estimates
================================================================
+ Timing: 
    * Summary: 
    +--------+---------+----------+------------+
    |  Clock |  Target | Estimated| Uncertainty|
    +--------+---------+----------+------------+
    |ap_clk  |  9.26 ns|  7.728 ns|     2.50 ns|
    +--------+---------+----------+------------+

+ Latency: 
    * Summary: 
    +---------+------------+----------+------------+-----+------------+---------+
    |   Latency (cycles)   |   Latency (absolute)  |     Interval     | Pipeline|
    |   min   |     max    |    min   |     max    | min |     max    |   Type  |
    +---------+------------+----------+------------+-----+------------+---------+
    |       30|  4296605675|  0.278 us|  39.782 sec|   31|  4296605676|       no|
    +---------+------------+----------+------------+-----+------------+---------+

    + Detail: 
        * Instance: 
        +---------------------------------+----------------------+---------+------------+----------+------------+-----+------------+----------+
        |                                 |                      |   Latency (cycles)   |   Latency (absolute)  |     Interval     | Pipeline |
        |             Instance            |        Module        |   min   |     max    |    min   |     max    | min |     max    |   Type   |
        +---------------------------------+----------------------+---------+------------+----------+------------+-----+------------+----------+
        |grp_v_tpgHlsDataFlow_fu_443      |v_tpgHlsDataFlow      |       26|  4296605671|  0.241 us|  39.782 sec|    2|  4296605672|  dataflow|
        |grp_reg_unsigned_short_s_fu_640  |reg_unsigned_short_s  |        1|           1|  9.259 ns|    9.259 ns|    1|           1|       yes|
        +---------------------------------+----------------------+---------+------------+----------+------------+-----+------------+----------+

        * Loop: 
        N/A



================================================================
== Utilization Estimates
================================================================
* Summary: 
+-----------------+---------+----+-------+-------+-----+
|       Name      | BRAM_18K| DSP|   FF  |  LUT  | URAM|
+-----------------+---------+----+-------+-------+-----+
|DSP              |        -|   -|      -|      -|    -|
|Expression       |        -|   -|      0|    214|    -|
|FIFO             |        -|   -|      -|      -|    -|
|Instance         |       13|  13|   7510|   8843|    -|
|Memory           |        -|   -|      -|      -|    -|
|Multiplexer      |        -|   -|      -|     40|    -|
|Register         |        -|   -|    345|      -|    -|
+-----------------+---------+----+-------+-------+-----+
|Total            |       13|  13|   7855|   9097|    0|
+-----------------+---------+----+-------+-------+-----+
|Available        |      120|  80|  35200|  17600|    0|
+-----------------+---------+----+-------+-------+-----+
|Utilization (%)  |       10|  16|     22|     51|    0|
+-----------------+---------+----+-------+-------+-----+

+ Detail: 
    * Instance: 
    +---------------------------------+----------------------+---------+----+------+------+-----+
    |             Instance            |        Module        | BRAM_18K| DSP|  FF  |  LUT | URAM|
    +---------------------------------+----------------------+---------+----+------+------+-----+
    |CTRL_s_axi_U                     |CTRL_s_axi            |        0|   0|   442|   600|    0|
    |grp_reg_unsigned_short_s_fu_640  |reg_unsigned_short_s  |        0|   0|    16|     0|    0|
    |grp_v_tpgHlsDataFlow_fu_443      |v_tpgHlsDataFlow      |       13|  13|  7052|  8243|    0|
    +---------------------------------+----------------------+---------+----+------+------+-----+
    |Total                            |                      |       13|  13|  7510|  8843|    0|
    +---------------------------------+----------------------+---------+----+------+------+-----+

    * DSP: 
    N/A

    * Memory: 
    N/A

    * FIFO: 
    N/A

    * Expression: 
    +-------------------------------------------------+----------+----+---+----+------------+------------+
    |                  Variable Name                  | Operation| DSP| FF| LUT| Bitwidth P0| Bitwidth P1|
    +-------------------------------------------------+----------+----+---+----+------------+------------+
    |add_ln502_fu_656_p2                              |         +|   0|  0|  39|          32|           1|
    |add_ln507_fu_688_p2                              |         +|   0|  0|  39|          32|           1|
    |grp_v_tpgHlsDataFlow_fu_443_m_axis_video_TREADY  |       and|   0|  0|   2|           1|           1|
    |icmp_ln500_fu_646_p2                             |      icmp|   0|  0|  23|          16|           1|
    |icmp_ln503_fu_662_p2                             |      icmp|   0|  0|  39|          32|           4|
    |icmp_ln505_fu_682_p2                             |      icmp|   0|  0|  36|          29|           1|
    |ap_sync_grp_v_tpgHlsDataFlow_fu_443_ap_done      |        or|   0|  0|   2|           1|           1|
    |ap_sync_grp_v_tpgHlsDataFlow_fu_443_ap_ready     |        or|   0|  0|   2|           1|           1|
    |select_ln505_fu_694_p3                           |    select|   0|  0|  32|           1|          32|
    +-------------------------------------------------+----------+----+---+----+------------+------------+
    |Total                                            |          |   0|  0| 214|         145|          43|
    +-------------------------------------------------+----------+----+---+----+------------+------------+

    * Multiplexer: 
    +---------------------+----+-----------+-----+-----------+
    |         Name        | LUT| Input Size| Bits| Total Bits|
    +---------------------+----+-----------+-----+-----------+
    |ap_NS_fsm            |  31|          6|    1|          6|
    |count_new_0_reg_432  |   9|          2|   32|         64|
    +---------------------+----+-----------+-----+-----------+
    |Total                |  40|          8|   33|         70|
    +---------------------+----+-----------+-----+-----------+

    * Register: 
    +--------------------------------------------------+----+----+-----+-----------+
    |                       Name                       | FF | LUT| Bits| Const Bits|
    +--------------------------------------------------+----+----+-----+-----------+
    |ZplateHorContDelta_read_reg_801                   |  16|   0|   16|          0|
    |ZplateHorContStart_read_reg_796                   |  16|   0|   16|          0|
    |ZplateVerContDelta_read_reg_811                   |  16|   0|   16|          0|
    |ZplateVerContStart_read_reg_806                   |  16|   0|   16|          0|
    |ap_CS_fsm                                         |   5|   0|    5|          0|
    |ap_sync_reg_grp_v_tpgHlsDataFlow_fu_443_ap_done   |   1|   0|    1|          0|
    |ap_sync_reg_grp_v_tpgHlsDataFlow_fu_443_ap_ready  |   1|   0|    1|          0|
    |bckgndId_read_reg_761                             |   8|   0|    8|          0|
    |boxSize_read_reg_816                              |  16|   0|   16|          0|
    |colorFormat_read_reg_781                          |   8|   0|    8|          0|
    |count                                             |  32|   0|   32|          0|
    |count_new_0_reg_432                               |  32|   0|   32|          0|
    |crossHairX_read_reg_786                           |  16|   0|   16|          0|
    |crossHairY_read_reg_791                           |  16|   0|   16|          0|
    |dpDynamicRange_read_reg_836                       |   8|   0|    8|          0|
    |dpYUVCoef_read_reg_841                            |   8|   0|    8|          0|
    |empty_84_reg_826                                  |   8|   0|    8|          0|
    |empty_85_reg_831                                  |   8|   0|    8|          0|
    |empty_reg_821                                     |   8|   0|    8|          0|
    |field_id_read_reg_751                             |  16|   0|   16|          0|
    |grp_v_tpgHlsDataFlow_fu_443_ap_start_reg          |   1|   0|    1|          0|
    |height_read_reg_741                               |  16|   0|   16|          0|
    |icmp_ln500_reg_729                                |   1|   0|    1|          0|
    |maskId_read_reg_771                               |   8|   0|    8|          0|
    |motionSpeed_read_reg_776                          |   8|   0|    8|          0|
    |ovrlayId_read_reg_766                             |   8|   0|    8|          0|
    |s                                                 |  32|   0|   32|          0|
    |width_read_reg_746                                |  16|   0|   16|          0|
    +--------------------------------------------------+----+----+-----+-----------+
    |Total                                             | 345|   0|  345|          0|
    +--------------------------------------------------+----+----+-----+-----------+



================================================================
== Interface
================================================================
* Summary: 
+---------------------+-----+-----+------------+-----------------------+--------------+
|      RTL Ports      | Dir | Bits|  Protocol  |     Source Object     |    C Type    |
+---------------------+-----+-----+------------+-----------------------+--------------+
|s_axi_CTRL_AWVALID   |   in|    1|       s_axi|                   CTRL|       pointer|
|s_axi_CTRL_AWREADY   |  out|    1|       s_axi|                   CTRL|       pointer|
|s_axi_CTRL_AWADDR    |   in|    8|       s_axi|                   CTRL|       pointer|
|s_axi_CTRL_WVALID    |   in|    1|       s_axi|                   CTRL|       pointer|
|s_axi_CTRL_WREADY    |  out|    1|       s_axi|                   CTRL|       pointer|
|s_axi_CTRL_WDATA     |   in|   32|       s_axi|                   CTRL|       pointer|
|s_axi_CTRL_WSTRB     |   in|    4|       s_axi|                   CTRL|       pointer|
|s_axi_CTRL_ARVALID   |   in|    1|       s_axi|                   CTRL|       pointer|
|s_axi_CTRL_ARREADY   |  out|    1|       s_axi|                   CTRL|       pointer|
|s_axi_CTRL_ARADDR    |   in|    8|       s_axi|                   CTRL|       pointer|
|s_axi_CTRL_RVALID    |  out|    1|       s_axi|                   CTRL|       pointer|
|s_axi_CTRL_RREADY    |   in|    1|       s_axi|                   CTRL|       pointer|
|s_axi_CTRL_RDATA     |  out|   32|       s_axi|                   CTRL|       pointer|
|s_axi_CTRL_RRESP     |  out|    2|       s_axi|                   CTRL|       pointer|
|s_axi_CTRL_BVALID    |  out|    1|       s_axi|                   CTRL|       pointer|
|s_axi_CTRL_BREADY    |   in|    1|       s_axi|                   CTRL|       pointer|
|s_axi_CTRL_BRESP     |  out|    2|       s_axi|                   CTRL|       pointer|
|ap_clk               |   in|    1|  ap_ctrl_hs|                  v_tpg|  return value|
|ap_rst_n             |   in|    1|  ap_ctrl_hs|                  v_tpg|  return value|
|interrupt            |  out|    1|  ap_ctrl_hs|                  v_tpg|  return value|
|fid_in               |   in|    1|     ap_none|                 fid_in|       pointer|
|m_axis_video_TDATA   |  out|   24|        axis|  m_axis_video_V_data_V|       pointer|
|m_axis_video_TVALID  |  out|    1|        axis|  m_axis_video_V_dest_V|       pointer|
|m_axis_video_TREADY  |   in|    1|        axis|  m_axis_video_V_dest_V|       pointer|
|m_axis_video_TDEST   |  out|    1|        axis|  m_axis_video_V_dest_V|       pointer|
|m_axis_video_TKEEP   |  out|    3|        axis|  m_axis_video_V_keep_V|       pointer|
|m_axis_video_TSTRB   |  out|    3|        axis|  m_axis_video_V_strb_V|       pointer|
|m_axis_video_TUSER   |  out|    1|        axis|  m_axis_video_V_user_V|       pointer|
|m_axis_video_TLAST   |  out|    1|        axis|  m_axis_video_V_last_V|       pointer|
|m_axis_video_TID     |  out|    1|        axis|    m_axis_video_V_id_V|       pointer|
|fid                  |  out|    1|     ap_none|                    fid|       pointer|
+---------------------+-----+-----+------------+-----------------------+--------------+

